TpTrace Verbose: 0 : 24848, 1, 2025/04/27, 23:36:43.544, 6275103877643, vstest.console.dll, Version: 17.13.0-release-25073-05 Current process architecture: X64
TpTrace Verbose: 0 : 24848, 1, 2025/04/27, 23:36:43.547, 6275103904330, vstest.console.dll, Runtime location: C:\Program Files\dotnet\shared\Microsoft.NETCore.App\9.0.3
TpTrace Information: 0 : 24848, 1, 2025/04/27, 23:36:43.549, 6275103927549, vstest.console.dll, Using .Net Framework version:.NETCoreApp,Version=v8.0
TpTrace Verbose: 0 : 24848, 1, 2025/04/27, 23:36:43.549, 6275103928354, vstest.console.dll, ArtifactProcessingPostProcessModeProcessorExecutor.Initialize: ArtifactProcessingMode.Collect
TpTrace Verbose: 0 : 24848, 1, 2025/04/27, 23:36:43.550, 6275103928761, vstest.console.dll, TestSessionCorrelationIdProcessorModeProcessorExecutor.Initialize: TestSessionCorrelationId '29456_514de4ea-2460-4d67-8175-7ca322e63721'
TpTrace Information: 0 : 24848, 1, 2025/04/27, 23:36:43.552, 6275103951201, vstest.console.dll, FilePatternParser: The given file C:\Users\meist\Source\Repos\ems-back\ems-back.Tests\bin\Debug\net8.0\ems-back.Tests.dll is a full path.
TpTrace Verbose: 0 : 24848, 1, 2025/04/27, 23:36:43.559, 6275104018910, vstest.console.dll, TestPluginCache.DiscoverTestExtensions: finding test extensions in assemblies ends with: RuntimeProvider.dll TPluginInfo: Microsoft.VisualStudio.TestPlatform.Common.ExtensionFramework.Utilities.TestRuntimePluginInformation TExtension: Microsoft.VisualStudio.TestPlatform.ObjectModel.Host.ITestRuntimeProvider
TpTrace Verbose: 0 : 24848, 1, 2025/04/27, 23:36:43.559, 6275104021251, vstest.console.dll, TestPluginCache.GetExtensionPaths: Filtered extension paths: 
TpTrace Verbose: 0 : 24848, 1, 2025/04/27, 23:36:43.559, 6275104021782, vstest.console.dll, TestPluginCache.GetExtensionPaths: Added default extension paths: C:\Program Files\dotnet\sdk\9.0.201\Extensions\Microsoft.Diagnostics.NETCore.Client.dll
C:\Program Files\dotnet\sdk\9.0.201\Extensions\Microsoft.TestPlatform.Extensions.BlameDataCollector.dll
C:\Program Files\dotnet\sdk\9.0.201\Extensions\Microsoft.TestPlatform.Extensions.EventLogCollector.dll
C:\Program Files\dotnet\sdk\9.0.201\Extensions\Microsoft.TestPlatform.TestHostRuntimeProvider.dll
C:\Program Files\dotnet\sdk\9.0.201\Extensions\Microsoft.VisualStudio.TestPlatform.Extensions.Html.TestLogger.dll
C:\Program Files\dotnet\sdk\9.0.201\Extensions\Microsoft.VisualStudio.TestPlatform.Extensions.Trx.TestLogger.dll
TpTrace Verbose: 0 : 24848, 1, 2025/04/27, 23:36:43.559, 6275104021931, vstest.console.dll, TestPluginCache.GetExtensionPaths: Added unfilterableExtensionPaths: 
TpTrace Information: 0 : 24848, 1, 2025/04/27, 23:36:43.559, 6275104025483, vstest.console.dll, AssemblyResolver.ctor: Creating AssemblyResolver with searchDirectories C:\Program Files\dotnet\sdk\9.0.201\Extensions,C:\Program Files\dotnet\sdk\9.0.201
TpTrace Verbose: 0 : 24848, 1, 2025/04/27, 23:36:43.560, 6275104034204, vstest.console.dll, TestPluginCache.DiscoverTestExtensions: Discovering the extensions using extension path.
TpTrace Verbose: 0 : 24848, 1, 2025/04/27, 23:36:43.560, 6275104035047, vstest.console.dll, TestPluginCache.GetExtensionPaths: Filtered extension paths: 
TpTrace Verbose: 0 : 24848, 1, 2025/04/27, 23:36:43.560, 6275104035239, vstest.console.dll, TestPluginCache.GetExtensionPaths: Added default extension paths: C:\Program Files\dotnet\sdk\9.0.201\Extensions\Microsoft.Diagnostics.NETCore.Client.dll
C:\Program Files\dotnet\sdk\9.0.201\Extensions\Microsoft.TestPlatform.Extensions.BlameDataCollector.dll
C:\Program Files\dotnet\sdk\9.0.201\Extensions\Microsoft.TestPlatform.Extensions.EventLogCollector.dll
C:\Program Files\dotnet\sdk\9.0.201\Extensions\Microsoft.TestPlatform.TestHostRuntimeProvider.dll
C:\Program Files\dotnet\sdk\9.0.201\Extensions\Microsoft.VisualStudio.TestPlatform.Extensions.Html.TestLogger.dll
C:\Program Files\dotnet\sdk\9.0.201\Extensions\Microsoft.VisualStudio.TestPlatform.Extensions.Trx.TestLogger.dll
TpTrace Verbose: 0 : 24848, 1, 2025/04/27, 23:36:43.560, 6275104035401, vstest.console.dll, TestPluginCache.GetExtensionPaths: Added unfilterableExtensionPaths: 
TpTrace Verbose: 0 : 24848, 1, 2025/04/27, 23:36:43.560, 6275104036002, vstest.console.dll, TestPluginCache.DiscoverTestExtensions: Discovering the extensions using allExtensionPaths: C:\Program Files\dotnet\sdk\9.0.201\Extensions\Microsoft.Diagnostics.NETCore.Client.dll
C:\Program Files\dotnet\sdk\9.0.201\Extensions\Microsoft.TestPlatform.Extensions.BlameDataCollector.dll
C:\Program Files\dotnet\sdk\9.0.201\Extensions\Microsoft.TestPlatform.Extensions.EventLogCollector.dll
C:\Program Files\dotnet\sdk\9.0.201\Extensions\Microsoft.TestPlatform.TestHostRuntimeProvider.dll
C:\Program Files\dotnet\sdk\9.0.201\Extensions\Microsoft.VisualStudio.TestPlatform.Extensions.Html.TestLogger.dll
C:\Program Files\dotnet\sdk\9.0.201\Extensions\Microsoft.VisualStudio.TestPlatform.Extensions.Trx.TestLogger.dll
TpTrace Information: 0 : 24848, 1, 2025/04/27, 23:36:43.560, 6275104036553, vstest.console.dll, AssemblyResolver.AddSearchDirectories: Adding more searchDirectories C:\Program Files\dotnet\sdk\9.0.201\Extensions,C:\Program Files\dotnet\sdk\9.0.201
TpTrace Information: 0 : 24848, 1, 2025/04/27, 23:36:43.560, 6275104036741, vstest.console.dll, AssemblyResolver.AddSearchDirectories: Adding more searchDirectories C:\Program Files\dotnet\sdk\9.0.201\Extensions,C:\Program Files\dotnet\sdk\9.0.201
TpTrace Information: 0 : 24848, 1, 2025/04/27, 23:36:43.560, 6275104036898, vstest.console.dll, AssemblyResolver.AddSearchDirectories: Adding more searchDirectories C:\Program Files\dotnet\sdk\9.0.201\Extensions,C:\Program Files\dotnet\sdk\9.0.201
TpTrace Information: 0 : 24848, 1, 2025/04/27, 23:36:43.560, 6275104037015, vstest.console.dll, AssemblyResolver.AddSearchDirectories: Adding more searchDirectories C:\Program Files\dotnet\sdk\9.0.201\Extensions,C:\Program Files\dotnet\sdk\9.0.201
TpTrace Information: 0 : 24848, 1, 2025/04/27, 23:36:43.560, 6275104037130, vstest.console.dll, AssemblyResolver.AddSearchDirectories: Adding more searchDirectories C:\Program Files\dotnet\sdk\9.0.201\Extensions,C:\Program Files\dotnet\sdk\9.0.201
TpTrace Information: 0 : 24848, 1, 2025/04/27, 23:36:43.560, 6275104037242, vstest.console.dll, AssemblyResolver.AddSearchDirectories: Adding more searchDirectories C:\Program Files\dotnet\sdk\9.0.201\Extensions,C:\Program Files\dotnet\sdk\9.0.201
TpTrace Information: 0 : 24848, 1, 2025/04/27, 23:36:43.561, 6275104040223, vstest.console.dll, AssemblyResolver.OnResolve: Microsoft.Diagnostics.NETCore.Client: Resolving assembly.
TpTrace Information: 0 : 24848, 1, 2025/04/27, 23:36:43.561, 6275104040696, vstest.console.dll, AssemblyResolver.OnResolve: Microsoft.Diagnostics.NETCore.Client: Searching in: 'C:\Program Files\dotnet\sdk\9.0.201\Extensions'.
TpTrace Information: 0 : 24848, 1, 2025/04/27, 23:36:43.570, 6275104128956, vstest.console.dll, AssemblyResolver.OnResolve: Microsoft.Diagnostics.NETCore.Client: Loading assembly 'C:\Program Files\dotnet\sdk\9.0.201\Extensions\Microsoft.Diagnostics.NETCore.Client.dll'.
TpTrace Information: 0 : 24848, 1, 2025/04/27, 23:36:43.570, 6275104134735, vstest.console.dll, AssemblyResolver.OnResolve: Resolved assembly: Microsoft.Diagnostics.NETCore.Client, from path: C:\Program Files\dotnet\sdk\9.0.201\Extensions\Microsoft.Diagnostics.NETCore.Client.dll
TpTrace Verbose: 0 : 24848, 1, 2025/04/27, 23:36:43.571, 6275104141189, vstest.console.dll, MetadataReaderExtensionsHelper: Discovering extensions inside assembly 'Microsoft.Diagnostics.NETCore.Client, Version=0.2.11.6601, Culture=neutral, PublicKeyToken=31bf3856ad364e35' file path 'C:\Program Files\dotnet\sdk\9.0.201\Extensions\Microsoft.Diagnostics.NETCore.Client.dll'
TpTrace Information: 0 : 24848, 1, 2025/04/27, 23:36:43.574, 6275104169155, vstest.console.dll, AssemblyResolver.OnResolve: Microsoft.Bcl.AsyncInterfaces: Resolving assembly.
TpTrace Information: 0 : 24848, 1, 2025/04/27, 23:36:43.574, 6275104169815, vstest.console.dll, AssemblyResolver.OnResolve: Microsoft.Bcl.AsyncInterfaces: Searching in: 'C:\Program Files\dotnet\sdk\9.0.201\Extensions'.
TpTrace Information: 0 : 24848, 1, 2025/04/27, 23:36:43.574, 6275104170575, vstest.console.dll, AssemblyResolver.OnResolve: Microsoft.Bcl.AsyncInterfaces: Assembly path does not exist: 'C:\Program Files\dotnet\sdk\9.0.201\Extensions\Microsoft.Bcl.AsyncInterfaces.dll', returning.
TpTrace Information: 0 : 24848, 1, 2025/04/27, 23:36:43.574, 6275104170852, vstest.console.dll, AssemblyResolver.OnResolve: Microsoft.Bcl.AsyncInterfaces: Assembly path does not exist: 'C:\Program Files\dotnet\sdk\9.0.201\Extensions\Microsoft.Bcl.AsyncInterfaces.exe', returning.
TpTrace Information: 0 : 24848, 1, 2025/04/27, 23:36:43.574, 6275104170971, vstest.console.dll, AssemblyResolver.OnResolve: Microsoft.Bcl.AsyncInterfaces: Searching in: 'C:\Program Files\dotnet\sdk\9.0.201'.
TpTrace Information: 0 : 24848, 1, 2025/04/27, 23:36:43.574, 6275104171490, vstest.console.dll, AssemblyResolver.OnResolve: Microsoft.Bcl.AsyncInterfaces: Assembly path does not exist: 'C:\Program Files\dotnet\sdk\9.0.201\Microsoft.Bcl.AsyncInterfaces.dll', returning.
TpTrace Information: 0 : 24848, 1, 2025/04/27, 23:36:43.574, 6275104171725, vstest.console.dll, AssemblyResolver.OnResolve: Microsoft.Bcl.AsyncInterfaces: Assembly path does not exist: 'C:\Program Files\dotnet\sdk\9.0.201\Microsoft.Bcl.AsyncInterfaces.exe', returning.
TpTrace Information: 0 : 24848, 1, 2025/04/27, 23:36:43.574, 6275104171838, vstest.console.dll, AssemblyResolver.OnResolve: Microsoft.Bcl.AsyncInterfaces: Failed to load assembly.
TpTrace Verbose: 0 : 24848, 1, 2025/04/27, 23:36:43.574, 6275104172014, vstest.console.dll, CurrentDomainAssemblyResolve: Resolving assembly 'Microsoft.Bcl.AsyncInterfaces'.
TpTrace Information: 0 : 24848, 1, 2025/04/27, 23:36:43.574, 6275104172314, vstest.console.dll, AssemblyResolver.OnResolve: Microsoft.Bcl.AsyncInterfaces: Resolving assembly.
TpTrace Information: 0 : 24848, 1, 2025/04/27, 23:36:43.574, 6275104172522, vstest.console.dll, AssemblyResolver.OnResolve: Microsoft.Bcl.AsyncInterfaces: Resolved from cache.
TpTrace Verbose: 0 : 24848, 1, 2025/04/27, 23:36:43.574, 6275104172632, vstest.console.dll, CurrentDomainAssemblyResolve: Resolving assembly 'Microsoft.Bcl.AsyncInterfaces'.
TpTrace Verbose: 0 : 24848, 1, 2025/04/27, 23:36:43.574, 6275104172788, vstest.console.dll, CurrentDomainAssemblyResolve: Failed to resolve assembly 'Microsoft.Bcl.AsyncInterfaces'.
TpTrace Verbose: 0 : 24848, 1, 2025/04/27, 23:36:43.575, 6275104180020, vstest.console.dll, CurrentDomainAssemblyResolve: Failed to resolve assembly 'Microsoft.Bcl.AsyncInterfaces'.
TpTrace Warning: 0 : 24848, 1, 2025/04/27, 23:36:43.581, 6275104246823, vstest.console.dll, TestPluginDiscoverer: Failed to get types from assembly 'Microsoft.Diagnostics.NETCore.Client, Version=0.2.11.6601, Culture=neutral, PublicKeyToken=31bf3856ad364e35'. Error: System.Reflection.ReflectionTypeLoadException: Unable to load one or more of the requested types.
Could not load file or assembly 'Microsoft.Bcl.AsyncInterfaces, Version=6.0.0.0, Culture=neutral, PublicKeyToken=cc7b13ffcd2ddd51'. Das System kann die angegebene Datei nicht finden.
   at System.Reflection.RuntimeModule.GetDefinedTypes()
   at System.Reflection.RuntimeModule.GetTypes()
   at Microsoft.VisualStudio.TestPlatform.Common.ExtensionFramework.TestPluginDiscoverer.GetTestExtensionsFromAssembly[TPluginInfo,TExtension](Assembly assembly, Dictionary`2 pluginInfos, String filePath) in /_/src/Microsoft.TestPlatform.Common/ExtensionFramework/TestPluginDiscoverer.cs:line 159
System.IO.FileNotFoundException: Could not load file or assembly 'Microsoft.Bcl.AsyncInterfaces, Version=6.0.0.0, Culture=neutral, PublicKeyToken=cc7b13ffcd2ddd51'. Das System kann die angegebene Datei nicht finden.
File name: 'Microsoft.Bcl.AsyncInterfaces, Version=6.0.0.0, Culture=neutral, PublicKeyToken=cc7b13ffcd2ddd51'
 ---> System.IO.FileNotFoundException: Could not load file or assembly 'Microsoft.Bcl.AsyncInterfaces, Culture=neutral, PublicKeyToken=null'. Das System kann die angegebene Datei nicht finden.
File name: 'Microsoft.Bcl.AsyncInterfaces, Culture=neutral, PublicKeyToken=null'
   at System.Reflection.RuntimeAssembly.InternalLoad(AssemblyName assemblyName, StackCrawlMark& stackMark, AssemblyLoadContext assemblyLoadContext, RuntimeAssembly requestingAssembly, Boolean throwOnFileNotFound)
   at System.Reflection.Assembly.Load(AssemblyName assemblyRef)
   at Microsoft.VisualStudio.TestPlatform.Common.ExtensionFramework.TestPluginCache.CurrentDomainAssemblyResolve(Object sender, AssemblyResolveEventArgs args) in /_/src/Microsoft.TestPlatform.Common/ExtensionFramework/TestPluginCache.cs:line 514
   at System.Runtime.Loader.AssemblyLoadContext.GetFirstResolvedAssemblyFromResolvingEvent(AssemblyName assemblyName)
   at System.Runtime.Loader.AssemblyLoadContext.ResolveUsingEvent(AssemblyName assemblyName)
   at System.Runtime.Loader.AssemblyLoadContext.ResolveUsingResolvingEvent(IntPtr gchManagedAssemblyLoadContext, AssemblyName assemblyName)
TpTrace Warning: 0 : 24848, 1, 2025/04/27, 23:36:43.582, 6275104248912, vstest.console.dll, LoaderExceptions: System.IO.FileNotFoundException: Could not load file or assembly 'Microsoft.Bcl.AsyncInterfaces, Version=6.0.0.0, Culture=neutral, PublicKeyToken=cc7b13ffcd2ddd51'. Das System kann die angegebene Datei nicht finden.
File name: 'Microsoft.Bcl.AsyncInterfaces, Version=6.0.0.0, Culture=neutral, PublicKeyToken=cc7b13ffcd2ddd51'
 ---> System.IO.FileNotFoundException: Could not load file or assembly 'Microsoft.Bcl.AsyncInterfaces, Culture=neutral, PublicKeyToken=null'. Das System kann die angegebene Datei nicht finden.
File name: 'Microsoft.Bcl.AsyncInterfaces, Culture=neutral, PublicKeyToken=null'
   at System.Reflection.RuntimeAssembly.InternalLoad(AssemblyName assemblyName, StackCrawlMark& stackMark, AssemblyLoadContext assemblyLoadContext, RuntimeAssembly requestingAssembly, Boolean throwOnFileNotFound)
   at System.Reflection.Assembly.Load(AssemblyName assemblyRef)
   at Microsoft.VisualStudio.TestPlatform.Common.ExtensionFramework.TestPluginCache.CurrentDomainAssemblyResolve(Object sender, AssemblyResolveEventArgs args) in /_/src/Microsoft.TestPlatform.Common/ExtensionFramework/TestPluginCache.cs:line 514
   at System.Runtime.Loader.AssemblyLoadContext.GetFirstResolvedAssemblyFromResolvingEvent(AssemblyName assemblyName)
   at System.Runtime.Loader.AssemblyLoadContext.ResolveUsingEvent(AssemblyName assemblyName)
   at System.Runtime.Loader.AssemblyLoadContext.ResolveUsingResolvingEvent(IntPtr gchManagedAssemblyLoadContext, AssemblyName assemblyName)
TpTrace Information: 0 : 24848, 1, 2025/04/27, 23:36:43.582, 6275104249704, vstest.console.dll, AssemblyResolver.OnResolve: Microsoft.TestPlatform.Extensions.BlameDataCollector: Resolving assembly.
TpTrace Information: 0 : 24848, 1, 2025/04/27, 23:36:43.582, 6275104249959, vstest.console.dll, AssemblyResolver.OnResolve: Microsoft.TestPlatform.Extensions.BlameDataCollector: Searching in: 'C:\Program Files\dotnet\sdk\9.0.201\Extensions'.
TpTrace Information: 0 : 24848, 1, 2025/04/27, 23:36:43.582, 6275104257814, vstest.console.dll, AssemblyResolver.OnResolve: Microsoft.TestPlatform.Extensions.BlameDataCollector: Loading assembly 'C:\Program Files\dotnet\sdk\9.0.201\Extensions\Microsoft.TestPlatform.Extensions.BlameDataCollector.dll'.
TpTrace Information: 0 : 24848, 1, 2025/04/27, 23:36:43.583, 6275104262859, vstest.console.dll, AssemblyResolver.OnResolve: Resolved assembly: Microsoft.TestPlatform.Extensions.BlameDataCollector, from path: C:\Program Files\dotnet\sdk\9.0.201\Extensions\Microsoft.TestPlatform.Extensions.BlameDataCollector.dll
TpTrace Verbose: 0 : 24848, 1, 2025/04/27, 23:36:43.583, 6275104263394, vstest.console.dll, MetadataReaderExtensionsHelper: Discovering extensions inside assembly 'Microsoft.TestPlatform.Extensions.BlameDataCollector, Version=15.0.0.0, Culture=neutral, PublicKeyToken=b03f5f7f11d50a3a' file path 'C:\Program Files\dotnet\sdk\9.0.201\Extensions\Microsoft.TestPlatform.Extensions.BlameDataCollector.dll'
TpTrace Information: 0 : 24848, 1, 2025/04/27, 23:36:43.584, 6275104273413, vstest.console.dll, AssemblyResolver.OnResolve: Microsoft.TestPlatform.Extensions.EventLogCollector: Resolving assembly.
TpTrace Information: 0 : 24848, 1, 2025/04/27, 23:36:43.584, 6275104274209, vstest.console.dll, AssemblyResolver.OnResolve: Microsoft.TestPlatform.Extensions.EventLogCollector: Searching in: 'C:\Program Files\dotnet\sdk\9.0.201\Extensions'.
TpTrace Information: 0 : 24848, 1, 2025/04/27, 23:36:43.585, 6275104279556, vstest.console.dll, AssemblyResolver.OnResolve: Microsoft.TestPlatform.Extensions.EventLogCollector: Loading assembly 'C:\Program Files\dotnet\sdk\9.0.201\Extensions\Microsoft.TestPlatform.Extensions.EventLogCollector.dll'.
TpTrace Information: 0 : 24848, 1, 2025/04/27, 23:36:43.585, 6275104283168, vstest.console.dll, AssemblyResolver.OnResolve: Resolved assembly: Microsoft.TestPlatform.Extensions.EventLogCollector, from path: C:\Program Files\dotnet\sdk\9.0.201\Extensions\Microsoft.TestPlatform.Extensions.EventLogCollector.dll
TpTrace Verbose: 0 : 24848, 1, 2025/04/27, 23:36:43.585, 6275104283575, vstest.console.dll, MetadataReaderExtensionsHelper: Discovering extensions inside assembly 'Microsoft.TestPlatform.Extensions.EventLogCollector, Version=15.0.0.0, Culture=neutral, PublicKeyToken=b03f5f7f11d50a3a' file path 'C:\Program Files\dotnet\sdk\9.0.201\Extensions\Microsoft.TestPlatform.Extensions.EventLogCollector.dll'
TpTrace Information: 0 : 24848, 1, 2025/04/27, 23:36:43.587, 6275104300617, vstest.console.dll, AssemblyResolver.OnResolve: Microsoft.TestPlatform.TestHostRuntimeProvider: Resolving assembly.
TpTrace Information: 0 : 24848, 1, 2025/04/27, 23:36:43.587, 6275104301056, vstest.console.dll, AssemblyResolver.OnResolve: Microsoft.TestPlatform.TestHostRuntimeProvider: Searching in: 'C:\Program Files\dotnet\sdk\9.0.201\Extensions'.
TpTrace Information: 0 : 24848, 1, 2025/04/27, 23:36:43.588, 6275104308975, vstest.console.dll, AssemblyResolver.OnResolve: Microsoft.TestPlatform.TestHostRuntimeProvider: Loading assembly 'C:\Program Files\dotnet\sdk\9.0.201\Extensions\Microsoft.TestPlatform.TestHostRuntimeProvider.dll'.
TpTrace Information: 0 : 24848, 1, 2025/04/27, 23:36:43.588, 6275104313941, vstest.console.dll, AssemblyResolver.OnResolve: Resolved assembly: Microsoft.TestPlatform.TestHostRuntimeProvider, from path: C:\Program Files\dotnet\sdk\9.0.201\Extensions\Microsoft.TestPlatform.TestHostRuntimeProvider.dll
TpTrace Verbose: 0 : 24848, 1, 2025/04/27, 23:36:43.588, 6275104314449, vstest.console.dll, MetadataReaderExtensionsHelper: Discovering extensions inside assembly 'Microsoft.TestPlatform.TestHostRuntimeProvider, Version=15.0.0.0, Culture=neutral, PublicKeyToken=b03f5f7f11d50a3a' file path 'C:\Program Files\dotnet\sdk\9.0.201\Extensions\Microsoft.TestPlatform.TestHostRuntimeProvider.dll'
TpTrace Information: 0 : 24848, 1, 2025/04/27, 23:36:43.589, 6275104327012, vstest.console.dll, GetTestExtensionFromType: Register extension with identifier data 'HostProvider://DefaultTestHost' and type 'Microsoft.VisualStudio.TestPlatform.CrossPlatEngine.Hosting.DefaultTestHostManager, Microsoft.TestPlatform.TestHostRuntimeProvider, Version=15.0.0.0, Culture=neutral, PublicKeyToken=b03f5f7f11d50a3a' inside file 'C:\Program Files\dotnet\sdk\9.0.201\Extensions\Microsoft.TestPlatform.TestHostRuntimeProvider.dll'
TpTrace Information: 0 : 24848, 1, 2025/04/27, 23:36:43.590, 6275104328840, vstest.console.dll, GetTestExtensionFromType: Register extension with identifier data 'HostProvider://DotnetTestHost' and type 'Microsoft.VisualStudio.TestPlatform.CrossPlatEngine.Hosting.DotnetTestHostManager, Microsoft.TestPlatform.TestHostRuntimeProvider, Version=15.0.0.0, Culture=neutral, PublicKeyToken=b03f5f7f11d50a3a' inside file 'C:\Program Files\dotnet\sdk\9.0.201\Extensions\Microsoft.TestPlatform.TestHostRuntimeProvider.dll'
TpTrace Information: 0 : 24848, 1, 2025/04/27, 23:36:43.590, 6275104329311, vstest.console.dll, AssemblyResolver.OnResolve: Microsoft.VisualStudio.TestPlatform.Extensions.Html.TestLogger: Resolving assembly.
TpTrace Information: 0 : 24848, 1, 2025/04/27, 23:36:43.590, 6275104329519, vstest.console.dll, AssemblyResolver.OnResolve: Microsoft.VisualStudio.TestPlatform.Extensions.Html.TestLogger: Searching in: 'C:\Program Files\dotnet\sdk\9.0.201\Extensions'.
TpTrace Information: 0 : 24848, 1, 2025/04/27, 23:36:43.590, 6275104335187, vstest.console.dll, AssemblyResolver.OnResolve: Microsoft.VisualStudio.TestPlatform.Extensions.Html.TestLogger: Loading assembly 'C:\Program Files\dotnet\sdk\9.0.201\Extensions\Microsoft.VisualStudio.TestPlatform.Extensions.Html.TestLogger.dll'.
TpTrace Information: 0 : 24848, 1, 2025/04/27, 23:36:43.591, 6275104339870, vstest.console.dll, AssemblyResolver.OnResolve: Resolved assembly: Microsoft.VisualStudio.TestPlatform.Extensions.Html.TestLogger, from path: C:\Program Files\dotnet\sdk\9.0.201\Extensions\Microsoft.VisualStudio.TestPlatform.Extensions.Html.TestLogger.dll
TpTrace Verbose: 0 : 24848, 1, 2025/04/27, 23:36:43.591, 6275104340307, vstest.console.dll, MetadataReaderExtensionsHelper: Discovering extensions inside assembly 'Microsoft.VisualStudio.TestPlatform.Extensions.Html.TestLogger, Version=15.0.0.0, Culture=neutral, PublicKeyToken=b03f5f7f11d50a3a' file path 'C:\Program Files\dotnet\sdk\9.0.201\Extensions\Microsoft.VisualStudio.TestPlatform.Extensions.Html.TestLogger.dll'
TpTrace Information: 0 : 24848, 1, 2025/04/27, 23:36:43.591, 6275104346648, vstest.console.dll, AssemblyResolver.OnResolve: Microsoft.VisualStudio.TestPlatform.Extensions.Trx.TestLogger: Resolving assembly.
TpTrace Information: 0 : 24848, 1, 2025/04/27, 23:36:43.591, 6275104347069, vstest.console.dll, AssemblyResolver.OnResolve: Microsoft.VisualStudio.TestPlatform.Extensions.Trx.TestLogger: Searching in: 'C:\Program Files\dotnet\sdk\9.0.201\Extensions'.
TpTrace Information: 0 : 24848, 1, 2025/04/27, 23:36:43.592, 6275104353781, vstest.console.dll, AssemblyResolver.OnResolve: Microsoft.VisualStudio.TestPlatform.Extensions.Trx.TestLogger: Loading assembly 'C:\Program Files\dotnet\sdk\9.0.201\Extensions\Microsoft.VisualStudio.TestPlatform.Extensions.Trx.TestLogger.dll'.
TpTrace Information: 0 : 24848, 1, 2025/04/27, 23:36:43.592, 6275104358701, vstest.console.dll, AssemblyResolver.OnResolve: Resolved assembly: Microsoft.VisualStudio.TestPlatform.Extensions.Trx.TestLogger, from path: C:\Program Files\dotnet\sdk\9.0.201\Extensions\Microsoft.VisualStudio.TestPlatform.Extensions.Trx.TestLogger.dll
TpTrace Verbose: 0 : 24848, 1, 2025/04/27, 23:36:43.593, 6275104359169, vstest.console.dll, MetadataReaderExtensionsHelper: Discovering extensions inside assembly 'Microsoft.VisualStudio.TestPlatform.Extensions.Trx.TestLogger, Version=15.0.0.0, Culture=neutral, PublicKeyToken=b03f5f7f11d50a3a' file path 'C:\Program Files\dotnet\sdk\9.0.201\Extensions\Microsoft.VisualStudio.TestPlatform.Extensions.Trx.TestLogger.dll'
TpTrace Verbose: 0 : 24848, 1, 2025/04/27, 23:36:43.593, 6275104367308, vstest.console.dll, TestPluginCache: Discovered the extensions using extension path ''.
TpTrace Verbose: 0 : 24848, 1, 2025/04/27, 23:36:43.593, 6275104367755, vstest.console.dll, TestPluginCache: Discoverers are ''.
TpTrace Verbose: 0 : 24848, 1, 2025/04/27, 23:36:43.593, 6275104367886, vstest.console.dll, TestPluginCache: Executors are ''.
TpTrace Verbose: 0 : 24848, 1, 2025/04/27, 23:36:43.593, 6275104367993, vstest.console.dll, TestPluginCache: Executors2 are ''.
TpTrace Verbose: 0 : 24848, 1, 2025/04/27, 23:36:43.593, 6275104368097, vstest.console.dll, TestPluginCache: Setting providers are ''.
TpTrace Verbose: 0 : 24848, 1, 2025/04/27, 23:36:43.593, 6275104368202, vstest.console.dll, TestPluginCache: Loggers are ''.
TpTrace Verbose: 0 : 24848, 1, 2025/04/27, 23:36:43.594, 6275104369216, vstest.console.dll, TestPluginCache: TestHosts are 'HostProvider://DefaultTestHost,HostProvider://DotnetTestHost'.
TpTrace Verbose: 0 : 24848, 1, 2025/04/27, 23:36:43.594, 6275104369603, vstest.console.dll, TestPluginCache: DataCollectors are ''.
TpTrace Information: 0 : 24848, 1, 2025/04/27, 23:36:43.604, 6275104476373, vstest.console.dll, RunTestsArgumentProcessor:Execute: Test run is starting.
TpTrace Verbose: 0 : 24848, 1, 2025/04/27, 23:36:43.604, 6275104477213, vstest.console.dll, RunTestsArgumentProcessor:Execute: Queuing Test run.
TpTrace Information: 0 : 24848, 1, 2025/04/27, 23:36:43.605, 6275104479029, vstest.console.dll, TestRequestManager.RunTests: run tests started.
TpTrace Information: 0 : 24848, 1, 2025/04/27, 23:36:43.606, 6275104489726, vstest.console.dll, AssemblyMetadataProvider.GetFrameworkName: Determined framework:'.NETCoreApp,Version=v8.0' for source: 'C:\Users\meist\Source\Repos\ems-back\ems-back.Tests\bin\Debug\net8.0\ems-back.Tests.dll'
TpTrace Information: 0 : 24848, 1, 2025/04/27, 23:36:43.606, 6275104490780, vstest.console.dll, Determined framework for all sources: .NETCoreApp,Version=v8.0
TpTrace Verbose: 0 : 24848, 1, 2025/04/27, 23:36:43.606, 6275104492371, vstest.console.dll, TestRequestManager.UpdateRunSettingsIfRequired: Default architecture: X64 IsDefaultTargetArchitecture: True, Current process architecture: X64 OperatingSystem: Windows.
TpTrace Information: 0 : 24848, 1, 2025/04/27, 23:36:43.607, 6275104502443, vstest.console.dll, AssemblyMetadataProvider.GetArchitecture: Determined architecture:AnyCPU info for assembly: C:\Users\meist\Source\Repos\ems-back\ems-back.Tests\bin\Debug\net8.0\ems-back.Tests.dll
TpTrace Information: 0 : 24848, 1, 2025/04/27, 23:36:43.607, 6275104502804, vstest.console.dll, Determined platform for source 'C:\Users\meist\Source\Repos\ems-back\ems-back.Tests\bin\Debug\net8.0\ems-back.Tests.dll' was AnyCPU and it will use the default plaform X64.
TpTrace Information: 0 : 24848, 1, 2025/04/27, 23:36:43.607, 6275104502936, vstest.console.dll, None of the sources provided any runnable platform, using the default platform: X64
TpTrace Information: 0 : 24848, 1, 2025/04/27, 23:36:43.607, 6275104503950, vstest.console.dll, Platform was updated to 'X64'.
TpTrace Information: 0 : 24848, 1, 2025/04/27, 23:36:43.608, 6275104514676, vstest.console.dll, Compatible sources list: 
TpTrace Information: 0 : 24848, 1, 2025/04/27, 23:36:43.608, 6275104515121, vstest.console.dll, C:\Users\meist\Source\Repos\ems-back\ems-back.Tests\bin\Debug\net8.0\ems-back.Tests.dll
TpTrace Information: 0 : 24848, 1, 2025/04/27, 23:36:43.610, 6275104530783, vstest.console.dll, InferRunSettingsHelper.IsTestSettingsEnabled: Unable to navigate to RunSettings/MSTest. Current node: RunSettings
TpTrace Information: 0 : 24848, 1, 2025/04/27, 23:36:43.610, 6275104534675, vstest.console.dll, AssemblyResolver.OnResolve: Microsoft.VisualStudio.TestPlatform.Fakes: Resolving assembly.
TpTrace Information: 0 : 24848, 1, 2025/04/27, 23:36:43.610, 6275104535138, vstest.console.dll, AssemblyResolver.OnResolve: Microsoft.VisualStudio.TestPlatform.Fakes: Searching in: 'C:\Program Files\dotnet\sdk\9.0.201\Extensions'.
TpTrace Information: 0 : 24848, 1, 2025/04/27, 23:36:43.610, 6275104535618, vstest.console.dll, AssemblyResolver.OnResolve: Microsoft.VisualStudio.TestPlatform.Fakes: Assembly path does not exist: 'C:\Program Files\dotnet\sdk\9.0.201\Extensions\Microsoft.VisualStudio.TestPlatform.Fakes.dll', returning.
TpTrace Information: 0 : 24848, 1, 2025/04/27, 23:36:43.610, 6275104535881, vstest.console.dll, AssemblyResolver.OnResolve: Microsoft.VisualStudio.TestPlatform.Fakes: Assembly path does not exist: 'C:\Program Files\dotnet\sdk\9.0.201\Extensions\Microsoft.VisualStudio.TestPlatform.Fakes.exe', returning.
TpTrace Information: 0 : 24848, 1, 2025/04/27, 23:36:43.610, 6275104535998, vstest.console.dll, AssemblyResolver.OnResolve: Microsoft.VisualStudio.TestPlatform.Fakes: Searching in: 'C:\Program Files\dotnet\sdk\9.0.201'.
TpTrace Information: 0 : 24848, 1, 2025/04/27, 23:36:43.610, 6275104536275, vstest.console.dll, AssemblyResolver.OnResolve: Microsoft.VisualStudio.TestPlatform.Fakes: Assembly path does not exist: 'C:\Program Files\dotnet\sdk\9.0.201\Microsoft.VisualStudio.TestPlatform.Fakes.dll', returning.
TpTrace Information: 0 : 24848, 1, 2025/04/27, 23:36:43.610, 6275104536494, vstest.console.dll, AssemblyResolver.OnResolve: Microsoft.VisualStudio.TestPlatform.Fakes: Assembly path does not exist: 'C:\Program Files\dotnet\sdk\9.0.201\Microsoft.VisualStudio.TestPlatform.Fakes.exe', returning.
TpTrace Information: 0 : 24848, 1, 2025/04/27, 23:36:43.610, 6275104536948, vstest.console.dll, AssemblyResolver.OnResolve: Microsoft.VisualStudio.TestPlatform.Fakes: Failed to load assembly.
TpTrace Information: 0 : 24848, 1, 2025/04/27, 23:36:43.610, 6275104538488, vstest.console.dll, Failed to load assembly Microsoft.VisualStudio.TestPlatform.Fakes, Version=17.0.0.0, Culture=neutral. Reason:System.IO.FileNotFoundException: Could not load file or assembly 'Microsoft.VisualStudio.TestPlatform.Fakes, Version=17.0.0.0, Culture=neutral, PublicKeyToken=null'. Das System kann die angegebene Datei nicht finden.
File name: 'Microsoft.VisualStudio.TestPlatform.Fakes, Version=17.0.0.0, Culture=neutral, PublicKeyToken=null'
   at System.Reflection.RuntimeAssembly.InternalLoad(AssemblyName assemblyName, StackCrawlMark& stackMark, AssemblyLoadContext assemblyLoadContext, RuntimeAssembly requestingAssembly, Boolean throwOnFileNotFound)
   at System.Reflection.Assembly.Load(AssemblyName assemblyRef)
   at Microsoft.VisualStudio.TestPlatform.Common.Utilities.FakesUtilities.LoadTestPlatformAssembly() in /_/src/Microsoft.TestPlatform.Common/Utilities/FakesUtilities.cs:line 273
TpTrace Verbose: 0 : 24848, 1, 2025/04/27, 23:36:43.611, 6275104547239, vstest.console.dll, TestPluginCache: Update extensions started. Skip filter = False
TpTrace Verbose: 0 : 24848, 1, 2025/04/27, 23:36:43.613, 6275104559298, vstest.console.dll, TestPluginCache: Using directories for assembly resolution 'C:\Users\meist\.nuget\packages\coverlet.collector\6.0.4\build\netstandard2.0'.
TpTrace Verbose: 0 : 24848, 1, 2025/04/27, 23:36:43.613, 6275104559873, vstest.console.dll, TestPluginCache: Updated the available extensions to 'C:\Users\meist\.nuget\packages\coverlet.collector\6.0.4\build\netstandard2.0\coverlet.collector.dll'.
TpTrace Verbose: 0 : 24848, 1, 2025/04/27, 23:36:43.615, 6275104580179, vstest.console.dll, TestPluginCache.DiscoverTestExtensions: finding test extensions in assemblies ends with: TestLogger.dll TPluginInfo: Microsoft.VisualStudio.TestPlatform.Common.ExtensionFramework.Utilities.TestLoggerPluginInformation TExtension: Microsoft.VisualStudio.TestPlatform.ObjectModel.Client.ITestLogger
TpTrace Verbose: 0 : 24848, 1, 2025/04/27, 23:36:43.615, 6275104581086, vstest.console.dll, TestPluginCache.GetExtensionPaths: Filtered extension paths: C:\Users\meist\.nuget\packages\coverlet.collector\6.0.4\build\netstandard2.0\coverlet.collector.dll
TpTrace Verbose: 0 : 24848, 1, 2025/04/27, 23:36:43.615, 6275104581347, vstest.console.dll, TestPluginCache.GetExtensionPaths: Added default extension paths: C:\Program Files\dotnet\sdk\9.0.201\Extensions\Microsoft.Diagnostics.NETCore.Client.dll
C:\Program Files\dotnet\sdk\9.0.201\Extensions\Microsoft.TestPlatform.Extensions.BlameDataCollector.dll
C:\Program Files\dotnet\sdk\9.0.201\Extensions\Microsoft.TestPlatform.Extensions.EventLogCollector.dll
C:\Program Files\dotnet\sdk\9.0.201\Extensions\Microsoft.TestPlatform.TestHostRuntimeProvider.dll
C:\Program Files\dotnet\sdk\9.0.201\Extensions\Microsoft.VisualStudio.TestPlatform.Extensions.Html.TestLogger.dll
C:\Program Files\dotnet\sdk\9.0.201\Extensions\Microsoft.VisualStudio.TestPlatform.Extensions.Trx.TestLogger.dll
TpTrace Verbose: 0 : 24848, 1, 2025/04/27, 23:36:43.615, 6275104581482, vstest.console.dll, TestPluginCache.GetExtensionPaths: Added unfilterableExtensionPaths: 
TpTrace Information: 0 : 24848, 1, 2025/04/27, 23:36:43.615, 6275104582138, vstest.console.dll, AssemblyResolver.AddSearchDirectories: Adding more searchDirectories C:\Users\meist\.nuget\packages\coverlet.collector\6.0.4\build\netstandard2.0,C:\Program Files\dotnet\sdk\9.0.201\Extensions,C:\Program Files\dotnet\sdk\9.0.201
TpTrace Verbose: 0 : 24848, 1, 2025/04/27, 23:36:43.615, 6275104582420, vstest.console.dll, TestPluginCache.DiscoverTestExtensions: Discovering the extensions using extension path.
TpTrace Verbose: 0 : 24848, 1, 2025/04/27, 23:36:43.615, 6275104582619, vstest.console.dll, TestPluginCache.GetExtensionPaths: Filtered extension paths: 
TpTrace Verbose: 0 : 24848, 1, 2025/04/27, 23:36:43.615, 6275104582779, vstest.console.dll, TestPluginCache.GetExtensionPaths: Added default extension paths: C:\Program Files\dotnet\sdk\9.0.201\Extensions\Microsoft.Diagnostics.NETCore.Client.dll
C:\Program Files\dotnet\sdk\9.0.201\Extensions\Microsoft.TestPlatform.Extensions.BlameDataCollector.dll
C:\Program Files\dotnet\sdk\9.0.201\Extensions\Microsoft.TestPlatform.Extensions.EventLogCollector.dll
C:\Program Files\dotnet\sdk\9.0.201\Extensions\Microsoft.TestPlatform.TestHostRuntimeProvider.dll
C:\Program Files\dotnet\sdk\9.0.201\Extensions\Microsoft.VisualStudio.TestPlatform.Extensions.Html.TestLogger.dll
C:\Program Files\dotnet\sdk\9.0.201\Extensions\Microsoft.VisualStudio.TestPlatform.Extensions.Trx.TestLogger.dll
TpTrace Verbose: 0 : 24848, 1, 2025/04/27, 23:36:43.615, 6275104582916, vstest.console.dll, TestPluginCache.GetExtensionPaths: Added unfilterableExtensionPaths: 
TpTrace Verbose: 0 : 24848, 1, 2025/04/27, 23:36:43.615, 6275104583046, vstest.console.dll, TestPluginCache.DiscoverTestExtensions: Discovering the extensions using allExtensionPaths: C:\Program Files\dotnet\sdk\9.0.201\Extensions\Microsoft.Diagnostics.NETCore.Client.dll
C:\Program Files\dotnet\sdk\9.0.201\Extensions\Microsoft.TestPlatform.Extensions.BlameDataCollector.dll
C:\Program Files\dotnet\sdk\9.0.201\Extensions\Microsoft.TestPlatform.Extensions.EventLogCollector.dll
C:\Program Files\dotnet\sdk\9.0.201\Extensions\Microsoft.TestPlatform.TestHostRuntimeProvider.dll
C:\Program Files\dotnet\sdk\9.0.201\Extensions\Microsoft.VisualStudio.TestPlatform.Extensions.Html.TestLogger.dll
C:\Program Files\dotnet\sdk\9.0.201\Extensions\Microsoft.VisualStudio.TestPlatform.Extensions.Trx.TestLogger.dll
TpTrace Information: 0 : 24848, 1, 2025/04/27, 23:36:43.615, 6275104583265, vstest.console.dll, AssemblyResolver.AddSearchDirectories: Adding more searchDirectories C:\Program Files\dotnet\sdk\9.0.201\Extensions,C:\Program Files\dotnet\sdk\9.0.201
TpTrace Information: 0 : 24848, 1, 2025/04/27, 23:36:43.615, 6275104583390, vstest.console.dll, AssemblyResolver.AddSearchDirectories: Adding more searchDirectories C:\Program Files\dotnet\sdk\9.0.201\Extensions,C:\Program Files\dotnet\sdk\9.0.201
TpTrace Information: 0 : 24848, 1, 2025/04/27, 23:36:43.615, 6275104583515, vstest.console.dll, AssemblyResolver.AddSearchDirectories: Adding more searchDirectories C:\Program Files\dotnet\sdk\9.0.201\Extensions,C:\Program Files\dotnet\sdk\9.0.201
TpTrace Information: 0 : 24848, 1, 2025/04/27, 23:36:43.615, 6275104583630, vstest.console.dll, AssemblyResolver.AddSearchDirectories: Adding more searchDirectories C:\Program Files\dotnet\sdk\9.0.201\Extensions,C:\Program Files\dotnet\sdk\9.0.201
TpTrace Information: 0 : 24848, 1, 2025/04/27, 23:36:43.615, 6275104583744, vstest.console.dll, AssemblyResolver.AddSearchDirectories: Adding more searchDirectories C:\Program Files\dotnet\sdk\9.0.201\Extensions,C:\Program Files\dotnet\sdk\9.0.201
TpTrace Information: 0 : 24848, 1, 2025/04/27, 23:36:43.615, 6275104583884, vstest.console.dll, AssemblyResolver.AddSearchDirectories: Adding more searchDirectories C:\Program Files\dotnet\sdk\9.0.201\Extensions,C:\Program Files\dotnet\sdk\9.0.201
TpTrace Verbose: 0 : 24848, 1, 2025/04/27, 23:36:43.615, 6275104584722, vstest.console.dll, MetadataReaderExtensionsHelper: Discovering extensions inside assembly 'Microsoft.Diagnostics.NETCore.Client, Version=0.2.11.6601, Culture=neutral, PublicKeyToken=31bf3856ad364e35' file path 'C:\Program Files\dotnet\sdk\9.0.201\Extensions\Microsoft.Diagnostics.NETCore.Client.dll'
TpTrace Information: 0 : 24848, 1, 2025/04/27, 23:36:43.616, 6275104592686, vstest.console.dll, AssemblyResolver.OnResolve: Microsoft.Bcl.AsyncInterfaces: Resolving assembly.
TpTrace Information: 0 : 24848, 1, 2025/04/27, 23:36:43.616, 6275104593044, vstest.console.dll, AssemblyResolver.OnResolve: Microsoft.Bcl.AsyncInterfaces: Resolved from cache.
TpTrace Verbose: 0 : 24848, 1, 2025/04/27, 23:36:43.616, 6275104593185, vstest.console.dll, CurrentDomainAssemblyResolve: Resolving assembly 'Microsoft.Bcl.AsyncInterfaces'.
TpTrace Information: 0 : 24848, 1, 2025/04/27, 23:36:43.616, 6275104593428, vstest.console.dll, AssemblyResolver.OnResolve: Microsoft.Bcl.AsyncInterfaces: Resolving assembly.
TpTrace Information: 0 : 24848, 1, 2025/04/27, 23:36:43.616, 6275104593577, vstest.console.dll, AssemblyResolver.OnResolve: Microsoft.Bcl.AsyncInterfaces: Resolved from cache.
TpTrace Verbose: 0 : 24848, 1, 2025/04/27, 23:36:43.616, 6275104593687, vstest.console.dll, CurrentDomainAssemblyResolve: Resolving assembly 'Microsoft.Bcl.AsyncInterfaces'.
TpTrace Verbose: 0 : 24848, 1, 2025/04/27, 23:36:43.616, 6275104593794, vstest.console.dll, CurrentDomainAssemblyResolve: Failed to resolve assembly 'Microsoft.Bcl.AsyncInterfaces'.
TpTrace Verbose: 0 : 24848, 1, 2025/04/27, 23:36:43.616, 6275104594612, vstest.console.dll, CurrentDomainAssemblyResolve: Failed to resolve assembly 'Microsoft.Bcl.AsyncInterfaces'.
TpTrace Warning: 0 : 24848, 1, 2025/04/27, 23:36:43.616, 6275104596875, vstest.console.dll, TestPluginDiscoverer: Failed to get types from assembly 'Microsoft.Diagnostics.NETCore.Client, Version=0.2.11.6601, Culture=neutral, PublicKeyToken=31bf3856ad364e35'. Error: System.Reflection.ReflectionTypeLoadException: Unable to load one or more of the requested types.
Could not load file or assembly 'Microsoft.Bcl.AsyncInterfaces, Version=6.0.0.0, Culture=neutral, PublicKeyToken=cc7b13ffcd2ddd51'. Das System kann die angegebene Datei nicht finden.
   at System.Reflection.RuntimeModule.GetDefinedTypes()
   at System.Reflection.RuntimeModule.GetTypes()
   at Microsoft.VisualStudio.TestPlatform.Common.ExtensionFramework.TestPluginDiscoverer.GetTestExtensionsFromAssembly[TPluginInfo,TExtension](Assembly assembly, Dictionary`2 pluginInfos, String filePath) in /_/src/Microsoft.TestPlatform.Common/ExtensionFramework/TestPluginDiscoverer.cs:line 159
System.IO.FileNotFoundException: Could not load file or assembly 'Microsoft.Bcl.AsyncInterfaces, Version=6.0.0.0, Culture=neutral, PublicKeyToken=cc7b13ffcd2ddd51'. Das System kann die angegebene Datei nicht finden.
File name: 'Microsoft.Bcl.AsyncInterfaces, Version=6.0.0.0, Culture=neutral, PublicKeyToken=cc7b13ffcd2ddd51'
 ---> System.IO.FileNotFoundException: Could not load file or assembly 'Microsoft.Bcl.AsyncInterfaces, Culture=neutral, PublicKeyToken=null'. Das System kann die angegebene Datei nicht finden.
File name: 'Microsoft.Bcl.AsyncInterfaces, Culture=neutral, PublicKeyToken=null'
   at System.Reflection.RuntimeAssembly.InternalLoad(AssemblyName assemblyName, StackCrawlMark& stackMark, AssemblyLoadContext assemblyLoadContext, RuntimeAssembly requestingAssembly, Boolean throwOnFileNotFound)
   at System.Reflection.Assembly.Load(AssemblyName assemblyRef)
   at Microsoft.VisualStudio.TestPlatform.Common.ExtensionFramework.TestPluginCache.CurrentDomainAssemblyResolve(Object sender, AssemblyResolveEventArgs args) in /_/src/Microsoft.TestPlatform.Common/ExtensionFramework/TestPluginCache.cs:line 514
   at System.Runtime.Loader.AssemblyLoadContext.GetFirstResolvedAssemblyFromResolvingEvent(AssemblyName assemblyName)
   at System.Runtime.Loader.AssemblyLoadContext.ResolveUsingEvent(AssemblyName assemblyName)
   at System.Runtime.Loader.AssemblyLoadContext.ResolveUsingResolvingEvent(IntPtr gchManagedAssemblyLoadContext, AssemblyName assemblyName)
TpTrace Warning: 0 : 24848, 1, 2025/04/27, 23:36:43.616, 6275104597744, vstest.console.dll, LoaderExceptions: System.IO.FileNotFoundException: Could not load file or assembly 'Microsoft.Bcl.AsyncInterfaces, Version=6.0.0.0, Culture=neutral, PublicKeyToken=cc7b13ffcd2ddd51'. Das System kann die angegebene Datei nicht finden.
File name: 'Microsoft.Bcl.AsyncInterfaces, Version=6.0.0.0, Culture=neutral, PublicKeyToken=cc7b13ffcd2ddd51'
 ---> System.IO.FileNotFoundException: Could not load file or assembly 'Microsoft.Bcl.AsyncInterfaces, Culture=neutral, PublicKeyToken=null'. Das System kann die angegebene Datei nicht finden.
File name: 'Microsoft.Bcl.AsyncInterfaces, Culture=neutral, PublicKeyToken=null'
   at System.Reflection.RuntimeAssembly.InternalLoad(AssemblyName assemblyName, StackCrawlMark& stackMark, AssemblyLoadContext assemblyLoadContext, RuntimeAssembly requestingAssembly, Boolean throwOnFileNotFound)
   at System.Reflection.Assembly.Load(AssemblyName assemblyRef)
   at Microsoft.VisualStudio.TestPlatform.Common.ExtensionFramework.TestPluginCache.CurrentDomainAssemblyResolve(Object sender, AssemblyResolveEventArgs args) in /_/src/Microsoft.TestPlatform.Common/ExtensionFramework/TestPluginCache.cs:line 514
   at System.Runtime.Loader.AssemblyLoadContext.GetFirstResolvedAssemblyFromResolvingEvent(AssemblyName assemblyName)
   at System.Runtime.Loader.AssemblyLoadContext.ResolveUsingEvent(AssemblyName assemblyName)
   at System.Runtime.Loader.AssemblyLoadContext.ResolveUsingResolvingEvent(IntPtr gchManagedAssemblyLoadContext, AssemblyName assemblyName)
TpTrace Verbose: 0 : 24848, 1, 2025/04/27, 23:36:43.616, 6275104598143, vstest.console.dll, MetadataReaderExtensionsHelper: Discovering extensions inside assembly 'Microsoft.TestPlatform.Extensions.BlameDataCollector, Version=15.0.0.0, Culture=neutral, PublicKeyToken=b03f5f7f11d50a3a' file path 'C:\Program Files\dotnet\sdk\9.0.201\Extensions\Microsoft.TestPlatform.Extensions.BlameDataCollector.dll'
TpTrace Information: 0 : 24848, 1, 2025/04/27, 23:36:43.617, 6275104604123, vstest.console.dll, GetTestExtensionFromType: Register extension with identifier data 'logger://Microsoft/TestPlatform/Extensions/Blame/v1' and type 'Microsoft.TestPlatform.Extensions.BlameDataCollector.BlameLogger, Microsoft.TestPlatform.Extensions.BlameDataCollector, Version=15.0.0.0, Culture=neutral, PublicKeyToken=b03f5f7f11d50a3a' inside file 'C:\Program Files\dotnet\sdk\9.0.201\Extensions\Microsoft.TestPlatform.Extensions.BlameDataCollector.dll'
TpTrace Verbose: 0 : 24848, 1, 2025/04/27, 23:36:43.617, 6275104604660, vstest.console.dll, MetadataReaderExtensionsHelper: Discovering extensions inside assembly 'Microsoft.TestPlatform.Extensions.EventLogCollector, Version=15.0.0.0, Culture=neutral, PublicKeyToken=b03f5f7f11d50a3a' file path 'C:\Program Files\dotnet\sdk\9.0.201\Extensions\Microsoft.TestPlatform.Extensions.EventLogCollector.dll'
TpTrace Verbose: 0 : 24848, 1, 2025/04/27, 23:36:43.618, 6275104611767, vstest.console.dll, MetadataReaderExtensionsHelper: Discovering extensions inside assembly 'Microsoft.TestPlatform.TestHostRuntimeProvider, Version=15.0.0.0, Culture=neutral, PublicKeyToken=b03f5f7f11d50a3a' file path 'C:\Program Files\dotnet\sdk\9.0.201\Extensions\Microsoft.TestPlatform.TestHostRuntimeProvider.dll'
TpTrace Verbose: 0 : 24848, 1, 2025/04/27, 23:36:43.618, 6275104617712, vstest.console.dll, MetadataReaderExtensionsHelper: Discovering extensions inside assembly 'Microsoft.VisualStudio.TestPlatform.Extensions.Html.TestLogger, Version=15.0.0.0, Culture=neutral, PublicKeyToken=b03f5f7f11d50a3a' file path 'C:\Program Files\dotnet\sdk\9.0.201\Extensions\Microsoft.VisualStudio.TestPlatform.Extensions.Html.TestLogger.dll'
TpTrace Information: 0 : 24848, 1, 2025/04/27, 23:36:43.619, 6275104626801, vstest.console.dll, GetTestExtensionFromType: Register extension with identifier data 'logger://Microsoft/TestPlatform/HtmlLogger/v1' and type 'Microsoft.VisualStudio.TestPlatform.Extensions.HtmlLogger.HtmlLogger, Microsoft.VisualStudio.TestPlatform.Extensions.Html.TestLogger, Version=15.0.0.0, Culture=neutral, PublicKeyToken=b03f5f7f11d50a3a' inside file 'C:\Program Files\dotnet\sdk\9.0.201\Extensions\Microsoft.VisualStudio.TestPlatform.Extensions.Html.TestLogger.dll'
TpTrace Verbose: 0 : 24848, 1, 2025/04/27, 23:36:43.619, 6275104627394, vstest.console.dll, MetadataReaderExtensionsHelper: Discovering extensions inside assembly 'Microsoft.VisualStudio.TestPlatform.Extensions.Trx.TestLogger, Version=15.0.0.0, Culture=neutral, PublicKeyToken=b03f5f7f11d50a3a' file path 'C:\Program Files\dotnet\sdk\9.0.201\Extensions\Microsoft.VisualStudio.TestPlatform.Extensions.Trx.TestLogger.dll'
TpTrace Information: 0 : 24848, 1, 2025/04/27, 23:36:43.620, 6275104632501, vstest.console.dll, GetTestExtensionFromType: Register extension with identifier data 'logger://Microsoft/TestPlatform/TrxLogger/v1' and type 'Microsoft.VisualStudio.TestPlatform.Extensions.TrxLogger.TrxLogger, Microsoft.VisualStudio.TestPlatform.Extensions.Trx.TestLogger, Version=15.0.0.0, Culture=neutral, PublicKeyToken=b03f5f7f11d50a3a' inside file 'C:\Program Files\dotnet\sdk\9.0.201\Extensions\Microsoft.VisualStudio.TestPlatform.Extensions.Trx.TestLogger.dll'
TpTrace Verbose: 0 : 24848, 1, 2025/04/27, 23:36:43.620, 6275104633613, vstest.console.dll, TestPluginCache: Discovered the extensions using extension path 'C:\Users\meist\.nuget\packages\coverlet.collector\6.0.4\build\netstandard2.0\coverlet.collector.dll'.
TpTrace Verbose: 0 : 24848, 1, 2025/04/27, 23:36:43.620, 6275104634063, vstest.console.dll, TestPluginCache: Discoverers are ''.
TpTrace Verbose: 0 : 24848, 1, 2025/04/27, 23:36:43.620, 6275104634181, vstest.console.dll, TestPluginCache: Executors are ''.
TpTrace Verbose: 0 : 24848, 1, 2025/04/27, 23:36:43.620, 6275104634293, vstest.console.dll, TestPluginCache: Executors2 are ''.
TpTrace Verbose: 0 : 24848, 1, 2025/04/27, 23:36:43.620, 6275104634397, vstest.console.dll, TestPluginCache: Setting providers are ''.
TpTrace Verbose: 0 : 24848, 1, 2025/04/27, 23:36:43.620, 6275104634938, vstest.console.dll, TestPluginCache: Loggers are 'logger://Microsoft/TestPlatform/Extensions/Blame/v1,logger://Microsoft/TestPlatform/HtmlLogger/v1,logger://Microsoft/TestPlatform/TrxLogger/v1'.
TpTrace Verbose: 0 : 24848, 1, 2025/04/27, 23:36:43.620, 6275104635267, vstest.console.dll, TestPluginCache: TestHosts are 'HostProvider://DefaultTestHost,HostProvider://DotnetTestHost'.
TpTrace Verbose: 0 : 24848, 1, 2025/04/27, 23:36:43.620, 6275104635403, vstest.console.dll, TestPluginCache: DataCollectors are ''.
TpTrace Information: 0 : 24848, 1, 2025/04/27, 23:36:43.621, 6275104641814, vstest.console.dll, TestPluginManager.CreateTestExtension: Attempting to load test extension: Microsoft.VisualStudio.TestPlatform.Extensions.HtmlLogger.HtmlLogger
TpTrace Verbose: 0 : 24848, 1, 2025/04/27, 23:36:43.654, 6275104970625, vstest.console.dll, TestEngine: Initializing Parallel Execution as MaxCpuCount is set to: 1
TpTrace Information: 0 : 24848, 1, 2025/04/27, 23:36:43.655, 6275104980156, vstest.console.dll, TestPluginManager.CreateTestExtension: Attempting to load test extension: Microsoft.VisualStudio.TestPlatform.CrossPlatEngine.Hosting.DefaultTestHostManager
TpTrace Information: 0 : 24848, 1, 2025/04/27, 23:36:43.655, 6275104985030, vstest.console.dll, TestPluginManager.CreateTestExtension: Attempting to load test extension: Microsoft.VisualStudio.TestPlatform.CrossPlatEngine.Hosting.DotnetTestHostManager
TpTrace Verbose: 0 : 24848, 1, 2025/04/27, 23:36:43.655, 6275104986619, vstest.console.dll, TestHostManagerCallbacks.ctor: Forwarding output is enabled.
TpTrace Information: 0 : 24848, 1, 2025/04/27, 23:36:43.656, 6275104989175, vstest.console.dll, InferRunSettingsHelper.IsTestSettingsEnabled: Unable to navigate to RunSettings/MSTest. Current node: RunSettings
TpTrace Verbose: 0 : 24848, 1, 2025/04/27, 23:36:43.656, 6275104992466, vstest.console.dll, ParallelOperationManager.ClearSlots: Clearing all slots. Slots should accept more work: True
TpTrace Verbose: 0 : 24848, 1, 2025/04/27, 23:36:43.656, 6275104995820, vstest.console.dll, ParallelOperationManager.SetOccupiedSlotCount: Setting slot counts AvailableSlotCount = 1, OccupiedSlotCount = 0.
TpTrace Verbose: 0 : 24848, 1, 2025/04/27, 23:36:43.657, 6275104999569, vstest.console.dll, Occupied slots:

TpTrace Verbose: 0 : 24848, 1, 2025/04/27, 23:36:43.659, 6275105021575, vstest.console.dll, TestEngine.GetExecutionManager: Chosen execution manager 'Microsoft.VisualStudio.TestPlatform.CrossPlatEngine.Client.Parallel.ParallelProxyExecutionManager, Microsoft.TestPlatform.CrossPlatEngine, Version=15.0.0.0, Culture=neutral, PublicKeyToken=b03f5f7f11d50a3a' ParallelLevel '1'.
TpTrace Verbose: 0 : 24848, 1, 2025/04/27, 23:36:43.659, 6275105023583, vstest.console.dll, TestPlatform.GetSkipDefaultAdapters: Not skipping default adapters SkipDefaultAdapters was false.
TpTrace Verbose: 0 : 24848, 1, 2025/04/27, 23:36:43.659, 6275105024454, vstest.console.dll, TestRunRequest.ExecuteAsync: Creating test run request.
TpTrace Verbose: 0 : 24848, 1, 2025/04/27, 23:36:43.659, 6275105026983, vstest.console.dll, TestRunRequest.ExecuteAsync: Starting.
TpTrace Information: 0 : 24848, 1, 2025/04/27, 23:36:43.660, 6275105036144, vstest.console.dll, TestRunRequest.ExecuteAsync: Starting run with settings:TestRunCriteria:
   KeepAlive=False,FrequencyOfRunStatsChangeEvent=10,RunStatsChangeEventTimeout=00:00:01.5000000,TestCaseFilter=,TestExecutorLauncher=
   Settingsxml=<RunSettings>
  <RunConfiguration>
    <ResultsDirectory>C:\Users\meist\Source\Repos\ems-back\ems-back.Tests\TestResults</ResultsDirectory>
    <TargetPlatform>X64</TargetPlatform>
    <TargetFrameworkVersion>.NETCoreApp,Version=v8.0</TargetFrameworkVersion>
    <TestAdaptersPaths>C:\Users\meist\.nuget\packages\coverlet.collector\6.0.4\build\netstandard2.0\</TestAdaptersPaths>
    <DesignMode>False</DesignMode>
    <CollectSourceInformation>False</CollectSourceInformation>
  </RunConfiguration>
  <LoggerRunSettings>
    <Loggers>
      <Logger friendlyName="html" enabled="True">
        <Configuration>
          <logfilename>C:\Users\meist\Source\Repos\ems-back\ems-back.Tests\TestResults\report.html</logfilename>
        </Configuration>
      </Logger>
      <Logger friendlyName="Microsoft.TestPlatform.MSBuildLogger" assemblyQualifiedName="Microsoft.VisualStudio.TestPlatform.CommandLine.Internal.MSBuildLogger, vstest.console, Version=15.0.0.0, Culture=neutral, PublicKeyToken=b03f5f7f11d50a3a" codeBase="C:\Program Files\dotnet\sdk\9.0.201\vstest.console.dll" enabled="True">
        <Configuration>
          <Verbosity>minimal</Verbosity>
        </Configuration>
      </Logger>
    </Loggers>
  </LoggerRunSettings>
</RunSettings>

TpTrace Verbose: 0 : 24848, 1, 2025/04/27, 23:36:43.660, 6275105036697, vstest.console.dll, TestRunRequest.ExecuteAsync: Wait for the first run request is over.
TpTrace Verbose: 0 : 24848, 1, 2025/04/27, 23:36:43.661, 6275105039254, vstest.console.dll, MulticastDelegateUtilities.SafeInvoke: TestRun.TestRunStart: Invoking callbacks was skipped because there are no subscribers.
TpTrace Verbose: 0 : 24848, 1, 2025/04/27, 23:36:43.661, 6275105047365, vstest.console.dll, ParallelProxyExecutionManager: Start execution. Total sources: 1
TpTrace Verbose: 0 : 24848, 1, 2025/04/27, 23:36:43.662, 6275105049608, vstest.console.dll, ParallelOperationManager.StartWork: Starting adding 1 workloads.
TpTrace Verbose: 0 : 24848, 1, 2025/04/27, 23:36:43.662, 6275105050026, vstest.console.dll, ParallelOperationManager.ClearSlots: Clearing all slots. Slots should accept more work: True
TpTrace Verbose: 0 : 24848, 1, 2025/04/27, 23:36:43.662, 6275105050561, vstest.console.dll, ParallelOperationManager.SetOccupiedSlotCount: Setting slot counts AvailableSlotCount = 1, OccupiedSlotCount = 0.
TpTrace Verbose: 0 : 24848, 1, 2025/04/27, 23:36:43.662, 6275105050787, vstest.console.dll, Occupied slots:

TpTrace Verbose: 0 : 24848, 1, 2025/04/27, 23:36:43.662, 6275105058589, vstest.console.dll, TestHostManagerCallbacks.ctor: Forwarding output is enabled.
TpTrace Verbose: 0 : 24848, 1, 2025/04/27, 23:36:43.663, 6275105060069, vstest.console.dll, TestRequestSender is acting as server.
TpTrace Verbose: 0 : 24848, 1, 2025/04/27, 23:36:43.663, 6275105063413, vstest.console.dll, ParallelOperationManager.RunWorkInParallel: Adding 1 workload to slot, remaining workloads 0.
TpTrace Verbose: 0 : 24848, 1, 2025/04/27, 23:36:43.663, 6275105063933, vstest.console.dll, ParallelOperationManager.SetOccupiedSlotCount: Setting slot counts AvailableSlotCount = 0, OccupiedSlotCount = 1.
TpTrace Verbose: 0 : 24848, 1, 2025/04/27, 23:36:43.663, 6275105064603, vstest.console.dll, Occupied slots:
0: C:\Users\meist\Source\Repos\ems-back\ems-back.Tests\bin\Debug\net8.0\ems-back.Tests.dll
TpTrace Verbose: 0 : 24848, 1, 2025/04/27, 23:36:43.664, 6275105075832, vstest.console.dll, ParallelOperationManager.RunWorkInParallel: Started host in slot number 0 for work (source): C:\Users\meist\Source\Repos\ems-back\ems-back.Tests\bin\Debug\net8.0\ems-back.Tests.dll.
TpTrace Verbose: 0 : 24848, 1, 2025/04/27, 23:36:43.665, 6275105081341, vstest.console.dll, ParallelOperationManager.RunWorkInParallel: We started 1 work items, which is the max parallel level. Won't start more work.
TpTrace Verbose: 0 : 24848, 5, 2025/04/27, 23:36:43.665, 6275105081811, vstest.console.dll, ParallelProxyExecutionManager.StartTestRunOnConcurrentManager: Initializing uninitialized client. Started clients: 0
TpTrace Verbose: 0 : 24848, 1, 2025/04/27, 23:36:43.665, 6275105081948, vstest.console.dll, ParallelOperationManager.RunWorkInParallel: We started 1 work items in here, returning True.
TpTrace Verbose: 0 : 24848, 5, 2025/04/27, 23:36:43.665, 6275105082377, vstest.console.dll, ParallelProxyExecutionManager.StartTestRunOnConcurrentManager: Initializing test run. Started clients: 0
TpTrace Information: 0 : 24848, 1, 2025/04/27, 23:36:43.665, 6275105082791, vstest.console.dll, TestRunRequest.ExecuteAsync: Started.
TpTrace Verbose: 0 : 24848, 5, 2025/04/27, 23:36:43.665, 6275105083218, vstest.console.dll, ProxyExecutionManager: Test host is always Lazy initialize.
TpTrace Verbose: 0 : 24848, 5, 2025/04/27, 23:36:43.665, 6275105084830, vstest.console.dll, TestRequestSender.InitializeCommunication: initialize communication. 
TpTrace Verbose: 0 : 24848, 1, 2025/04/27, 23:36:43.665, 6275105086278, vstest.console.dll, TestRunRequest.WaitForCompletion: Waiting with timeout -1.
TpTrace Information: 0 : 24848, 5, 2025/04/27, 23:36:43.670, 6275105132112, vstest.console.dll, SocketServer.Start: Listening on endpoint : 127.0.0.1:52987
TpTrace Verbose: 0 : 24848, 5, 2025/04/27, 23:36:43.674, 6275105170434, vstest.console.dll, DotnetTestHostmanager.GetTestHostProcessStartInfo: Platform environment 'X64' target architecture 'X64' framework '.NETCoreApp,Version=v8.0' OS 'Windows'
TpTrace Verbose: 0 : 24848, 5, 2025/04/27, 23:36:43.674, 6275105171759, vstest.console.dll, DotnetTestHostmanager: Adding  --runtimeconfig "C:\Users\meist\Source\Repos\ems-back\ems-back.Tests\bin\Debug\net8.0\ems-back.Tests.runtimeconfig.json" in args
TpTrace Verbose: 0 : 24848, 5, 2025/04/27, 23:36:43.674, 6275105172258, vstest.console.dll, DotnetTestHostmanager: Adding  --depsfile "C:\Users\meist\Source\Repos\ems-back\ems-back.Tests\bin\Debug\net8.0\ems-back.Tests.deps.json" in args
TpTrace Verbose: 0 : 24848, 5, 2025/04/27, 23:36:43.674, 6275105173214, vstest.console.dll, DotnetTestHostmanager.IsWinOnArm: Current PROCESSOR_ARCHITECTURE from environment variable 'AMD64'
TpTrace Verbose: 0 : 24848, 5, 2025/04/27, 23:36:43.674, 6275105173473, vstest.console.dll, DotnetTestHostmanager.IsWinOnArm: Is Windows on ARM 'False'
TpTrace Verbose: 0 : 24848, 5, 2025/04/27, 23:36:43.674, 6275105173857, vstest.console.dll, DotnetTestHostManager: testhost.exe found at path: C:\Users\meist\Source\Repos\ems-back\ems-back.Tests\bin\Debug\net8.0\testhost.exe
TpTrace Verbose: 0 : 24848, 5, 2025/04/27, 23:36:43.674, 6275105174089, vstest.console.dll, DotnetTestHostmanager: Full path of host exe is C:\Users\meist\Source\Repos\ems-back\ems-back.Tests\bin\Debug\net8.0\testhost.exe
TpTrace Verbose: 0 : 24848, 5, 2025/04/27, 23:36:43.674, 6275105174828, vstest.console.dll, DotnetTestHostmanager.LaunchTestHostAsync: Found 'VSTEST_WINAPPHOST_DOTNET_ROOT' in env variables, value 'C:\Program Files\dotnet', forwarding to 'DOTNET_ROOT'
TpTrace Verbose: 0 : 24848, 5, 2025/04/27, 23:36:43.674, 6275105175650, vstest.console.dll, DotnetTestHostManager: Starting process 'C:\Users\meist\Source\Repos\ems-back\ems-back.Tests\bin\Debug\net8.0\testhost.exe' with command line ' --runtimeconfig "C:\Users\meist\Source\Repos\ems-back\ems-back.Tests\bin\Debug\net8.0\ems-back.Tests.runtimeconfig.json" --depsfile "C:\Users\meist\Source\Repos\ems-back\ems-back.Tests\bin\Debug\net8.0\ems-back.Tests.deps.json" --port 52987 --endpoint 127.0.0.1:052987 --role client --parentprocessid 24848 --diag "C:\Users\meist\Source\Repos\ems-back\ems-back.Tests\logs.host.25-04-27_23-36-43_67389_5.txt" --tracelevel 4 --telemetryoptedin false'
TpTrace Verbose: 0 : 24848, 5, 2025/04/27, 23:36:43.682, 6275105255599, vstest.console.dll, Test Runtime launched
TpTrace Verbose: 0 : 24848, 5, 2025/04/27, 23:36:43.682, 6275105257324, vstest.console.dll, MulticastDelegateUtilities.SafeInvoke: HostProviderEvents.OnHostLaunched: Invoking callback 1/1 for Microsoft.VisualStudio.TestPlatform.CrossPlatEngine.Client.ProxyOperationManager., took 0 ms.
TpTrace Verbose: 0 : 24848, 5, 2025/04/27, 23:36:43.683, 6275105260029, vstest.console.dll, TestRequestSender.WaitForRequestHandlerConnection: waiting for connection with timeout: 90000.
TpTrace Verbose: 0 : 24848, 10, 2025/04/27, 23:36:43.830, 6275106737088, vstest.console.dll, MulticastDelegateUtilities.SafeInvoke: SocketServer: ClientConnected: Invoking callback 1/1 for Microsoft.VisualStudio.TestPlatform.CommunicationUtilities.TestRequestSender., took 0 ms.
TpTrace Verbose: 0 : 24848, 5, 2025/04/27, 23:36:43.830, 6275106737451, vstest.console.dll, TestRequestSender.WaitForRequestHandlerConnection: waiting took 147 ms, with timeout 90000 ms, and result 0, which is success.
TpTrace Verbose: 0 : 24848, 10, 2025/04/27, 23:36:43.830, 6275106737812, vstest.console.dll, SocketServer.OnClientConnected: Client connected for endPoint: 127.0.0.1:52987, starting MessageLoopAsync:
TpTrace Verbose: 0 : 24848, 10, 2025/04/27, 23:36:43.831, 6275106741332, vstest.console.dll, TcpClientExtensions.MessageLoopAsync: Polling on remoteEndPoint: 127.0.0.1:52988 localEndPoint: 127.0.0.1:52987 after 0 ms
TpTrace Verbose: 0 : 24848, 5, 2025/04/27, 23:36:43.850, 6275106938478, vstest.console.dll, TestRequestSender.CheckVersionWithTestHost: Sending check version message: {"MessageType":"ProtocolVersion","Payload":7}
TpTrace Verbose: 0 : 24848, 10, 2025/04/27, 23:36:43.906, 6275107496698, vstest.console.dll, TcpClientExtensions.MessageLoopAsync: NotifyDataAvailable remoteEndPoint: 127.0.0.1:52988 localEndPoint: 127.0.0.1:52987
TpTrace Verbose: 0 : 24848, 10, 2025/04/27, 23:36:43.907, 6275107504665, vstest.console.dll, TestRequestSender.CheckVersionWithTestHost: onMessageReceived received message: (ProtocolVersion) -> {"MessageType":"ProtocolVersion","Payload":7}
TpTrace Verbose: 0 : 24848, 10, 2025/04/27, 23:36:43.909, 6275107527293, vstest.console.dll, MulticastDelegateUtilities.SafeInvoke: LengthPrefixCommunicationChannel: MessageReceived: Invoking callback 1/1 for Microsoft.VisualStudio.TestPlatform.CommunicationUtilities.TestRequestSender+<>c__DisplayClass29_0., took 2 ms.
TpTrace Verbose: 0 : 24848, 10, 2025/04/27, 23:36:43.909, 6275107528058, vstest.console.dll, TcpClientExtensions.MessageLoopAsync: Polling on remoteEndPoint: 127.0.0.1:52988 localEndPoint: 127.0.0.1:52987 after 78 ms
TpTrace Verbose: 0 : 24848, 5, 2025/04/27, 23:36:43.910, 6275107528896, vstest.console.dll, TestPluginCache.GetExtensionPaths: Filtered extension paths: 
TpTrace Verbose: 0 : 24848, 5, 2025/04/27, 23:36:43.910, 6275107529406, vstest.console.dll, TestPluginCache.GetExtensionPaths: Added default extension paths: C:\Program Files\dotnet\sdk\9.0.201\Extensions\Microsoft.Diagnostics.NETCore.Client.dll
C:\Program Files\dotnet\sdk\9.0.201\Extensions\Microsoft.TestPlatform.Extensions.BlameDataCollector.dll
C:\Program Files\dotnet\sdk\9.0.201\Extensions\Microsoft.TestPlatform.Extensions.EventLogCollector.dll
C:\Program Files\dotnet\sdk\9.0.201\Extensions\Microsoft.TestPlatform.TestHostRuntimeProvider.dll
C:\Program Files\dotnet\sdk\9.0.201\Extensions\Microsoft.VisualStudio.TestPlatform.Extensions.Html.TestLogger.dll
C:\Program Files\dotnet\sdk\9.0.201\Extensions\Microsoft.VisualStudio.TestPlatform.Extensions.Trx.TestLogger.dll
TpTrace Verbose: 0 : 24848, 5, 2025/04/27, 23:36:43.910, 6275107529531, vstest.console.dll, TestPluginCache.GetExtensionPaths: Added unfilterableExtensionPaths: 
TpTrace Verbose: 0 : 24848, 10, 2025/04/27, 23:36:43.910, 6275107536961, vstest.console.dll, TcpClientExtensions.MessageLoopAsync: NotifyDataAvailable remoteEndPoint: 127.0.0.1:52988 localEndPoint: 127.0.0.1:52987
TpTrace Verbose: 0 : 24848, 5, 2025/04/27, 23:36:43.912, 6275107550022, vstest.console.dll, TestRequestSender.InitializeExecution: Sending initialize execution with message: {"Version":7,"MessageType":"TestExecution.Initialize","Payload":["C:\\Users\\meist\\Source\\Repos\\ems-back\\ems-back.Tests\\bin\\Debug\\net8.0\\xunit.runner.visualstudio.testadapter.dll"]}
TpTrace Verbose: 0 : 24848, 5, 2025/04/27, 23:36:43.912, 6275107551278, vstest.console.dll, ParallelProxyExecutionManager.StartTestRunOnConcurrentManager: Execution starting. Started clients: 1
TpTrace Warning: 0 : 24848, 5, 2025/04/27, 23:36:43.912, 6275107553359, vstest.console.dll, InferRunSettingsHelper.MakeRunsettingsCompatible: Removing the following settings: TargetPlatform from RunSettings file. To use those settings please move to latest version of Microsoft.NET.Test.Sdk
TpTrace Verbose: 0 : 24848, 10, 2025/04/27, 23:36:43.912, 6275107557513, vstest.console.dll, TestRequestSender.OnExecutionMessageReceived: Received message: {"Version":7,"MessageType":"TestSession.Message","Payload":{"MessageLevel":0,"Message":"Logging TestHost Diagnostics in file: C:\\Users\\meist\\Source\\Repos\\ems-back\\ems-back.Tests\\logs.host.25-04-27_23-36-43_67389_5.txt"}}
TpTrace Verbose: 0 : 24848, 10, 2025/04/27, 23:36:43.914, 6275107578040, vstest.console.dll, TestRunRequest:SendTestRunMessage: Starting.
TpTrace Verbose: 0 : 24848, 10, 2025/04/27, 23:36:43.915, 6275107579202, vstest.console.dll, MulticastDelegateUtilities.SafeInvoke: TestRun.LogMessages: Invoking callback 1/1 for Microsoft.VisualStudio.TestPlatform.CommandLine.TestRunResultAggregator., took 0 ms.
TpTrace Information: 0 : 24848, 10, 2025/04/27, 23:36:43.915, 6275107579432, vstest.console.dll, TestRunRequest:SendTestRunMessage: Completed.
TpTrace Verbose: 0 : 24848, 10, 2025/04/27, 23:36:43.915, 6275107579575, vstest.console.dll, MulticastDelegateUtilities.SafeInvoke: LengthPrefixCommunicationChannel: MessageReceived: Invoking callback 1/1 for Microsoft.VisualStudio.TestPlatform.CommunicationUtilities.TestRequestSender+<>c__DisplayClass34_0., took 2 ms.
TpTrace Verbose: 0 : 24848, 10, 2025/04/27, 23:36:43.915, 6275107579755, vstest.console.dll, TcpClientExtensions.MessageLoopAsync: Polling on remoteEndPoint: 127.0.0.1:52988 localEndPoint: 127.0.0.1:52987 after 5 ms
TpTrace Verbose: 0 : 24848, 4, 2025/04/27, 23:36:43.915, 6275107581196, vstest.console.dll, MulticastDelegateUtilities.SafeInvoke: InternalTestLoggerEvents.SendTestRunMessage: Invoking callback 1/2 for Microsoft.VisualStudio.TestPlatform.Extensions.HtmlLogger.HtmlLogger., took 0 ms.
TpTrace Verbose: 0 : 24848, 4, 2025/04/27, 23:36:43.915, 6275107582510, vstest.console.dll, MulticastDelegateUtilities.SafeInvoke: InternalTestLoggerEvents.SendTestRunMessage: Invoking callback 2/2 for Microsoft.VisualStudio.TestPlatform.CommandLine.Internal.MSBuildLogger., took 0 ms.
TpTrace Verbose: 0 : 24848, 5, 2025/04/27, 23:36:43.917, 6275107599565, vstest.console.dll, TestRequestSender.StartTestRun: Sending test run with message: {"Version":7,"MessageType":"TestExecution.StartWithSources","Payload":{"AdapterSourceMap":{"_none_":["C:\\Users\\meist\\Source\\Repos\\ems-back\\ems-back.Tests\\bin\\Debug\\net8.0\\ems-back.Tests.dll"]},"RunSettings":"<RunSettings>\r\n  <RunConfiguration>\r\n    <ResultsDirectory>C:\\Users\\meist\\Source\\Repos\\ems-back\\ems-back.Tests\\TestResults</ResultsDirectory>\r\n    <TargetFrameworkVersion>.NETCoreApp,Version=v8.0</TargetFrameworkVersion>\r\n    <TestAdaptersPaths>C:\\Users\\meist\\.nuget\\packages\\coverlet.collector\\6.0.4\\build\\netstandard2.0\\</TestAdaptersPaths>\r\n    <DesignMode>False</DesignMode>\r\n    <CollectSourceInformation>False</CollectSourceInformation>\r\n  </RunConfiguration>\r\n  <LoggerRunSettings>\r\n    <Loggers>\r\n      <Logger friendlyName=\"html\" enabled=\"True\">\r\n        <Configuration>\r\n          <logfilename>C:\\Users\\meist\\Source\\Repos\\ems-back\\ems-back.Tests\\TestResults\\report.html</logfilename>\r\n        </Configuration>\r\n      </Logger>\r\n      <Logger friendlyName=\"Microsoft.TestPlatform.MSBuildLogger\" assemblyQualifiedName=\"Microsoft.VisualStudio.TestPlatform.CommandLine.Internal.MSBuildLogger, vstest.console, Version=15.0.0.0, Culture=neutral, PublicKeyToken=b03f5f7f11d50a3a\" codeBase=\"C:\\Program Files\\dotnet\\sdk\\9.0.201\\vstest.console.dll\" enabled=\"True\">\r\n        <Configuration>\r\n          <Verbosity>minimal</Verbosity>\r\n        </Configuration>\r\n      </Logger>\r\n    </Loggers>\r\n  </LoggerRunSettings>\r\n</RunSettings>","TestExecutionContext":{"FrequencyOfRunStatsChangeEvent":10,"RunStatsChangeEventTimeout":"00:00:01.5000000","InIsolation":false,"KeepAlive":false,"AreTestCaseLevelEventsRequired":false,"IsDebug":false,"TestCaseFilter":null,"FilterOptions":null},"Package":null}}
TpTrace Verbose: 0 : 24848, 5, 2025/04/27, 23:36:43.917, 6275107601683, vstest.console.dll, ParallelProxyExecutionManager.StartTestRunOnConcurrentManager: Execution started. Started clients: 1
TpTrace Verbose: 0 : 24848, 10, 2025/04/27, 23:36:44.007, 6275108507807, vstest.console.dll, TcpClientExtensions.MessageLoopAsync: NotifyDataAvailable remoteEndPoint: 127.0.0.1:52988 localEndPoint: 127.0.0.1:52987
TpTrace Verbose: 0 : 24848, 10, 2025/04/27, 23:36:44.008, 6275108509035, vstest.console.dll, TestRequestSender.OnExecutionMessageReceived: Received message: {"Version":7,"MessageType":"TestSession.Message","Payload":{"MessageLevel":0,"Message":"[xUnit.net 00:00:00.00] xUnit.net VSTest Adapter v3.0.2+dd36e86129 (64-bit .NET 8.0.14)"}}
TpTrace Verbose: 0 : 24848, 10, 2025/04/27, 23:36:44.039, 6275108828370, vstest.console.dll, TestRunRequest:SendTestRunMessage: Starting.
TpTrace Verbose: 0 : 24848, 10, 2025/04/27, 23:36:44.040, 6275108829947, vstest.console.dll, MulticastDelegateUtilities.SafeInvoke: TestRun.LogMessages: Invoking callback 1/1 for Microsoft.VisualStudio.TestPlatform.CommandLine.TestRunResultAggregator., took 0 ms.
TpTrace Information: 0 : 24848, 10, 2025/04/27, 23:36:44.040, 6275108830187, vstest.console.dll, TestRunRequest:SendTestRunMessage: Completed.
TpTrace Verbose: 0 : 24848, 10, 2025/04/27, 23:36:44.040, 6275108830332, vstest.console.dll, MulticastDelegateUtilities.SafeInvoke: LengthPrefixCommunicationChannel: MessageReceived: Invoking callback 1/1 for Microsoft.VisualStudio.TestPlatform.CommunicationUtilities.TestRequestSender+<>c__DisplayClass34_0., took 32 ms.
TpTrace Verbose: 0 : 24848, 10, 2025/04/27, 23:36:44.040, 6275108830583, vstest.console.dll, TcpClientExtensions.MessageLoopAsync: Polling on remoteEndPoint: 127.0.0.1:52988 localEndPoint: 127.0.0.1:52987 after 125 ms
TpTrace Verbose: 0 : 24848, 4, 2025/04/27, 23:36:44.040, 6275108831112, vstest.console.dll, MulticastDelegateUtilities.SafeInvoke: InternalTestLoggerEvents.SendTestRunMessage: Invoking callback 1/2 for Microsoft.VisualStudio.TestPlatform.Extensions.HtmlLogger.HtmlLogger., took 0 ms.
TpTrace Verbose: 0 : 24848, 4, 2025/04/27, 23:36:44.040, 6275108832327, vstest.console.dll, MulticastDelegateUtilities.SafeInvoke: InternalTestLoggerEvents.SendTestRunMessage: Invoking callback 2/2 for Microsoft.VisualStudio.TestPlatform.CommandLine.Internal.MSBuildLogger., took 0 ms.
TpTrace Verbose: 0 : 24848, 10, 2025/04/27, 23:36:44.057, 6275108998902, vstest.console.dll, TcpClientExtensions.MessageLoopAsync: NotifyDataAvailable remoteEndPoint: 127.0.0.1:52988 localEndPoint: 127.0.0.1:52987
TpTrace Verbose: 0 : 24848, 10, 2025/04/27, 23:36:44.057, 6275109000969, vstest.console.dll, TestRequestSender.OnExecutionMessageReceived: Received message: {"Version":7,"MessageType":"TestSession.Message","Payload":{"MessageLevel":0,"Message":"[xUnit.net 00:00:00.05]   Discovering: ems-back.Tests"}}
TpTrace Verbose: 0 : 24848, 10, 2025/04/27, 23:36:44.057, 6275109002335, vstest.console.dll, TestRunRequest:SendTestRunMessage: Starting.
TpTrace Verbose: 0 : 24848, 10, 2025/04/27, 23:36:44.057, 6275109002819, vstest.console.dll, MulticastDelegateUtilities.SafeInvoke: TestRun.LogMessages: Invoking callback 1/1 for Microsoft.VisualStudio.TestPlatform.CommandLine.TestRunResultAggregator., took 0 ms.
TpTrace Information: 0 : 24848, 10, 2025/04/27, 23:36:44.057, 6275109002995, vstest.console.dll, TestRunRequest:SendTestRunMessage: Completed.
TpTrace Verbose: 0 : 24848, 10, 2025/04/27, 23:36:44.057, 6275109003163, vstest.console.dll, MulticastDelegateUtilities.SafeInvoke: LengthPrefixCommunicationChannel: MessageReceived: Invoking callback 1/1 for Microsoft.VisualStudio.TestPlatform.CommunicationUtilities.TestRequestSender+<>c__DisplayClass34_0., took 0 ms.
TpTrace Verbose: 0 : 24848, 4, 2025/04/27, 23:36:44.057, 6275109003309, vstest.console.dll, MulticastDelegateUtilities.SafeInvoke: InternalTestLoggerEvents.SendTestRunMessage: Invoking callback 1/2 for Microsoft.VisualStudio.TestPlatform.Extensions.HtmlLogger.HtmlLogger., took 0 ms.
TpTrace Verbose: 0 : 24848, 10, 2025/04/27, 23:36:44.057, 6275109003464, vstest.console.dll, TcpClientExtensions.MessageLoopAsync: Polling on remoteEndPoint: 127.0.0.1:52988 localEndPoint: 127.0.0.1:52987 after 17 ms
TpTrace Verbose: 0 : 24848, 4, 2025/04/27, 23:36:44.057, 6275109004563, vstest.console.dll, MulticastDelegateUtilities.SafeInvoke: InternalTestLoggerEvents.SendTestRunMessage: Invoking callback 2/2 for Microsoft.VisualStudio.TestPlatform.CommandLine.Internal.MSBuildLogger., took 0 ms.
TpTrace Verbose: 0 : 24848, 10, 2025/04/27, 23:36:44.085, 6275109283305, vstest.console.dll, TcpClientExtensions.MessageLoopAsync: NotifyDataAvailable remoteEndPoint: 127.0.0.1:52988 localEndPoint: 127.0.0.1:52987
TpTrace Verbose: 0 : 24848, 10, 2025/04/27, 23:36:44.085, 6275109284597, vstest.console.dll, TestRequestSender.OnExecutionMessageReceived: Received message: {"Version":7,"MessageType":"TestSession.Message","Payload":{"MessageLevel":0,"Message":"[xUnit.net 00:00:00.08]   Discovered:  ems-back.Tests"}}
TpTrace Verbose: 0 : 24848, 10, 2025/04/27, 23:36:44.085, 6275109285450, vstest.console.dll, TestRunRequest:SendTestRunMessage: Starting.
TpTrace Verbose: 0 : 24848, 10, 2025/04/27, 23:36:44.085, 6275109285803, vstest.console.dll, MulticastDelegateUtilities.SafeInvoke: TestRun.LogMessages: Invoking callback 1/1 for Microsoft.VisualStudio.TestPlatform.CommandLine.TestRunResultAggregator., took 0 ms.
TpTrace Information: 0 : 24848, 10, 2025/04/27, 23:36:44.085, 6275109285971, vstest.console.dll, TestRunRequest:SendTestRunMessage: Completed.
TpTrace Verbose: 0 : 24848, 10, 2025/04/27, 23:36:44.085, 6275109286107, vstest.console.dll, MulticastDelegateUtilities.SafeInvoke: LengthPrefixCommunicationChannel: MessageReceived: Invoking callback 1/1 for Microsoft.VisualStudio.TestPlatform.CommunicationUtilities.TestRequestSender+<>c__DisplayClass34_0., took 0 ms.
TpTrace Verbose: 0 : 24848, 4, 2025/04/27, 23:36:44.085, 6275109286133, vstest.console.dll, MulticastDelegateUtilities.SafeInvoke: InternalTestLoggerEvents.SendTestRunMessage: Invoking callback 1/2 for Microsoft.VisualStudio.TestPlatform.Extensions.HtmlLogger.HtmlLogger., took 0 ms.
TpTrace Verbose: 0 : 24848, 10, 2025/04/27, 23:36:44.085, 6275109286253, vstest.console.dll, TcpClientExtensions.MessageLoopAsync: Polling on remoteEndPoint: 127.0.0.1:52988 localEndPoint: 127.0.0.1:52987 after 28 ms
TpTrace Verbose: 0 : 24848, 4, 2025/04/27, 23:36:44.085, 6275109287209, vstest.console.dll, MulticastDelegateUtilities.SafeInvoke: InternalTestLoggerEvents.SendTestRunMessage: Invoking callback 2/2 for Microsoft.VisualStudio.TestPlatform.CommandLine.Internal.MSBuildLogger., took 0 ms.
TpTrace Verbose: 0 : 24848, 10, 2025/04/27, 23:36:44.101, 6275109443223, vstest.console.dll, TcpClientExtensions.MessageLoopAsync: NotifyDataAvailable remoteEndPoint: 127.0.0.1:52988 localEndPoint: 127.0.0.1:52987
TpTrace Verbose: 0 : 24848, 10, 2025/04/27, 23:36:44.101, 6275109445333, vstest.console.dll, TestRequestSender.OnExecutionMessageReceived: Received message: {"Version":7,"MessageType":"TestSession.Message","Payload":{"MessageLevel":0,"Message":"[xUnit.net 00:00:00.09]   Starting:    ems-back.Tests"}}
TpTrace Verbose: 0 : 24848, 10, 2025/04/27, 23:36:44.101, 6275109446436, vstest.console.dll, TestRunRequest:SendTestRunMessage: Starting.
TpTrace Verbose: 0 : 24848, 10, 2025/04/27, 23:36:44.101, 6275109446951, vstest.console.dll, MulticastDelegateUtilities.SafeInvoke: TestRun.LogMessages: Invoking callback 1/1 for Microsoft.VisualStudio.TestPlatform.CommandLine.TestRunResultAggregator., took 0 ms.
TpTrace Information: 0 : 24848, 10, 2025/04/27, 23:36:44.101, 6275109447139, vstest.console.dll, TestRunRequest:SendTestRunMessage: Completed.
TpTrace Verbose: 0 : 24848, 10, 2025/04/27, 23:36:44.101, 6275109447287, vstest.console.dll, MulticastDelegateUtilities.SafeInvoke: LengthPrefixCommunicationChannel: MessageReceived: Invoking callback 1/1 for Microsoft.VisualStudio.TestPlatform.CommunicationUtilities.TestRequestSender+<>c__DisplayClass34_0., took 0 ms.
TpTrace Verbose: 0 : 24848, 10, 2025/04/27, 23:36:44.101, 6275109447453, vstest.console.dll, TcpClientExtensions.MessageLoopAsync: Polling on remoteEndPoint: 127.0.0.1:52988 localEndPoint: 127.0.0.1:52987 after 16 ms
TpTrace Verbose: 0 : 24848, 4, 2025/04/27, 23:36:44.101, 6275109447439, vstest.console.dll, MulticastDelegateUtilities.SafeInvoke: InternalTestLoggerEvents.SendTestRunMessage: Invoking callback 1/2 for Microsoft.VisualStudio.TestPlatform.Extensions.HtmlLogger.HtmlLogger., took 0 ms.
TpTrace Verbose: 0 : 24848, 4, 2025/04/27, 23:36:44.102, 6275109449286, vstest.console.dll, MulticastDelegateUtilities.SafeInvoke: InternalTestLoggerEvents.SendTestRunMessage: Invoking callback 2/2 for Microsoft.VisualStudio.TestPlatform.CommandLine.Internal.MSBuildLogger., took 0 ms.
TpTrace Verbose: 0 : 24848, 13, 2025/04/27, 23:36:44.180, 6275110233457, vstest.console.dll, TestHostManagerCallbacks.StandardOutputReceivedCallback Test host standard output line:      Warning:
TpTrace Verbose: 0 : 24848, 13, 2025/04/27, 23:36:44.180, 6275110236430, vstest.console.dll, MulticastDelegateUtilities.SafeInvoke: TestRunMessageLoggerProxy.SendMessage: Invoking callback 1/1 for Microsoft.VisualStudio.TestPlatform.Common.Logging.InternalTestLoggerEvents., took 0 ms.
TpTrace Verbose: 0 : 24848, 13, 2025/04/27, 23:36:44.180, 6275110237085, vstest.console.dll, TestHostManagerCallbacks.StandardOutputReceivedCallback Test host standard output line:      The component "Fluent Assertions" is governed by the rules defined in the Xceed License Agreement and
TpTrace Verbose: 0 : 24848, 4, 2025/04/27, 23:36:44.180, 6275110237201, vstest.console.dll, MulticastDelegateUtilities.SafeInvoke: InternalTestLoggerEvents.SendMessage: Invoking callback 1/2 for Microsoft.VisualStudio.TestPlatform.Extensions.HtmlLogger.HtmlLogger., took 0 ms.
TpTrace Verbose: 0 : 24848, 13, 2025/04/27, 23:36:44.180, 6275110237465, vstest.console.dll, MulticastDelegateUtilities.SafeInvoke: TestRunMessageLoggerProxy.SendMessage: Invoking callback 1/1 for Microsoft.VisualStudio.TestPlatform.Common.Logging.InternalTestLoggerEvents., took 0 ms.
TpTrace Verbose: 0 : 24848, 13, 2025/04/27, 23:36:44.180, 6275110238100, vstest.console.dll, TestHostManagerCallbacks.StandardOutputReceivedCallback Test host standard output line:      the Xceed Fluent Assertions Community License. You may use Fluent Assertions free of charge for
TpTrace Verbose: 0 : 24848, 13, 2025/04/27, 23:36:44.180, 6275110238387, vstest.console.dll, MulticastDelegateUtilities.SafeInvoke: TestRunMessageLoggerProxy.SendMessage: Invoking callback 1/1 for Microsoft.VisualStudio.TestPlatform.Common.Logging.InternalTestLoggerEvents., took 0 ms.
TpTrace Verbose: 0 : 24848, 4, 2025/04/27, 23:36:44.180, 6275110238555, vstest.console.dll, MulticastDelegateUtilities.SafeInvoke: InternalTestLoggerEvents.SendMessage: Invoking callback 2/2 for Microsoft.VisualStudio.TestPlatform.CommandLine.Internal.MSBuildLogger., took 0 ms.
TpTrace Verbose: 0 : 24848, 4, 2025/04/27, 23:36:44.181, 6275110238904, vstest.console.dll, MulticastDelegateUtilities.SafeInvoke: InternalTestLoggerEvents.SendMessage: Invoking callback 1/2 for Microsoft.VisualStudio.TestPlatform.Extensions.HtmlLogger.HtmlLogger., took 0 ms.
TpTrace Verbose: 0 : 24848, 4, 2025/04/27, 23:36:44.181, 6275110239265, vstest.console.dll, MulticastDelegateUtilities.SafeInvoke: InternalTestLoggerEvents.SendMessage: Invoking callback 2/2 for Microsoft.VisualStudio.TestPlatform.CommandLine.Internal.MSBuildLogger., took 0 ms.
TpTrace Verbose: 0 : 24848, 4, 2025/04/27, 23:36:44.181, 6275110239422, vstest.console.dll, MulticastDelegateUtilities.SafeInvoke: InternalTestLoggerEvents.SendMessage: Invoking callback 1/2 for Microsoft.VisualStudio.TestPlatform.Extensions.HtmlLogger.HtmlLogger., took 0 ms.
TpTrace Verbose: 0 : 24848, 4, 2025/04/27, 23:36:44.181, 6275110240033, vstest.console.dll, MulticastDelegateUtilities.SafeInvoke: InternalTestLoggerEvents.SendMessage: Invoking callback 2/2 for Microsoft.VisualStudio.TestPlatform.CommandLine.Internal.MSBuildLogger., took 0 ms.
TpTrace Verbose: 0 : 24848, 13, 2025/04/27, 23:36:44.181, 6275110240393, vstest.console.dll, TestHostManagerCallbacks.StandardOutputReceivedCallback Test host standard output line:      non-commercial use only. An active subscription is required to use Fluent Assertions for commercial use.
TpTrace Verbose: 0 : 24848, 13, 2025/04/27, 23:36:44.181, 6275110240748, vstest.console.dll, MulticastDelegateUtilities.SafeInvoke: TestRunMessageLoggerProxy.SendMessage: Invoking callback 1/1 for Microsoft.VisualStudio.TestPlatform.Common.Logging.InternalTestLoggerEvents., took 0 ms.
TpTrace Verbose: 0 : 24848, 13, 2025/04/27, 23:36:44.181, 6275110241082, vstest.console.dll, TestHostManagerCallbacks.StandardOutputReceivedCallback Test host standard output line: 
TpTrace Verbose: 0 : 24848, 13, 2025/04/27, 23:36:44.181, 6275110241238, vstest.console.dll, TestHostManagerCallbacks.StandardOutputReceivedCallback Test host standard output line:      Please contact Xceed Sales mailto:sales@xceed.com to acquire a subscription at a very low cost.
TpTrace Verbose: 0 : 24848, 13, 2025/04/27, 23:36:44.181, 6275110241464, vstest.console.dll, MulticastDelegateUtilities.SafeInvoke: TestRunMessageLoggerProxy.SendMessage: Invoking callback 1/1 for Microsoft.VisualStudio.TestPlatform.Common.Logging.InternalTestLoggerEvents., took 0 ms.
TpTrace Verbose: 0 : 24848, 4, 2025/04/27, 23:36:44.181, 6275110241400, vstest.console.dll, MulticastDelegateUtilities.SafeInvoke: InternalTestLoggerEvents.SendMessage: Invoking callback 1/2 for Microsoft.VisualStudio.TestPlatform.Extensions.HtmlLogger.HtmlLogger., took 0 ms.
TpTrace Verbose: 0 : 24848, 13, 2025/04/27, 23:36:44.181, 6275110241619, vstest.console.dll, TestHostManagerCallbacks.StandardOutputReceivedCallback Test host standard output line: 
TpTrace Verbose: 0 : 24848, 4, 2025/04/27, 23:36:44.181, 6275110242658, vstest.console.dll, MulticastDelegateUtilities.SafeInvoke: InternalTestLoggerEvents.SendMessage: Invoking callback 2/2 for Microsoft.VisualStudio.TestPlatform.CommandLine.Internal.MSBuildLogger., took 0 ms.
TpTrace Verbose: 0 : 24848, 13, 2025/04/27, 23:36:44.181, 6275110243133, vstest.console.dll, TestHostManagerCallbacks.StandardOutputReceivedCallback Test host standard output line:      A paid commercial license supports the development and continued increasing support of
TpTrace Verbose: 0 : 24848, 13, 2025/04/27, 23:36:44.181, 6275110244522, vstest.console.dll, MulticastDelegateUtilities.SafeInvoke: TestRunMessageLoggerProxy.SendMessage: Invoking callback 1/1 for Microsoft.VisualStudio.TestPlatform.Common.Logging.InternalTestLoggerEvents., took 0 ms.
TpTrace Verbose: 0 : 24848, 13, 2025/04/27, 23:36:44.181, 6275110244904, vstest.console.dll, TestHostManagerCallbacks.StandardOutputReceivedCallback Test host standard output line:      Fluent Assertions users under both commercial and community licenses. Help us
TpTrace Verbose: 0 : 24848, 4, 2025/04/27, 23:36:44.181, 6275110244106, vstest.console.dll, MulticastDelegateUtilities.SafeInvoke: InternalTestLoggerEvents.SendMessage: Invoking callback 1/2 for Microsoft.VisualStudio.TestPlatform.Extensions.HtmlLogger.HtmlLogger., took 0 ms.
TpTrace Verbose: 0 : 24848, 13, 2025/04/27, 23:36:44.181, 6275110245321, vstest.console.dll, MulticastDelegateUtilities.SafeInvoke: TestRunMessageLoggerProxy.SendMessage: Invoking callback 1/1 for Microsoft.VisualStudio.TestPlatform.Common.Logging.InternalTestLoggerEvents., took 0 ms.
TpTrace Verbose: 0 : 24848, 13, 2025/04/27, 23:36:44.181, 6275110246410, vstest.console.dll, TestHostManagerCallbacks.StandardOutputReceivedCallback Test host standard output line:      keep Fluent Assertions at the forefront of unit testing.
TpTrace Verbose: 0 : 24848, 13, 2025/04/27, 23:36:44.181, 6275110247113, vstest.console.dll, MulticastDelegateUtilities.SafeInvoke: TestRunMessageLoggerProxy.SendMessage: Invoking callback 1/1 for Microsoft.VisualStudio.TestPlatform.Common.Logging.InternalTestLoggerEvents., took 0 ms.
TpTrace Verbose: 0 : 24848, 4, 2025/04/27, 23:36:44.181, 6275110246463, vstest.console.dll, MulticastDelegateUtilities.SafeInvoke: InternalTestLoggerEvents.SendMessage: Invoking callback 2/2 for Microsoft.VisualStudio.TestPlatform.CommandLine.Internal.MSBuildLogger., took 0 ms.
TpTrace Verbose: 0 : 24848, 4, 2025/04/27, 23:36:44.181, 6275110248189, vstest.console.dll, MulticastDelegateUtilities.SafeInvoke: InternalTestLoggerEvents.SendMessage: Invoking callback 1/2 for Microsoft.VisualStudio.TestPlatform.Extensions.HtmlLogger.HtmlLogger., took 0 ms.
TpTrace Verbose: 0 : 24848, 13, 2025/04/27, 23:36:44.181, 6275110248192, vstest.console.dll, TestHostManagerCallbacks.StandardOutputReceivedCallback Test host standard output line: 
TpTrace Verbose: 0 : 24848, 4, 2025/04/27, 23:36:44.182, 6275110248961, vstest.console.dll, MulticastDelegateUtilities.SafeInvoke: InternalTestLoggerEvents.SendMessage: Invoking callback 2/2 for Microsoft.VisualStudio.TestPlatform.CommandLine.Internal.MSBuildLogger., took 0 ms.
TpTrace Verbose: 0 : 24848, 13, 2025/04/27, 23:36:44.182, 6275110248979, vstest.console.dll, TestHostManagerCallbacks.StandardOutputReceivedCallback Test host standard output line:      For more information, visit https://xceed.com/products/unit-testing/fluent-assertions/
TpTrace Verbose: 0 : 24848, 13, 2025/04/27, 23:36:44.182, 6275110249709, vstest.console.dll, MulticastDelegateUtilities.SafeInvoke: TestRunMessageLoggerProxy.SendMessage: Invoking callback 1/1 for Microsoft.VisualStudio.TestPlatform.Common.Logging.InternalTestLoggerEvents., took 0 ms.
TpTrace Verbose: 0 : 24848, 4, 2025/04/27, 23:36:44.182, 6275110249905, vstest.console.dll, MulticastDelegateUtilities.SafeInvoke: InternalTestLoggerEvents.SendMessage: Invoking callback 1/2 for Microsoft.VisualStudio.TestPlatform.Extensions.HtmlLogger.HtmlLogger., took 0 ms.
TpTrace Verbose: 0 : 24848, 4, 2025/04/27, 23:36:44.182, 6275110250807, vstest.console.dll, MulticastDelegateUtilities.SafeInvoke: InternalTestLoggerEvents.SendMessage: Invoking callback 2/2 for Microsoft.VisualStudio.TestPlatform.CommandLine.Internal.MSBuildLogger., took 0 ms.
TpTrace Verbose: 0 : 24848, 4, 2025/04/27, 23:36:44.182, 6275110251194, vstest.console.dll, MulticastDelegateUtilities.SafeInvoke: InternalTestLoggerEvents.SendMessage: Invoking callback 1/2 for Microsoft.VisualStudio.TestPlatform.Extensions.HtmlLogger.HtmlLogger., took 0 ms.
TpTrace Verbose: 0 : 24848, 4, 2025/04/27, 23:36:44.182, 6275110251559, vstest.console.dll, MulticastDelegateUtilities.SafeInvoke: InternalTestLoggerEvents.SendMessage: Invoking callback 2/2 for Microsoft.VisualStudio.TestPlatform.CommandLine.Internal.MSBuildLogger., took 0 ms.
TpTrace Verbose: 0 : 24848, 4, 2025/04/27, 23:36:44.182, 6275110251798, vstest.console.dll, MulticastDelegateUtilities.SafeInvoke: InternalTestLoggerEvents.SendMessage: Invoking callback 1/2 for Microsoft.VisualStudio.TestPlatform.Extensions.HtmlLogger.HtmlLogger., took 0 ms.
TpTrace Verbose: 0 : 24848, 4, 2025/04/27, 23:36:44.182, 6275110252064, vstest.console.dll, MulticastDelegateUtilities.SafeInvoke: InternalTestLoggerEvents.SendMessage: Invoking callback 2/2 for Microsoft.VisualStudio.TestPlatform.CommandLine.Internal.MSBuildLogger., took 0 ms.
TpTrace Verbose: 0 : 24848, 10, 2025/04/27, 23:36:44.223, 6275110665824, vstest.console.dll, TcpClientExtensions.MessageLoopAsync: NotifyDataAvailable remoteEndPoint: 127.0.0.1:52988 localEndPoint: 127.0.0.1:52987
TpTrace Verbose: 0 : 24848, 10, 2025/04/27, 23:36:44.223, 6275110667436, vstest.console.dll, TestRequestSender.OnExecutionMessageReceived: Received message: {"Version":7,"MessageType":"TestSession.Message","Payload":{"MessageLevel":2,"Message":"[xUnit.net 00:00:00.21]     ems_back.Tests.Services.UserServiceTests.CreateUserAsync_ValidData_ReturnsUser [FAIL]"}}
TpTrace Verbose: 0 : 24848, 10, 2025/04/27, 23:36:44.223, 6275110668362, vstest.console.dll, TestRunRequest:SendTestRunMessage: Starting.
TpTrace Verbose: 0 : 24848, 10, 2025/04/27, 23:36:44.224, 6275110668929, vstest.console.dll, MulticastDelegateUtilities.SafeInvoke: TestRun.LogMessages: Invoking callback 1/1 for Microsoft.VisualStudio.TestPlatform.CommandLine.TestRunResultAggregator., took 0 ms.
TpTrace Verbose: 0 : 24848, 4, 2025/04/27, 23:36:44.224, 6275110669634, vstest.console.dll, MulticastDelegateUtilities.SafeInvoke: InternalTestLoggerEvents.SendTestRunMessage: Invoking callback 1/2 for Microsoft.VisualStudio.TestPlatform.Extensions.HtmlLogger.HtmlLogger., took 0 ms.
TpTrace Information: 0 : 24848, 10, 2025/04/27, 23:36:44.224, 6275110670569, vstest.console.dll, TestRunRequest:SendTestRunMessage: Completed.
TpTrace Verbose: 0 : 24848, 10, 2025/04/27, 23:36:44.224, 6275110671464, vstest.console.dll, MulticastDelegateUtilities.SafeInvoke: LengthPrefixCommunicationChannel: MessageReceived: Invoking callback 1/1 for Microsoft.VisualStudio.TestPlatform.CommunicationUtilities.TestRequestSender+<>c__DisplayClass34_0., took 0 ms.
TpTrace Verbose: 0 : 24848, 4, 2025/04/27, 23:36:44.224, 6275110671619, vstest.console.dll, MulticastDelegateUtilities.SafeInvoke: InternalTestLoggerEvents.SendTestRunMessage: Invoking callback 2/2 for Microsoft.VisualStudio.TestPlatform.CommandLine.Internal.MSBuildLogger., took 0 ms.
TpTrace Verbose: 0 : 24848, 10, 2025/04/27, 23:36:44.224, 6275110671674, vstest.console.dll, TcpClientExtensions.MessageLoopAsync: Polling on remoteEndPoint: 127.0.0.1:52988 localEndPoint: 127.0.0.1:52987 after 122 ms
TpTrace Verbose: 0 : 24848, 10, 2025/04/27, 23:36:44.224, 6275110672359, vstest.console.dll, TcpClientExtensions.MessageLoopAsync: NotifyDataAvailable remoteEndPoint: 127.0.0.1:52988 localEndPoint: 127.0.0.1:52987
TpTrace Verbose: 0 : 24848, 10, 2025/04/27, 23:36:44.224, 6275110673207, vstest.console.dll, TestRequestSender.OnExecutionMessageReceived: Received message: {"Version":7,"MessageType":"TestSession.Message","Payload":{"MessageLevel":0,"Message":"[xUnit.net 00:00:00.21]       System.ArgumentException : Can not instantiate proxy of class: Microsoft.AspNetCore.Identity.SignInManager`1[[ems_back.Repo.Models.User, ems_back.Repo, Version=1.0.0.0, Culture=neutral, PublicKeyToken=null]]."}}
TpTrace Verbose: 0 : 24848, 10, 2025/04/27, 23:36:44.224, 6275110674076, vstest.console.dll, TestRunRequest:SendTestRunMessage: Starting.
TpTrace Verbose: 0 : 24848, 10, 2025/04/27, 23:36:44.224, 6275110674385, vstest.console.dll, MulticastDelegateUtilities.SafeInvoke: TestRun.LogMessages: Invoking callback 1/1 for Microsoft.VisualStudio.TestPlatform.CommandLine.TestRunResultAggregator., took 0 ms.
TpTrace Information: 0 : 24848, 10, 2025/04/27, 23:36:44.224, 6275110674565, vstest.console.dll, TestRunRequest:SendTestRunMessage: Completed.
TpTrace Verbose: 0 : 24848, 10, 2025/04/27, 23:36:44.224, 6275110674693, vstest.console.dll, MulticastDelegateUtilities.SafeInvoke: LengthPrefixCommunicationChannel: MessageReceived: Invoking callback 1/1 for Microsoft.VisualStudio.TestPlatform.CommunicationUtilities.TestRequestSender+<>c__DisplayClass34_0., took 0 ms.
TpTrace Verbose: 0 : 24848, 10, 2025/04/27, 23:36:44.224, 6275110674821, vstest.console.dll, TcpClientExtensions.MessageLoopAsync: Polling on remoteEndPoint: 127.0.0.1:52988 localEndPoint: 127.0.0.1:52987 after 0 ms
TpTrace Verbose: 0 : 24848, 4, 2025/04/27, 23:36:44.224, 6275110674843, vstest.console.dll, MulticastDelegateUtilities.SafeInvoke: InternalTestLoggerEvents.SendTestRunMessage: Invoking callback 1/2 for Microsoft.VisualStudio.TestPlatform.Extensions.HtmlLogger.HtmlLogger., took 0 ms.
TpTrace Verbose: 0 : 24848, 4, 2025/04/27, 23:36:44.224, 6275110676068, vstest.console.dll, MulticastDelegateUtilities.SafeInvoke: InternalTestLoggerEvents.SendTestRunMessage: Invoking callback 2/2 for Microsoft.VisualStudio.TestPlatform.CommandLine.Internal.MSBuildLogger., took 0 ms.
TpTrace Verbose: 0 : 24848, 10, 2025/04/27, 23:36:44.224, 6275110675029, vstest.console.dll, TcpClientExtensions.MessageLoopAsync: NotifyDataAvailable remoteEndPoint: 127.0.0.1:52988 localEndPoint: 127.0.0.1:52987
TpTrace Verbose: 0 : 24848, 10, 2025/04/27, 23:36:44.224, 6275110677603, vstest.console.dll, TestRequestSender.OnExecutionMessageReceived: Received message: {"Version":7,"MessageType":"TestSession.Message","Payload":{"MessageLevel":0,"Message":"[xUnit.net 00:00:00.21]       Could not find a parameterless constructor. (Parameter 'constructorArguments')"}}
TpTrace Verbose: 0 : 24848, 10, 2025/04/27, 23:36:44.224, 6275110678116, vstest.console.dll, TestRunRequest:SendTestRunMessage: Starting.
TpTrace Verbose: 0 : 24848, 10, 2025/04/27, 23:36:44.224, 6275110678520, vstest.console.dll, MulticastDelegateUtilities.SafeInvoke: TestRun.LogMessages: Invoking callback 1/1 for Microsoft.VisualStudio.TestPlatform.CommandLine.TestRunResultAggregator., took 0 ms.
TpTrace Information: 0 : 24848, 10, 2025/04/27, 23:36:44.224, 6275110678703, vstest.console.dll, TestRunRequest:SendTestRunMessage: Completed.
TpTrace Verbose: 0 : 24848, 10, 2025/04/27, 23:36:44.225, 6275110678840, vstest.console.dll, MulticastDelegateUtilities.SafeInvoke: LengthPrefixCommunicationChannel: MessageReceived: Invoking callback 1/1 for Microsoft.VisualStudio.TestPlatform.CommunicationUtilities.TestRequestSender+<>c__DisplayClass34_0., took 0 ms.
TpTrace Verbose: 0 : 24848, 10, 2025/04/27, 23:36:44.225, 6275110678974, vstest.console.dll, TcpClientExtensions.MessageLoopAsync: Polling on remoteEndPoint: 127.0.0.1:52988 localEndPoint: 127.0.0.1:52987 after 0 ms
TpTrace Verbose: 0 : 24848, 4, 2025/04/27, 23:36:44.225, 6275110679066, vstest.console.dll, MulticastDelegateUtilities.SafeInvoke: InternalTestLoggerEvents.SendTestRunMessage: Invoking callback 1/2 for Microsoft.VisualStudio.TestPlatform.Extensions.HtmlLogger.HtmlLogger., took 0 ms.
TpTrace Verbose: 0 : 24848, 10, 2025/04/27, 23:36:44.225, 6275110679154, vstest.console.dll, TcpClientExtensions.MessageLoopAsync: NotifyDataAvailable remoteEndPoint: 127.0.0.1:52988 localEndPoint: 127.0.0.1:52987
TpTrace Verbose: 0 : 24848, 4, 2025/04/27, 23:36:44.225, 6275110680299, vstest.console.dll, MulticastDelegateUtilities.SafeInvoke: InternalTestLoggerEvents.SendTestRunMessage: Invoking callback 2/2 for Microsoft.VisualStudio.TestPlatform.CommandLine.Internal.MSBuildLogger., took 0 ms.
TpTrace Verbose: 0 : 24848, 10, 2025/04/27, 23:36:44.225, 6275110680530, vstest.console.dll, TestRequestSender.OnExecutionMessageReceived: Received message: {"Version":7,"MessageType":"TestSession.Message","Payload":{"MessageLevel":0,"Message":"[xUnit.net 00:00:00.21]       ---- System.MissingMethodException : Constructor on type 'Castle.Proxies.SignInManager`1Proxy' not found."}}
TpTrace Verbose: 0 : 24848, 10, 2025/04/27, 23:36:44.225, 6275110681131, vstest.console.dll, TestRunRequest:SendTestRunMessage: Starting.
TpTrace Verbose: 0 : 24848, 10, 2025/04/27, 23:36:44.225, 6275110681524, vstest.console.dll, MulticastDelegateUtilities.SafeInvoke: TestRun.LogMessages: Invoking callback 1/1 for Microsoft.VisualStudio.TestPlatform.CommandLine.TestRunResultAggregator., took 0 ms.
TpTrace Information: 0 : 24848, 10, 2025/04/27, 23:36:44.225, 6275110681712, vstest.console.dll, TestRunRequest:SendTestRunMessage: Completed.
TpTrace Verbose: 0 : 24848, 4, 2025/04/27, 23:36:44.225, 6275110681694, vstest.console.dll, MulticastDelegateUtilities.SafeInvoke: InternalTestLoggerEvents.SendTestRunMessage: Invoking callback 1/2 for Microsoft.VisualStudio.TestPlatform.Extensions.HtmlLogger.HtmlLogger., took 0 ms.
TpTrace Verbose: 0 : 24848, 10, 2025/04/27, 23:36:44.225, 6275110682092, vstest.console.dll, MulticastDelegateUtilities.SafeInvoke: LengthPrefixCommunicationChannel: MessageReceived: Invoking callback 1/1 for Microsoft.VisualStudio.TestPlatform.CommunicationUtilities.TestRequestSender+<>c__DisplayClass34_0., took 0 ms.
TpTrace Verbose: 0 : 24848, 10, 2025/04/27, 23:36:44.225, 6275110683515, vstest.console.dll, TcpClientExtensions.MessageLoopAsync: Polling on remoteEndPoint: 127.0.0.1:52988 localEndPoint: 127.0.0.1:52987 after 0 ms
TpTrace Verbose: 0 : 24848, 10, 2025/04/27, 23:36:44.225, 6275110683768, vstest.console.dll, TcpClientExtensions.MessageLoopAsync: NotifyDataAvailable remoteEndPoint: 127.0.0.1:52988 localEndPoint: 127.0.0.1:52987
TpTrace Verbose: 0 : 24848, 4, 2025/04/27, 23:36:44.225, 6275110683869, vstest.console.dll, MulticastDelegateUtilities.SafeInvoke: InternalTestLoggerEvents.SendTestRunMessage: Invoking callback 2/2 for Microsoft.VisualStudio.TestPlatform.CommandLine.Internal.MSBuildLogger., took 0 ms.
TpTrace Verbose: 0 : 24848, 10, 2025/04/27, 23:36:44.225, 6275110684112, vstest.console.dll, TestRequestSender.OnExecutionMessageReceived: Received message: {"Version":7,"MessageType":"TestSession.Message","Payload":{"MessageLevel":0,"Message":"[xUnit.net 00:00:00.22]       Stack Trace:"}}
TpTrace Verbose: 0 : 24848, 10, 2025/04/27, 23:36:44.225, 6275110685324, vstest.console.dll, TestRunRequest:SendTestRunMessage: Starting.
TpTrace Verbose: 0 : 24848, 10, 2025/04/27, 23:36:44.225, 6275110685847, vstest.console.dll, MulticastDelegateUtilities.SafeInvoke: TestRun.LogMessages: Invoking callback 1/1 for Microsoft.VisualStudio.TestPlatform.CommandLine.TestRunResultAggregator., took 0 ms.
TpTrace Verbose: 0 : 24848, 4, 2025/04/27, 23:36:44.225, 6275110685855, vstest.console.dll, MulticastDelegateUtilities.SafeInvoke: InternalTestLoggerEvents.SendTestRunMessage: Invoking callback 1/2 for Microsoft.VisualStudio.TestPlatform.Extensions.HtmlLogger.HtmlLogger., took 0 ms.
TpTrace Information: 0 : 24848, 10, 2025/04/27, 23:36:44.225, 6275110686188, vstest.console.dll, TestRunRequest:SendTestRunMessage: Completed.
TpTrace Verbose: 0 : 24848, 10, 2025/04/27, 23:36:44.225, 6275110687839, vstest.console.dll, MulticastDelegateUtilities.SafeInvoke: LengthPrefixCommunicationChannel: MessageReceived: Invoking callback 1/1 for Microsoft.VisualStudio.TestPlatform.CommunicationUtilities.TestRequestSender+<>c__DisplayClass34_0., took 0 ms.
TpTrace Verbose: 0 : 24848, 10, 2025/04/27, 23:36:44.225, 6275110688167, vstest.console.dll, TcpClientExtensions.MessageLoopAsync: Polling on remoteEndPoint: 127.0.0.1:52988 localEndPoint: 127.0.0.1:52987 after 0 ms
TpTrace Verbose: 0 : 24848, 4, 2025/04/27, 23:36:44.225, 6275110688121, vstest.console.dll, MulticastDelegateUtilities.SafeInvoke: InternalTestLoggerEvents.SendTestRunMessage: Invoking callback 2/2 for Microsoft.VisualStudio.TestPlatform.CommandLine.Internal.MSBuildLogger., took 0 ms.
TpTrace Verbose: 0 : 24848, 10, 2025/04/27, 23:36:44.225, 6275110688639, vstest.console.dll, TcpClientExtensions.MessageLoopAsync: NotifyDataAvailable remoteEndPoint: 127.0.0.1:52988 localEndPoint: 127.0.0.1:52987
TpTrace Verbose: 0 : 24848, 10, 2025/04/27, 23:36:44.226, 6275110689312, vstest.console.dll, TestRequestSender.OnExecutionMessageReceived: Received message: {"Version":7,"MessageType":"TestSession.Message","Payload":{"MessageLevel":0,"Message":"[xUnit.net 00:00:00.22]            at Castle.DynamicProxy.ProxyGenerator.CreateClassProxyInstance(Type proxyType, List`1 proxyArguments, Type classToProxy, Object[] constructorArguments)"}}
TpTrace Verbose: 0 : 24848, 10, 2025/04/27, 23:36:44.226, 6275110689937, vstest.console.dll, TestRunRequest:SendTestRunMessage: Starting.
TpTrace Verbose: 0 : 24848, 10, 2025/04/27, 23:36:44.226, 6275110690965, vstest.console.dll, MulticastDelegateUtilities.SafeInvoke: TestRun.LogMessages: Invoking callback 1/1 for Microsoft.VisualStudio.TestPlatform.CommandLine.TestRunResultAggregator., took 0 ms.
TpTrace Verbose: 0 : 24848, 4, 2025/04/27, 23:36:44.226, 6275110690996, vstest.console.dll, MulticastDelegateUtilities.SafeInvoke: InternalTestLoggerEvents.SendTestRunMessage: Invoking callback 1/2 for Microsoft.VisualStudio.TestPlatform.Extensions.HtmlLogger.HtmlLogger., took 0 ms.
TpTrace Information: 0 : 24848, 10, 2025/04/27, 23:36:44.226, 6275110691279, vstest.console.dll, TestRunRequest:SendTestRunMessage: Completed.
TpTrace Verbose: 0 : 24848, 10, 2025/04/27, 23:36:44.226, 6275110692016, vstest.console.dll, MulticastDelegateUtilities.SafeInvoke: LengthPrefixCommunicationChannel: MessageReceived: Invoking callback 1/1 for Microsoft.VisualStudio.TestPlatform.CommunicationUtilities.TestRequestSender+<>c__DisplayClass34_0., took 0 ms.
TpTrace Verbose: 0 : 24848, 4, 2025/04/27, 23:36:44.226, 6275110692197, vstest.console.dll, MulticastDelegateUtilities.SafeInvoke: InternalTestLoggerEvents.SendTestRunMessage: Invoking callback 2/2 for Microsoft.VisualStudio.TestPlatform.CommandLine.Internal.MSBuildLogger., took 0 ms.
TpTrace Verbose: 0 : 24848, 10, 2025/04/27, 23:36:44.226, 6275110692211, vstest.console.dll, TcpClientExtensions.MessageLoopAsync: Polling on remoteEndPoint: 127.0.0.1:52988 localEndPoint: 127.0.0.1:52987 after 0 ms
TpTrace Verbose: 0 : 24848, 10, 2025/04/27, 23:36:44.226, 6275110692908, vstest.console.dll, TcpClientExtensions.MessageLoopAsync: NotifyDataAvailable remoteEndPoint: 127.0.0.1:52988 localEndPoint: 127.0.0.1:52987
TpTrace Verbose: 0 : 24848, 10, 2025/04/27, 23:36:44.226, 6275110693368, vstest.console.dll, TestRequestSender.OnExecutionMessageReceived: Received message: {"Version":7,"MessageType":"TestSession.Message","Payload":{"MessageLevel":0,"Message":"[xUnit.net 00:00:00.22]            at Castle.DynamicProxy.ProxyGenerator.CreateClassProxy(Type classToProxy, Type[] additionalInterfacesToProxy, ProxyGenerationOptions options, Object[] constructorArguments, IInterceptor[] interceptors)"}}
TpTrace Verbose: 0 : 24848, 10, 2025/04/27, 23:36:44.226, 6275110693921, vstest.console.dll, TestRunRequest:SendTestRunMessage: Starting.
TpTrace Verbose: 0 : 24848, 10, 2025/04/27, 23:36:44.226, 6275110694210, vstest.console.dll, MulticastDelegateUtilities.SafeInvoke: TestRun.LogMessages: Invoking callback 1/1 for Microsoft.VisualStudio.TestPlatform.CommandLine.TestRunResultAggregator., took 0 ms.
TpTrace Information: 0 : 24848, 10, 2025/04/27, 23:36:44.226, 6275110694447, vstest.console.dll, TestRunRequest:SendTestRunMessage: Completed.
TpTrace Verbose: 0 : 24848, 4, 2025/04/27, 23:36:44.226, 6275110694407, vstest.console.dll, MulticastDelegateUtilities.SafeInvoke: InternalTestLoggerEvents.SendTestRunMessage: Invoking callback 1/2 for Microsoft.VisualStudio.TestPlatform.Extensions.HtmlLogger.HtmlLogger., took 0 ms.
TpTrace Verbose: 0 : 24848, 10, 2025/04/27, 23:36:44.226, 6275110694787, vstest.console.dll, MulticastDelegateUtilities.SafeInvoke: LengthPrefixCommunicationChannel: MessageReceived: Invoking callback 1/1 for Microsoft.VisualStudio.TestPlatform.CommunicationUtilities.TestRequestSender+<>c__DisplayClass34_0., took 0 ms.
TpTrace Verbose: 0 : 24848, 10, 2025/04/27, 23:36:44.226, 6275110695757, vstest.console.dll, TcpClientExtensions.MessageLoopAsync: Polling on remoteEndPoint: 127.0.0.1:52988 localEndPoint: 127.0.0.1:52987 after 0 ms
TpTrace Verbose: 0 : 24848, 4, 2025/04/27, 23:36:44.226, 6275110695944, vstest.console.dll, MulticastDelegateUtilities.SafeInvoke: InternalTestLoggerEvents.SendTestRunMessage: Invoking callback 2/2 for Microsoft.VisualStudio.TestPlatform.CommandLine.Internal.MSBuildLogger., took 0 ms.
TpTrace Verbose: 0 : 24848, 10, 2025/04/27, 23:36:44.226, 6275110696127, vstest.console.dll, TcpClientExtensions.MessageLoopAsync: NotifyDataAvailable remoteEndPoint: 127.0.0.1:52988 localEndPoint: 127.0.0.1:52987
TpTrace Verbose: 0 : 24848, 10, 2025/04/27, 23:36:44.226, 6275110697174, vstest.console.dll, TestRequestSender.OnExecutionMessageReceived: Received message: {"Version":7,"MessageType":"TestSession.Message","Payload":{"MessageLevel":0,"Message":"[xUnit.net 00:00:00.22]         /_/src/Moq/Interception/CastleProxyFactory.cs(62,0): at Moq.CastleProxyFactory.CreateProxy(Type mockType, IInterceptor interceptor, Type[] interfaces, Object[] arguments)"}}
TpTrace Verbose: 0 : 24848, 10, 2025/04/27, 23:36:44.226, 6275110697983, vstest.console.dll, TestRunRequest:SendTestRunMessage: Starting.
TpTrace Verbose: 0 : 24848, 10, 2025/04/27, 23:36:44.226, 6275110698427, vstest.console.dll, MulticastDelegateUtilities.SafeInvoke: TestRun.LogMessages: Invoking callback 1/1 for Microsoft.VisualStudio.TestPlatform.CommandLine.TestRunResultAggregator., took 0 ms.
TpTrace Verbose: 0 : 24848, 4, 2025/04/27, 23:36:44.226, 6275110698506, vstest.console.dll, MulticastDelegateUtilities.SafeInvoke: InternalTestLoggerEvents.SendTestRunMessage: Invoking callback 1/2 for Microsoft.VisualStudio.TestPlatform.Extensions.HtmlLogger.HtmlLogger., took 0 ms.
TpTrace Information: 0 : 24848, 10, 2025/04/27, 23:36:44.227, 6275110699399, vstest.console.dll, TestRunRequest:SendTestRunMessage: Completed.
TpTrace Verbose: 0 : 24848, 4, 2025/04/27, 23:36:44.227, 6275110699731, vstest.console.dll, MulticastDelegateUtilities.SafeInvoke: InternalTestLoggerEvents.SendTestRunMessage: Invoking callback 2/2 for Microsoft.VisualStudio.TestPlatform.CommandLine.Internal.MSBuildLogger., took 0 ms.
TpTrace Verbose: 0 : 24848, 10, 2025/04/27, 23:36:44.227, 6275110700678, vstest.console.dll, MulticastDelegateUtilities.SafeInvoke: LengthPrefixCommunicationChannel: MessageReceived: Invoking callback 1/1 for Microsoft.VisualStudio.TestPlatform.CommunicationUtilities.TestRequestSender+<>c__DisplayClass34_0., took 0 ms.
TpTrace Verbose: 0 : 24848, 10, 2025/04/27, 23:36:44.227, 6275110701236, vstest.console.dll, TcpClientExtensions.MessageLoopAsync: Polling on remoteEndPoint: 127.0.0.1:52988 localEndPoint: 127.0.0.1:52987 after 0 ms
TpTrace Verbose: 0 : 24848, 10, 2025/04/27, 23:36:44.227, 6275110701868, vstest.console.dll, TcpClientExtensions.MessageLoopAsync: NotifyDataAvailable remoteEndPoint: 127.0.0.1:52988 localEndPoint: 127.0.0.1:52987
TpTrace Verbose: 0 : 24848, 10, 2025/04/27, 23:36:44.227, 6275110702539, vstest.console.dll, TestRequestSender.OnExecutionMessageReceived: Received message: {"Version":7,"MessageType":"TestSession.Message","Payload":{"MessageLevel":0,"Message":"[xUnit.net 00:00:00.22]         /_/src/Moq/Mock`1.cs(309,0): at Moq.Mock`1.InitializeInstance()"}}
TpTrace Verbose: 0 : 24848, 10, 2025/04/27, 23:36:44.227, 6275110703690, vstest.console.dll, TestRunRequest:SendTestRunMessage: Starting.
TpTrace Verbose: 0 : 24848, 10, 2025/04/27, 23:36:44.227, 6275110704373, vstest.console.dll, MulticastDelegateUtilities.SafeInvoke: TestRun.LogMessages: Invoking callback 1/1 for Microsoft.VisualStudio.TestPlatform.CommandLine.TestRunResultAggregator., took 0 ms.
TpTrace Information: 0 : 24848, 10, 2025/04/27, 23:36:44.227, 6275110704763, vstest.console.dll, TestRunRequest:SendTestRunMessage: Completed.
TpTrace Verbose: 0 : 24848, 4, 2025/04/27, 23:36:44.227, 6275110704568, vstest.console.dll, MulticastDelegateUtilities.SafeInvoke: InternalTestLoggerEvents.SendTestRunMessage: Invoking callback 1/2 for Microsoft.VisualStudio.TestPlatform.Extensions.HtmlLogger.HtmlLogger., took 0 ms.
TpTrace Verbose: 0 : 24848, 10, 2025/04/27, 23:36:44.227, 6275110705194, vstest.console.dll, MulticastDelegateUtilities.SafeInvoke: LengthPrefixCommunicationChannel: MessageReceived: Invoking callback 1/1 for Microsoft.VisualStudio.TestPlatform.CommunicationUtilities.TestRequestSender+<>c__DisplayClass34_0., took 0 ms.
TpTrace Verbose: 0 : 24848, 10, 2025/04/27, 23:36:44.227, 6275110705902, vstest.console.dll, TcpClientExtensions.MessageLoopAsync: Polling on remoteEndPoint: 127.0.0.1:52988 localEndPoint: 127.0.0.1:52987 after 0 ms
TpTrace Verbose: 0 : 24848, 4, 2025/04/27, 23:36:44.227, 6275110706059, vstest.console.dll, MulticastDelegateUtilities.SafeInvoke: InternalTestLoggerEvents.SendTestRunMessage: Invoking callback 2/2 for Microsoft.VisualStudio.TestPlatform.CommandLine.Internal.MSBuildLogger., took 0 ms.
TpTrace Verbose: 0 : 24848, 10, 2025/04/27, 23:36:44.227, 6275110706264, vstest.console.dll, TcpClientExtensions.MessageLoopAsync: NotifyDataAvailable remoteEndPoint: 127.0.0.1:52988 localEndPoint: 127.0.0.1:52987
TpTrace Verbose: 0 : 24848, 10, 2025/04/27, 23:36:44.227, 6275110706804, vstest.console.dll, TestRequestSender.OnExecutionMessageReceived: Received message: {"Version":7,"MessageType":"TestSession.Message","Payload":{"MessageLevel":0,"Message":"[xUnit.net 00:00:00.22]         /_/src/Moq/Mock`1.cs(323,0): at Moq.Mock`1.OnGetObject()"}}
TpTrace Verbose: 0 : 24848, 10, 2025/04/27, 23:36:44.227, 6275110707293, vstest.console.dll, TestRunRequest:SendTestRunMessage: Starting.
TpTrace Verbose: 0 : 24848, 10, 2025/04/27, 23:36:44.227, 6275110707610, vstest.console.dll, MulticastDelegateUtilities.SafeInvoke: TestRun.LogMessages: Invoking callback 1/1 for Microsoft.VisualStudio.TestPlatform.CommandLine.TestRunResultAggregator., took 0 ms.
TpTrace Information: 0 : 24848, 10, 2025/04/27, 23:36:44.227, 6275110707795, vstest.console.dll, TestRunRequest:SendTestRunMessage: Completed.
TpTrace Verbose: 0 : 24848, 4, 2025/04/27, 23:36:44.227, 6275110707789, vstest.console.dll, MulticastDelegateUtilities.SafeInvoke: InternalTestLoggerEvents.SendTestRunMessage: Invoking callback 1/2 for Microsoft.VisualStudio.TestPlatform.Extensions.HtmlLogger.HtmlLogger., took 0 ms.
TpTrace Verbose: 0 : 24848, 10, 2025/04/27, 23:36:44.227, 6275110707953, vstest.console.dll, MulticastDelegateUtilities.SafeInvoke: LengthPrefixCommunicationChannel: MessageReceived: Invoking callback 1/1 for Microsoft.VisualStudio.TestPlatform.CommunicationUtilities.TestRequestSender+<>c__DisplayClass34_0., took 0 ms.
TpTrace Verbose: 0 : 24848, 10, 2025/04/27, 23:36:44.227, 6275110708327, vstest.console.dll, TcpClientExtensions.MessageLoopAsync: Polling on remoteEndPoint: 127.0.0.1:52988 localEndPoint: 127.0.0.1:52987 after 0 ms
TpTrace Verbose: 0 : 24848, 10, 2025/04/27, 23:36:44.227, 6275110708494, vstest.console.dll, TcpClientExtensions.MessageLoopAsync: NotifyDataAvailable remoteEndPoint: 127.0.0.1:52988 localEndPoint: 127.0.0.1:52987
TpTrace Verbose: 0 : 24848, 4, 2025/04/27, 23:36:44.227, 6275110708482, vstest.console.dll, MulticastDelegateUtilities.SafeInvoke: InternalTestLoggerEvents.SendTestRunMessage: Invoking callback 2/2 for Microsoft.VisualStudio.TestPlatform.CommandLine.Internal.MSBuildLogger., took 0 ms.
TpTrace Verbose: 0 : 24848, 10, 2025/04/27, 23:36:44.228, 6275110708846, vstest.console.dll, TestRequestSender.OnExecutionMessageReceived: Received message: {"Version":7,"MessageType":"TestSession.Message","Payload":{"MessageLevel":0,"Message":"[xUnit.net 00:00:00.22]         /_/src/Moq/Mock.cs(181,0): at Moq.Mock.get_Object()"}}
TpTrace Verbose: 0 : 24848, 10, 2025/04/27, 23:36:44.228, 6275110709301, vstest.console.dll, TestRunRequest:SendTestRunMessage: Starting.
TpTrace Verbose: 0 : 24848, 10, 2025/04/27, 23:36:44.228, 6275110709569, vstest.console.dll, MulticastDelegateUtilities.SafeInvoke: TestRun.LogMessages: Invoking callback 1/1 for Microsoft.VisualStudio.TestPlatform.CommandLine.TestRunResultAggregator., took 0 ms.
TpTrace Information: 0 : 24848, 10, 2025/04/27, 23:36:44.228, 6275110709754, vstest.console.dll, TestRunRequest:SendTestRunMessage: Completed.
TpTrace Verbose: 0 : 24848, 4, 2025/04/27, 23:36:44.228, 6275110709902, vstest.console.dll, MulticastDelegateUtilities.SafeInvoke: InternalTestLoggerEvents.SendTestRunMessage: Invoking callback 1/2 for Microsoft.VisualStudio.TestPlatform.Extensions.HtmlLogger.HtmlLogger., took 0 ms.
TpTrace Verbose: 0 : 24848, 4, 2025/04/27, 23:36:44.228, 6275110711461, vstest.console.dll, MulticastDelegateUtilities.SafeInvoke: InternalTestLoggerEvents.SendTestRunMessage: Invoking callback 2/2 for Microsoft.VisualStudio.TestPlatform.CommandLine.Internal.MSBuildLogger., took 0 ms.
TpTrace Verbose: 0 : 24848, 10, 2025/04/27, 23:36:44.228, 6275110712178, vstest.console.dll, MulticastDelegateUtilities.SafeInvoke: LengthPrefixCommunicationChannel: MessageReceived: Invoking callback 1/1 for Microsoft.VisualStudio.TestPlatform.CommunicationUtilities.TestRequestSender+<>c__DisplayClass34_0., took 0 ms.
TpTrace Verbose: 0 : 24848, 10, 2025/04/27, 23:36:44.228, 6275110712738, vstest.console.dll, TcpClientExtensions.MessageLoopAsync: Polling on remoteEndPoint: 127.0.0.1:52988 localEndPoint: 127.0.0.1:52987 after 0 ms
TpTrace Verbose: 0 : 24848, 10, 2025/04/27, 23:36:44.228, 6275110713031, vstest.console.dll, TcpClientExtensions.MessageLoopAsync: NotifyDataAvailable remoteEndPoint: 127.0.0.1:52988 localEndPoint: 127.0.0.1:52987
TpTrace Verbose: 0 : 24848, 10, 2025/04/27, 23:36:44.228, 6275110713382, vstest.console.dll, TestRequestSender.OnExecutionMessageReceived: Received message: {"Version":7,"MessageType":"TestSession.Message","Payload":{"MessageLevel":0,"Message":"[xUnit.net 00:00:00.22]         /_/src/Moq/Mock`1.cs(281,0): at Moq.Mock`1.get_Object()"}}
TpTrace Verbose: 0 : 24848, 10, 2025/04/27, 23:36:44.228, 6275110713783, vstest.console.dll, TestRunRequest:SendTestRunMessage: Starting.
TpTrace Verbose: 0 : 24848, 10, 2025/04/27, 23:36:44.228, 6275110714038, vstest.console.dll, MulticastDelegateUtilities.SafeInvoke: TestRun.LogMessages: Invoking callback 1/1 for Microsoft.VisualStudio.TestPlatform.CommandLine.TestRunResultAggregator., took 0 ms.
TpTrace Information: 0 : 24848, 10, 2025/04/27, 23:36:44.228, 6275110714313, vstest.console.dll, TestRunRequest:SendTestRunMessage: Completed.
TpTrace Verbose: 0 : 24848, 4, 2025/04/27, 23:36:44.228, 6275110714348, vstest.console.dll, MulticastDelegateUtilities.SafeInvoke: InternalTestLoggerEvents.SendTestRunMessage: Invoking callback 1/2 for Microsoft.VisualStudio.TestPlatform.Extensions.HtmlLogger.HtmlLogger., took 0 ms.
TpTrace Verbose: 0 : 24848, 10, 2025/04/27, 23:36:44.228, 6275110714467, vstest.console.dll, MulticastDelegateUtilities.SafeInvoke: LengthPrefixCommunicationChannel: MessageReceived: Invoking callback 1/1 for Microsoft.VisualStudio.TestPlatform.CommunicationUtilities.TestRequestSender+<>c__DisplayClass34_0., took 0 ms.
TpTrace Verbose: 0 : 24848, 4, 2025/04/27, 23:36:44.228, 6275110715542, vstest.console.dll, MulticastDelegateUtilities.SafeInvoke: InternalTestLoggerEvents.SendTestRunMessage: Invoking callback 2/2 for Microsoft.VisualStudio.TestPlatform.CommandLine.Internal.MSBuildLogger., took 0 ms.
TpTrace Verbose: 0 : 24848, 10, 2025/04/27, 23:36:44.228, 6275110715738, vstest.console.dll, TcpClientExtensions.MessageLoopAsync: Polling on remoteEndPoint: 127.0.0.1:52988 localEndPoint: 127.0.0.1:52987 after 0 ms
TpTrace Verbose: 0 : 24848, 10, 2025/04/27, 23:36:44.228, 6275110716207, vstest.console.dll, TcpClientExtensions.MessageLoopAsync: NotifyDataAvailable remoteEndPoint: 127.0.0.1:52988 localEndPoint: 127.0.0.1:52987
TpTrace Verbose: 0 : 24848, 10, 2025/04/27, 23:36:44.228, 6275110716679, vstest.console.dll, TestRequestSender.OnExecutionMessageReceived: Received message: {"Version":7,"MessageType":"TestSession.Message","Payload":{"MessageLevel":0,"Message":"[xUnit.net 00:00:00.22]         /_/src/Moq/Linq/Mock.cs(41,0): at Moq.Mock.Of[T](MockBehavior behavior)"}}
TpTrace Verbose: 0 : 24848, 10, 2025/04/27, 23:36:44.228, 6275110717084, vstest.console.dll, TestRunRequest:SendTestRunMessage: Starting.
TpTrace Verbose: 0 : 24848, 10, 2025/04/27, 23:36:44.228, 6275110717359, vstest.console.dll, MulticastDelegateUtilities.SafeInvoke: TestRun.LogMessages: Invoking callback 1/1 for Microsoft.VisualStudio.TestPlatform.CommandLine.TestRunResultAggregator., took 0 ms.
TpTrace Information: 0 : 24848, 10, 2025/04/27, 23:36:44.228, 6275110717583, vstest.console.dll, TestRunRequest:SendTestRunMessage: Completed.
TpTrace Verbose: 0 : 24848, 10, 2025/04/27, 23:36:44.228, 6275110717716, vstest.console.dll, MulticastDelegateUtilities.SafeInvoke: LengthPrefixCommunicationChannel: MessageReceived: Invoking callback 1/1 for Microsoft.VisualStudio.TestPlatform.CommunicationUtilities.TestRequestSender+<>c__DisplayClass34_0., took 0 ms.
TpTrace Verbose: 0 : 24848, 10, 2025/04/27, 23:36:44.228, 6275110717842, vstest.console.dll, TcpClientExtensions.MessageLoopAsync: Polling on remoteEndPoint: 127.0.0.1:52988 localEndPoint: 127.0.0.1:52987 after 0 ms
TpTrace Verbose: 0 : 24848, 10, 2025/04/27, 23:36:44.228, 6275110718077, vstest.console.dll, TcpClientExtensions.MessageLoopAsync: NotifyDataAvailable remoteEndPoint: 127.0.0.1:52988 localEndPoint: 127.0.0.1:52987
TpTrace Verbose: 0 : 24848, 4, 2025/04/27, 23:36:44.228, 6275110718248, vstest.console.dll, MulticastDelegateUtilities.SafeInvoke: InternalTestLoggerEvents.SendTestRunMessage: Invoking callback 1/2 for Microsoft.VisualStudio.TestPlatform.Extensions.HtmlLogger.HtmlLogger., took 0 ms.
TpTrace Verbose: 0 : 24848, 10, 2025/04/27, 23:36:44.228, 6275110718313, vstest.console.dll, TestRequestSender.OnExecutionMessageReceived: Received message: {"Version":7,"MessageType":"TestSession.Message","Payload":{"MessageLevel":0,"Message":"[xUnit.net 00:00:00.22]         /_/src/Moq/Linq/Mock.cs(19,0): at Moq.Mock.Of[T]()"}}
TpTrace Verbose: 0 : 24848, 10, 2025/04/27, 23:36:44.229, 6275110719318, vstest.console.dll, TestRunRequest:SendTestRunMessage: Starting.
TpTrace Verbose: 0 : 24848, 4, 2025/04/27, 23:36:44.229, 6275110719327, vstest.console.dll, MulticastDelegateUtilities.SafeInvoke: InternalTestLoggerEvents.SendTestRunMessage: Invoking callback 2/2 for Microsoft.VisualStudio.TestPlatform.CommandLine.Internal.MSBuildLogger., took 0 ms.
TpTrace Verbose: 0 : 24848, 10, 2025/04/27, 23:36:44.229, 6275110719559, vstest.console.dll, MulticastDelegateUtilities.SafeInvoke: TestRun.LogMessages: Invoking callback 1/1 for Microsoft.VisualStudio.TestPlatform.CommandLine.TestRunResultAggregator., took 0 ms.
TpTrace Verbose: 0 : 24848, 4, 2025/04/27, 23:36:44.229, 6275110720070, vstest.console.dll, MulticastDelegateUtilities.SafeInvoke: InternalTestLoggerEvents.SendTestRunMessage: Invoking callback 1/2 for Microsoft.VisualStudio.TestPlatform.Extensions.HtmlLogger.HtmlLogger., took 0 ms.
TpTrace Information: 0 : 24848, 10, 2025/04/27, 23:36:44.229, 6275110720140, vstest.console.dll, TestRunRequest:SendTestRunMessage: Completed.
TpTrace Verbose: 0 : 24848, 10, 2025/04/27, 23:36:44.229, 6275110720385, vstest.console.dll, MulticastDelegateUtilities.SafeInvoke: LengthPrefixCommunicationChannel: MessageReceived: Invoking callback 1/1 for Microsoft.VisualStudio.TestPlatform.CommunicationUtilities.TestRequestSender+<>c__DisplayClass34_0., took 0 ms.
TpTrace Verbose: 0 : 24848, 10, 2025/04/27, 23:36:44.229, 6275110720533, vstest.console.dll, TcpClientExtensions.MessageLoopAsync: Polling on remoteEndPoint: 127.0.0.1:52988 localEndPoint: 127.0.0.1:52987 after 0 ms
TpTrace Verbose: 0 : 24848, 10, 2025/04/27, 23:36:44.229, 6275110720696, vstest.console.dll, TcpClientExtensions.MessageLoopAsync: NotifyDataAvailable remoteEndPoint: 127.0.0.1:52988 localEndPoint: 127.0.0.1:52987
TpTrace Verbose: 0 : 24848, 4, 2025/04/27, 23:36:44.229, 6275110720703, vstest.console.dll, MulticastDelegateUtilities.SafeInvoke: InternalTestLoggerEvents.SendTestRunMessage: Invoking callback 2/2 for Microsoft.VisualStudio.TestPlatform.CommandLine.Internal.MSBuildLogger., took 0 ms.
TpTrace Verbose: 0 : 24848, 10, 2025/04/27, 23:36:44.229, 6275110721045, vstest.console.dll, TestRequestSender.OnExecutionMessageReceived: Received message: {"Version":7,"MessageType":"TestSession.Message","Payload":{"MessageLevel":0,"Message":"[xUnit.net 00:00:00.22]         C:\\Users\\meist\\Source\\Repos\\ems-back\\ems-back.Tests\\Services\\UserServiceTests.cs(31,0): at ems_back.Tests.Services.UserServiceTests..ctor(ITestOutputHelper output)"}}
TpTrace Verbose: 0 : 24848, 10, 2025/04/27, 23:36:44.229, 6275110721454, vstest.console.dll, TestRunRequest:SendTestRunMessage: Starting.
TpTrace Verbose: 0 : 24848, 10, 2025/04/27, 23:36:44.229, 6275110721786, vstest.console.dll, MulticastDelegateUtilities.SafeInvoke: TestRun.LogMessages: Invoking callback 1/1 for Microsoft.VisualStudio.TestPlatform.CommandLine.TestRunResultAggregator., took 0 ms.
TpTrace Information: 0 : 24848, 10, 2025/04/27, 23:36:44.229, 6275110722050, vstest.console.dll, TestRunRequest:SendTestRunMessage: Completed.
TpTrace Verbose: 0 : 24848, 10, 2025/04/27, 23:36:44.229, 6275110722254, vstest.console.dll, MulticastDelegateUtilities.SafeInvoke: LengthPrefixCommunicationChannel: MessageReceived: Invoking callback 1/1 for Microsoft.VisualStudio.TestPlatform.CommunicationUtilities.TestRequestSender+<>c__DisplayClass34_0., took 0 ms.
TpTrace Verbose: 0 : 24848, 4, 2025/04/27, 23:36:44.229, 6275110722136, vstest.console.dll, MulticastDelegateUtilities.SafeInvoke: InternalTestLoggerEvents.SendTestRunMessage: Invoking callback 1/2 for Microsoft.VisualStudio.TestPlatform.Extensions.HtmlLogger.HtmlLogger., took 0 ms.
TpTrace Verbose: 0 : 24848, 10, 2025/04/27, 23:36:44.229, 6275110722582, vstest.console.dll, TcpClientExtensions.MessageLoopAsync: Polling on remoteEndPoint: 127.0.0.1:52988 localEndPoint: 127.0.0.1:52987 after 0 ms
TpTrace Verbose: 0 : 24848, 10, 2025/04/27, 23:36:44.229, 6275110723323, vstest.console.dll, TcpClientExtensions.MessageLoopAsync: NotifyDataAvailable remoteEndPoint: 127.0.0.1:52988 localEndPoint: 127.0.0.1:52987
TpTrace Verbose: 0 : 24848, 4, 2025/04/27, 23:36:44.229, 6275110723408, vstest.console.dll, MulticastDelegateUtilities.SafeInvoke: InternalTestLoggerEvents.SendTestRunMessage: Invoking callback 2/2 for Microsoft.VisualStudio.TestPlatform.CommandLine.Internal.MSBuildLogger., took 0 ms.
TpTrace Verbose: 0 : 24848, 10, 2025/04/27, 23:36:44.229, 6275110723858, vstest.console.dll, TestRequestSender.OnExecutionMessageReceived: Received message: {"Version":7,"MessageType":"TestSession.Message","Payload":{"MessageLevel":0,"Message":"[xUnit.net 00:00:00.22]            at System.RuntimeMethodHandle.InvokeMethod(Object target, Void** arguments, Signature sig, Boolean isConstructor)"}}
TpTrace Verbose: 0 : 24848, 10, 2025/04/27, 23:36:44.229, 6275110724438, vstest.console.dll, TestRunRequest:SendTestRunMessage: Starting.
TpTrace Verbose: 0 : 24848, 10, 2025/04/27, 23:36:44.229, 6275110724948, vstest.console.dll, MulticastDelegateUtilities.SafeInvoke: TestRun.LogMessages: Invoking callback 1/1 for Microsoft.VisualStudio.TestPlatform.CommandLine.TestRunResultAggregator., took 0 ms.
TpTrace Information: 0 : 24848, 10, 2025/04/27, 23:36:44.229, 6275110725146, vstest.console.dll, TestRunRequest:SendTestRunMessage: Completed.
TpTrace Verbose: 0 : 24848, 10, 2025/04/27, 23:36:44.229, 6275110725281, vstest.console.dll, MulticastDelegateUtilities.SafeInvoke: LengthPrefixCommunicationChannel: MessageReceived: Invoking callback 1/1 for Microsoft.VisualStudio.TestPlatform.CommunicationUtilities.TestRequestSender+<>c__DisplayClass34_0., took 0 ms.
TpTrace Verbose: 0 : 24848, 4, 2025/04/27, 23:36:44.229, 6275110725290, vstest.console.dll, MulticastDelegateUtilities.SafeInvoke: InternalTestLoggerEvents.SendTestRunMessage: Invoking callback 1/2 for Microsoft.VisualStudio.TestPlatform.Extensions.HtmlLogger.HtmlLogger., took 0 ms.
TpTrace Verbose: 0 : 24848, 10, 2025/04/27, 23:36:44.229, 6275110726009, vstest.console.dll, TcpClientExtensions.MessageLoopAsync: Polling on remoteEndPoint: 127.0.0.1:52988 localEndPoint: 127.0.0.1:52987 after 0 ms
TpTrace Verbose: 0 : 24848, 4, 2025/04/27, 23:36:44.229, 6275110726310, vstest.console.dll, MulticastDelegateUtilities.SafeInvoke: InternalTestLoggerEvents.SendTestRunMessage: Invoking callback 2/2 for Microsoft.VisualStudio.TestPlatform.CommandLine.Internal.MSBuildLogger., took 0 ms.
TpTrace Verbose: 0 : 24848, 10, 2025/04/27, 23:36:44.229, 6275110726842, vstest.console.dll, TcpClientExtensions.MessageLoopAsync: NotifyDataAvailable remoteEndPoint: 127.0.0.1:52988 localEndPoint: 127.0.0.1:52987
TpTrace Verbose: 0 : 24848, 10, 2025/04/27, 23:36:44.229, 6275110727810, vstest.console.dll, TestRequestSender.OnExecutionMessageReceived: Received message: {"Version":7,"MessageType":"TestSession.Message","Payload":{"MessageLevel":0,"Message":"[xUnit.net 00:00:00.22]            at System.Reflection.MethodBaseInvoker.InvokeDirectByRefWithFewArgs(Object obj, Span`1 copyOfArgs, BindingFlags invokeAttr)"}}
TpTrace Verbose: 0 : 24848, 10, 2025/04/27, 23:36:44.229, 6275110728288, vstest.console.dll, TestRunRequest:SendTestRunMessage: Starting.
TpTrace Verbose: 0 : 24848, 10, 2025/04/27, 23:36:44.229, 6275110728619, vstest.console.dll, MulticastDelegateUtilities.SafeInvoke: TestRun.LogMessages: Invoking callback 1/1 for Microsoft.VisualStudio.TestPlatform.CommandLine.TestRunResultAggregator., took 0 ms.
TpTrace Information: 0 : 24848, 10, 2025/04/27, 23:36:44.230, 6275110728838, vstest.console.dll, TestRunRequest:SendTestRunMessage: Completed.
TpTrace Verbose: 0 : 24848, 10, 2025/04/27, 23:36:44.230, 6275110728998, vstest.console.dll, MulticastDelegateUtilities.SafeInvoke: LengthPrefixCommunicationChannel: MessageReceived: Invoking callback 1/1 for Microsoft.VisualStudio.TestPlatform.CommunicationUtilities.TestRequestSender+<>c__DisplayClass34_0., took 0 ms.
TpTrace Verbose: 0 : 24848, 10, 2025/04/27, 23:36:44.230, 6275110729129, vstest.console.dll, TcpClientExtensions.MessageLoopAsync: Polling on remoteEndPoint: 127.0.0.1:52988 localEndPoint: 127.0.0.1:52987 after 0 ms
TpTrace Verbose: 0 : 24848, 4, 2025/04/27, 23:36:44.230, 6275110729110, vstest.console.dll, MulticastDelegateUtilities.SafeInvoke: InternalTestLoggerEvents.SendTestRunMessage: Invoking callback 1/2 for Microsoft.VisualStudio.TestPlatform.Extensions.HtmlLogger.HtmlLogger., took 0 ms.
TpTrace Verbose: 0 : 24848, 10, 2025/04/27, 23:36:44.230, 6275110729621, vstest.console.dll, TcpClientExtensions.MessageLoopAsync: NotifyDataAvailable remoteEndPoint: 127.0.0.1:52988 localEndPoint: 127.0.0.1:52987
TpTrace Verbose: 0 : 24848, 4, 2025/04/27, 23:36:44.230, 6275110729930, vstest.console.dll, MulticastDelegateUtilities.SafeInvoke: InternalTestLoggerEvents.SendTestRunMessage: Invoking callback 2/2 for Microsoft.VisualStudio.TestPlatform.CommandLine.Internal.MSBuildLogger., took 0 ms.
TpTrace Verbose: 0 : 24848, 10, 2025/04/27, 23:36:44.230, 6275110730016, vstest.console.dll, TestRequestSender.OnExecutionMessageReceived: Received message: {"Version":7,"MessageType":"TestSession.Message","Payload":{"MessageLevel":0,"Message":"[xUnit.net 00:00:00.22]         ----- Inner Stack Trace -----"}}
TpTrace Verbose: 0 : 24848, 10, 2025/04/27, 23:36:44.230, 6275110730902, vstest.console.dll, TestRunRequest:SendTestRunMessage: Starting.
TpTrace Verbose: 0 : 24848, 10, 2025/04/27, 23:36:44.230, 6275110731362, vstest.console.dll, MulticastDelegateUtilities.SafeInvoke: TestRun.LogMessages: Invoking callback 1/1 for Microsoft.VisualStudio.TestPlatform.CommandLine.TestRunResultAggregator., took 0 ms.
TpTrace Verbose: 0 : 24848, 4, 2025/04/27, 23:36:44.230, 6275110731376, vstest.console.dll, MulticastDelegateUtilities.SafeInvoke: InternalTestLoggerEvents.SendTestRunMessage: Invoking callback 1/2 for Microsoft.VisualStudio.TestPlatform.Extensions.HtmlLogger.HtmlLogger., took 0 ms.
TpTrace Information: 0 : 24848, 10, 2025/04/27, 23:36:44.230, 6275110731863, vstest.console.dll, TestRunRequest:SendTestRunMessage: Completed.
TpTrace Verbose: 0 : 24848, 10, 2025/04/27, 23:36:44.230, 6275110732090, vstest.console.dll, MulticastDelegateUtilities.SafeInvoke: LengthPrefixCommunicationChannel: MessageReceived: Invoking callback 1/1 for Microsoft.VisualStudio.TestPlatform.CommunicationUtilities.TestRequestSender+<>c__DisplayClass34_0., took 0 ms.
TpTrace Verbose: 0 : 24848, 4, 2025/04/27, 23:36:44.230, 6275110732124, vstest.console.dll, MulticastDelegateUtilities.SafeInvoke: InternalTestLoggerEvents.SendTestRunMessage: Invoking callback 2/2 for Microsoft.VisualStudio.TestPlatform.CommandLine.Internal.MSBuildLogger., took 0 ms.
TpTrace Verbose: 0 : 24848, 10, 2025/04/27, 23:36:44.230, 6275110732241, vstest.console.dll, TcpClientExtensions.MessageLoopAsync: Polling on remoteEndPoint: 127.0.0.1:52988 localEndPoint: 127.0.0.1:52987 after 0 ms
TpTrace Verbose: 0 : 24848, 10, 2025/04/27, 23:36:44.230, 6275110732629, vstest.console.dll, TcpClientExtensions.MessageLoopAsync: NotifyDataAvailable remoteEndPoint: 127.0.0.1:52988 localEndPoint: 127.0.0.1:52987
TpTrace Verbose: 0 : 24848, 10, 2025/04/27, 23:36:44.230, 6275110733886, vstest.console.dll, TestRequestSender.OnExecutionMessageReceived: Received message: {"Version":7,"MessageType":"TestSession.Message","Payload":{"MessageLevel":0,"Message":"[xUnit.net 00:00:00.22]            at System.RuntimeType.CreateInstanceImpl(BindingFlags bindingAttr, Binder binder, Object[] args, CultureInfo culture)"}}
TpTrace Verbose: 0 : 24848, 10, 2025/04/27, 23:36:44.230, 6275110734546, vstest.console.dll, TestRunRequest:SendTestRunMessage: Starting.
TpTrace Verbose: 0 : 24848, 10, 2025/04/27, 23:36:44.230, 6275110735041, vstest.console.dll, MulticastDelegateUtilities.SafeInvoke: TestRun.LogMessages: Invoking callback 1/1 for Microsoft.VisualStudio.TestPlatform.CommandLine.TestRunResultAggregator., took 0 ms.
TpTrace Information: 0 : 24848, 10, 2025/04/27, 23:36:44.230, 6275110735364, vstest.console.dll, TestRunRequest:SendTestRunMessage: Completed.
TpTrace Verbose: 0 : 24848, 4, 2025/04/27, 23:36:44.230, 6275110735276, vstest.console.dll, MulticastDelegateUtilities.SafeInvoke: InternalTestLoggerEvents.SendTestRunMessage: Invoking callback 1/2 for Microsoft.VisualStudio.TestPlatform.Extensions.HtmlLogger.HtmlLogger., took 0 ms.
TpTrace Verbose: 0 : 24848, 10, 2025/04/27, 23:36:44.230, 6275110735592, vstest.console.dll, MulticastDelegateUtilities.SafeInvoke: LengthPrefixCommunicationChannel: MessageReceived: Invoking callback 1/1 for Microsoft.VisualStudio.TestPlatform.CommunicationUtilities.TestRequestSender+<>c__DisplayClass34_0., took 0 ms.
TpTrace Verbose: 0 : 24848, 10, 2025/04/27, 23:36:44.230, 6275110736430, vstest.console.dll, TcpClientExtensions.MessageLoopAsync: Polling on remoteEndPoint: 127.0.0.1:52988 localEndPoint: 127.0.0.1:52987 after 0 ms
TpTrace Verbose: 0 : 24848, 4, 2025/04/27, 23:36:44.230, 6275110736462, vstest.console.dll, MulticastDelegateUtilities.SafeInvoke: InternalTestLoggerEvents.SendTestRunMessage: Invoking callback 2/2 for Microsoft.VisualStudio.TestPlatform.CommandLine.Internal.MSBuildLogger., took 0 ms.
TpTrace Verbose: 0 : 24848, 10, 2025/04/27, 23:36:44.230, 6275110736672, vstest.console.dll, TcpClientExtensions.MessageLoopAsync: NotifyDataAvailable remoteEndPoint: 127.0.0.1:52988 localEndPoint: 127.0.0.1:52987
TpTrace Verbose: 0 : 24848, 10, 2025/04/27, 23:36:44.230, 6275110737082, vstest.console.dll, TestRequestSender.OnExecutionMessageReceived: Received message: {"Version":7,"MessageType":"TestSession.Message","Payload":{"MessageLevel":0,"Message":"[xUnit.net 00:00:00.22]            at Castle.DynamicProxy.ProxyGenerator.CreateClassProxyInstance(Type proxyType, List`1 proxyArguments, Type classToProxy, Object[] constructorArguments)"}}
TpTrace Verbose: 0 : 24848, 10, 2025/04/27, 23:36:44.230, 6275110737547, vstest.console.dll, TestRunRequest:SendTestRunMessage: Starting.
TpTrace Verbose: 0 : 24848, 10, 2025/04/27, 23:36:44.230, 6275110737883, vstest.console.dll, MulticastDelegateUtilities.SafeInvoke: TestRun.LogMessages: Invoking callback 1/1 for Microsoft.VisualStudio.TestPlatform.CommandLine.TestRunResultAggregator., took 0 ms.
TpTrace Information: 0 : 24848, 10, 2025/04/27, 23:36:44.230, 6275110738058, vstest.console.dll, TestRunRequest:SendTestRunMessage: Completed.
TpTrace Verbose: 0 : 24848, 4, 2025/04/27, 23:36:44.230, 6275110738113, vstest.console.dll, MulticastDelegateUtilities.SafeInvoke: InternalTestLoggerEvents.SendTestRunMessage: Invoking callback 1/2 for Microsoft.VisualStudio.TestPlatform.Extensions.HtmlLogger.HtmlLogger., took 0 ms.
TpTrace Verbose: 0 : 24848, 10, 2025/04/27, 23:36:44.230, 6275110738192, vstest.console.dll, MulticastDelegateUtilities.SafeInvoke: LengthPrefixCommunicationChannel: MessageReceived: Invoking callback 1/1 for Microsoft.VisualStudio.TestPlatform.CommunicationUtilities.TestRequestSender+<>c__DisplayClass34_0., took 0 ms.
TpTrace Verbose: 0 : 24848, 10, 2025/04/27, 23:36:44.231, 6275110739282, vstest.console.dll, TcpClientExtensions.MessageLoopAsync: Polling on remoteEndPoint: 127.0.0.1:52988 localEndPoint: 127.0.0.1:52987 after 0 ms
TpTrace Verbose: 0 : 24848, 4, 2025/04/27, 23:36:44.231, 6275110739337, vstest.console.dll, MulticastDelegateUtilities.SafeInvoke: InternalTestLoggerEvents.SendTestRunMessage: Invoking callback 2/2 for Microsoft.VisualStudio.TestPlatform.CommandLine.Internal.MSBuildLogger., took 0 ms.
TpTrace Verbose: 0 : 24848, 10, 2025/04/27, 23:36:44.250, 6275110938156, vstest.console.dll, TcpClientExtensions.MessageLoopAsync: NotifyDataAvailable remoteEndPoint: 127.0.0.1:52988 localEndPoint: 127.0.0.1:52987
TpTrace Verbose: 0 : 24848, 10, 2025/04/27, 23:36:44.251, 6275110941286, vstest.console.dll, TestRequestSender.OnExecutionMessageReceived: Received message: {"Version":7,"MessageType":"TestSession.Message","Payload":{"MessageLevel":2,"Message":"[xUnit.net 00:00:00.24]     ems_back.Tests.Services.EventServiceTests.GetByIdAsync_ExistingEvent_ReturnsEvent [FAIL]"}}
TpTrace Verbose: 0 : 24848, 10, 2025/04/27, 23:36:44.251, 6275110942594, vstest.console.dll, TestRunRequest:SendTestRunMessage: Starting.
TpTrace Verbose: 0 : 24848, 10, 2025/04/27, 23:36:44.251, 6275110943812, vstest.console.dll, MulticastDelegateUtilities.SafeInvoke: TestRun.LogMessages: Invoking callback 1/1 for Microsoft.VisualStudio.TestPlatform.CommandLine.TestRunResultAggregator., took 0 ms.
TpTrace Verbose: 0 : 24848, 4, 2025/04/27, 23:36:44.251, 6275110944133, vstest.console.dll, MulticastDelegateUtilities.SafeInvoke: InternalTestLoggerEvents.SendTestRunMessage: Invoking callback 1/2 for Microsoft.VisualStudio.TestPlatform.Extensions.HtmlLogger.HtmlLogger., took 0 ms.
TpTrace Information: 0 : 24848, 10, 2025/04/27, 23:36:44.251, 6275110944399, vstest.console.dll, TestRunRequest:SendTestRunMessage: Completed.
TpTrace Verbose: 0 : 24848, 10, 2025/04/27, 23:36:44.251, 6275110945013, vstest.console.dll, MulticastDelegateUtilities.SafeInvoke: LengthPrefixCommunicationChannel: MessageReceived: Invoking callback 1/1 for Microsoft.VisualStudio.TestPlatform.CommunicationUtilities.TestRequestSender+<>c__DisplayClass34_0., took 0 ms.
TpTrace Verbose: 0 : 24848, 10, 2025/04/27, 23:36:44.251, 6275110945233, vstest.console.dll, TcpClientExtensions.MessageLoopAsync: Polling on remoteEndPoint: 127.0.0.1:52988 localEndPoint: 127.0.0.1:52987 after 20 ms
TpTrace Verbose: 0 : 24848, 10, 2025/04/27, 23:36:44.251, 6275110945570, vstest.console.dll, TcpClientExtensions.MessageLoopAsync: NotifyDataAvailable remoteEndPoint: 127.0.0.1:52988 localEndPoint: 127.0.0.1:52987
TpTrace Verbose: 0 : 24848, 4, 2025/04/27, 23:36:44.251, 6275110945693, vstest.console.dll, MulticastDelegateUtilities.SafeInvoke: InternalTestLoggerEvents.SendTestRunMessage: Invoking callback 2/2 for Microsoft.VisualStudio.TestPlatform.CommandLine.Internal.MSBuildLogger., took 0 ms.
TpTrace Verbose: 0 : 24848, 10, 2025/04/27, 23:36:44.251, 6275110946116, vstest.console.dll, TestRequestSender.OnExecutionMessageReceived: Received message: {"Version":7,"MessageType":"TestSession.Message","Payload":{"MessageLevel":0,"Message":"[xUnit.net 00:00:00.24]       System.IO.IOException : The process cannot access the file 'C:\\Users\\meist\\Source\\Repos\\ems-back\\ems-back.Tests\\bin\\Debug\\net8.0\\TestResults\\report.html' because it is being used by another process."}}
TpTrace Verbose: 0 : 24848, 10, 2025/04/27, 23:36:44.251, 6275110946870, vstest.console.dll, TestRunRequest:SendTestRunMessage: Starting.
TpTrace Verbose: 0 : 24848, 10, 2025/04/27, 23:36:44.251, 6275110947145, vstest.console.dll, MulticastDelegateUtilities.SafeInvoke: TestRun.LogMessages: Invoking callback 1/1 for Microsoft.VisualStudio.TestPlatform.CommandLine.TestRunResultAggregator., took 0 ms.
TpTrace Information: 0 : 24848, 10, 2025/04/27, 23:36:44.251, 6275110947319, vstest.console.dll, TestRunRequest:SendTestRunMessage: Completed.
TpTrace Verbose: 0 : 24848, 10, 2025/04/27, 23:36:44.251, 6275110947456, vstest.console.dll, MulticastDelegateUtilities.SafeInvoke: LengthPrefixCommunicationChannel: MessageReceived: Invoking callback 1/1 for Microsoft.VisualStudio.TestPlatform.CommunicationUtilities.TestRequestSender+<>c__DisplayClass34_0., took 0 ms.
TpTrace Verbose: 0 : 24848, 4, 2025/04/27, 23:36:44.251, 6275110947528, vstest.console.dll, MulticastDelegateUtilities.SafeInvoke: InternalTestLoggerEvents.SendTestRunMessage: Invoking callback 1/2 for Microsoft.VisualStudio.TestPlatform.Extensions.HtmlLogger.HtmlLogger., took 0 ms.
TpTrace Verbose: 0 : 24848, 10, 2025/04/27, 23:36:44.251, 6275110947669, vstest.console.dll, TcpClientExtensions.MessageLoopAsync: Polling on remoteEndPoint: 127.0.0.1:52988 localEndPoint: 127.0.0.1:52987 after 0 ms
TpTrace Verbose: 0 : 24848, 10, 2025/04/27, 23:36:44.252, 6275110949171, vstest.console.dll, TcpClientExtensions.MessageLoopAsync: NotifyDataAvailable remoteEndPoint: 127.0.0.1:52988 localEndPoint: 127.0.0.1:52987
TpTrace Verbose: 0 : 24848, 4, 2025/04/27, 23:36:44.252, 6275110949287, vstest.console.dll, MulticastDelegateUtilities.SafeInvoke: InternalTestLoggerEvents.SendTestRunMessage: Invoking callback 2/2 for Microsoft.VisualStudio.TestPlatform.CommandLine.Internal.MSBuildLogger., took 0 ms.
TpTrace Verbose: 0 : 24848, 10, 2025/04/27, 23:36:44.252, 6275110949501, vstest.console.dll, TestRequestSender.OnExecutionMessageReceived: Received message: {"Version":7,"MessageType":"TestSession.Message","Payload":{"MessageLevel":0,"Message":"[xUnit.net 00:00:00.24]       Stack Trace:"}}
TpTrace Verbose: 0 : 24848, 10, 2025/04/27, 23:36:44.252, 6275110950224, vstest.console.dll, TestRunRequest:SendTestRunMessage: Starting.
TpTrace Verbose: 0 : 24848, 10, 2025/04/27, 23:36:44.252, 6275110950546, vstest.console.dll, MulticastDelegateUtilities.SafeInvoke: TestRun.LogMessages: Invoking callback 1/1 for Microsoft.VisualStudio.TestPlatform.CommandLine.TestRunResultAggregator., took 0 ms.
TpTrace Information: 0 : 24848, 10, 2025/04/27, 23:36:44.252, 6275110950733, vstest.console.dll, TestRunRequest:SendTestRunMessage: Completed.
TpTrace Verbose: 0 : 24848, 4, 2025/04/27, 23:36:44.252, 6275110950823, vstest.console.dll, MulticastDelegateUtilities.SafeInvoke: InternalTestLoggerEvents.SendTestRunMessage: Invoking callback 1/2 for Microsoft.VisualStudio.TestPlatform.Extensions.HtmlLogger.HtmlLogger., took 0 ms.
TpTrace Verbose: 0 : 24848, 10, 2025/04/27, 23:36:44.252, 6275110950882, vstest.console.dll, MulticastDelegateUtilities.SafeInvoke: LengthPrefixCommunicationChannel: MessageReceived: Invoking callback 1/1 for Microsoft.VisualStudio.TestPlatform.CommunicationUtilities.TestRequestSender+<>c__DisplayClass34_0., took 0 ms.
TpTrace Verbose: 0 : 24848, 10, 2025/04/27, 23:36:44.252, 6275110951464, vstest.console.dll, TcpClientExtensions.MessageLoopAsync: Polling on remoteEndPoint: 127.0.0.1:52988 localEndPoint: 127.0.0.1:52987 after 0 ms
TpTrace Verbose: 0 : 24848, 4, 2025/04/27, 23:36:44.252, 6275110951538, vstest.console.dll, MulticastDelegateUtilities.SafeInvoke: InternalTestLoggerEvents.SendTestRunMessage: Invoking callback 2/2 for Microsoft.VisualStudio.TestPlatform.CommandLine.Internal.MSBuildLogger., took 0 ms.
TpTrace Verbose: 0 : 24848, 10, 2025/04/27, 23:36:44.252, 6275110951949, vstest.console.dll, TcpClientExtensions.MessageLoopAsync: NotifyDataAvailable remoteEndPoint: 127.0.0.1:52988 localEndPoint: 127.0.0.1:52987
TpTrace Verbose: 0 : 24848, 10, 2025/04/27, 23:36:44.252, 6275110952422, vstest.console.dll, TestRequestSender.OnExecutionMessageReceived: Received message: {"Version":7,"MessageType":"TestSession.Message","Payload":{"MessageLevel":0,"Message":"[xUnit.net 00:00:00.24]            at Microsoft.Win32.SafeHandles.SafeFileHandle.CreateFile(String fullPath, FileMode mode, FileAccess access, FileShare share, FileOptions options)"}}
TpTrace Verbose: 0 : 24848, 10, 2025/04/27, 23:36:44.252, 6275110953046, vstest.console.dll, TestRunRequest:SendTestRunMessage: Starting.
TpTrace Verbose: 0 : 24848, 10, 2025/04/27, 23:36:44.252, 6275110953354, vstest.console.dll, MulticastDelegateUtilities.SafeInvoke: TestRun.LogMessages: Invoking callback 1/1 for Microsoft.VisualStudio.TestPlatform.CommandLine.TestRunResultAggregator., took 0 ms.
TpTrace Verbose: 0 : 24848, 4, 2025/04/27, 23:36:44.252, 6275110953494, vstest.console.dll, MulticastDelegateUtilities.SafeInvoke: InternalTestLoggerEvents.SendTestRunMessage: Invoking callback 1/2 for Microsoft.VisualStudio.TestPlatform.Extensions.HtmlLogger.HtmlLogger., took 0 ms.
TpTrace Information: 0 : 24848, 10, 2025/04/27, 23:36:44.252, 6275110953692, vstest.console.dll, TestRunRequest:SendTestRunMessage: Completed.
TpTrace Verbose: 0 : 24848, 4, 2025/04/27, 23:36:44.252, 6275110954545, vstest.console.dll, MulticastDelegateUtilities.SafeInvoke: InternalTestLoggerEvents.SendTestRunMessage: Invoking callback 2/2 for Microsoft.VisualStudio.TestPlatform.CommandLine.Internal.MSBuildLogger., took 0 ms.
TpTrace Verbose: 0 : 24848, 10, 2025/04/27, 23:36:44.252, 6275110954907, vstest.console.dll, MulticastDelegateUtilities.SafeInvoke: LengthPrefixCommunicationChannel: MessageReceived: Invoking callback 1/1 for Microsoft.VisualStudio.TestPlatform.CommunicationUtilities.TestRequestSender+<>c__DisplayClass34_0., took 0 ms.
TpTrace Verbose: 0 : 24848, 10, 2025/04/27, 23:36:44.252, 6275110955624, vstest.console.dll, TcpClientExtensions.MessageLoopAsync: Polling on remoteEndPoint: 127.0.0.1:52988 localEndPoint: 127.0.0.1:52987 after 0 ms
TpTrace Verbose: 0 : 24848, 10, 2025/04/27, 23:36:44.252, 6275110955975, vstest.console.dll, TcpClientExtensions.MessageLoopAsync: NotifyDataAvailable remoteEndPoint: 127.0.0.1:52988 localEndPoint: 127.0.0.1:52987
TpTrace Verbose: 0 : 24848, 10, 2025/04/27, 23:36:44.252, 6275110956392, vstest.console.dll, TestRequestSender.OnExecutionMessageReceived: Received message: {"Version":7,"MessageType":"TestSession.Message","Payload":{"MessageLevel":0,"Message":"[xUnit.net 00:00:00.24]            at Microsoft.Win32.SafeHandles.SafeFileHandle.Open(String fullPath, FileMode mode, FileAccess access, FileShare share, FileOptions options, Int64 preallocationSize, Nullable`1 unixCreateMode)"}}
TpTrace Verbose: 0 : 24848, 10, 2025/04/27, 23:36:44.252, 6275110957062, vstest.console.dll, TestRunRequest:SendTestRunMessage: Starting.
TpTrace Verbose: 0 : 24848, 10, 2025/04/27, 23:36:44.252, 6275110957486, vstest.console.dll, MulticastDelegateUtilities.SafeInvoke: TestRun.LogMessages: Invoking callback 1/1 for Microsoft.VisualStudio.TestPlatform.CommandLine.TestRunResultAggregator., took 0 ms.
TpTrace Information: 0 : 24848, 10, 2025/04/27, 23:36:44.252, 6275110957747, vstest.console.dll, TestRunRequest:SendTestRunMessage: Completed.
TpTrace Verbose: 0 : 24848, 10, 2025/04/27, 23:36:44.252, 6275110958020, vstest.console.dll, MulticastDelegateUtilities.SafeInvoke: LengthPrefixCommunicationChannel: MessageReceived: Invoking callback 1/1 for Microsoft.VisualStudio.TestPlatform.CommunicationUtilities.TestRequestSender+<>c__DisplayClass34_0., took 0 ms.
TpTrace Verbose: 0 : 24848, 10, 2025/04/27, 23:36:44.252, 6275110958222, vstest.console.dll, TcpClientExtensions.MessageLoopAsync: Polling on remoteEndPoint: 127.0.0.1:52988 localEndPoint: 127.0.0.1:52987 after 0 ms
TpTrace Verbose: 0 : 24848, 4, 2025/04/27, 23:36:44.252, 6275110958348, vstest.console.dll, MulticastDelegateUtilities.SafeInvoke: InternalTestLoggerEvents.SendTestRunMessage: Invoking callback 1/2 for Microsoft.VisualStudio.TestPlatform.Extensions.HtmlLogger.HtmlLogger., took 0 ms.
TpTrace Verbose: 0 : 24848, 10, 2025/04/27, 23:36:44.252, 6275110958479, vstest.console.dll, TcpClientExtensions.MessageLoopAsync: NotifyDataAvailable remoteEndPoint: 127.0.0.1:52988 localEndPoint: 127.0.0.1:52987
TpTrace Verbose: 0 : 24848, 4, 2025/04/27, 23:36:44.253, 6275110959233, vstest.console.dll, MulticastDelegateUtilities.SafeInvoke: InternalTestLoggerEvents.SendTestRunMessage: Invoking callback 2/2 for Microsoft.VisualStudio.TestPlatform.CommandLine.Internal.MSBuildLogger., took 0 ms.
TpTrace Verbose: 0 : 24848, 10, 2025/04/27, 23:36:44.253, 6275110959290, vstest.console.dll, TestRequestSender.OnExecutionMessageReceived: Received message: {"Version":7,"MessageType":"TestSession.Message","Payload":{"MessageLevel":0,"Message":"[xUnit.net 00:00:00.24]            at System.IO.File.OpenHandle(String path, FileMode mode, FileAccess access, FileShare share, FileOptions options, Int64 preallocationSize)"}}
TpTrace Verbose: 0 : 24848, 10, 2025/04/27, 23:36:44.253, 6275110960032, vstest.console.dll, TestRunRequest:SendTestRunMessage: Starting.
TpTrace Verbose: 0 : 24848, 10, 2025/04/27, 23:36:44.253, 6275110960324, vstest.console.dll, MulticastDelegateUtilities.SafeInvoke: TestRun.LogMessages: Invoking callback 1/1 for Microsoft.VisualStudio.TestPlatform.CommandLine.TestRunResultAggregator., took 0 ms.
TpTrace Verbose: 0 : 24848, 4, 2025/04/27, 23:36:44.253, 6275110960566, vstest.console.dll, MulticastDelegateUtilities.SafeInvoke: InternalTestLoggerEvents.SendTestRunMessage: Invoking callback 1/2 for Microsoft.VisualStudio.TestPlatform.Extensions.HtmlLogger.HtmlLogger., took 0 ms.
TpTrace Information: 0 : 24848, 10, 2025/04/27, 23:36:44.253, 6275110960836, vstest.console.dll, TestRunRequest:SendTestRunMessage: Completed.
TpTrace Verbose: 0 : 24848, 10, 2025/04/27, 23:36:44.253, 6275110961341, vstest.console.dll, MulticastDelegateUtilities.SafeInvoke: LengthPrefixCommunicationChannel: MessageReceived: Invoking callback 1/1 for Microsoft.VisualStudio.TestPlatform.CommunicationUtilities.TestRequestSender+<>c__DisplayClass34_0., took 0 ms.
TpTrace Verbose: 0 : 24848, 10, 2025/04/27, 23:36:44.253, 6275110961518, vstest.console.dll, TcpClientExtensions.MessageLoopAsync: Polling on remoteEndPoint: 127.0.0.1:52988 localEndPoint: 127.0.0.1:52987 after 0 ms
TpTrace Verbose: 0 : 24848, 10, 2025/04/27, 23:36:44.253, 6275110961700, vstest.console.dll, TcpClientExtensions.MessageLoopAsync: NotifyDataAvailable remoteEndPoint: 127.0.0.1:52988 localEndPoint: 127.0.0.1:52987
TpTrace Verbose: 0 : 24848, 4, 2025/04/27, 23:36:44.253, 6275110961846, vstest.console.dll, MulticastDelegateUtilities.SafeInvoke: InternalTestLoggerEvents.SendTestRunMessage: Invoking callback 2/2 for Microsoft.VisualStudio.TestPlatform.CommandLine.Internal.MSBuildLogger., took 0 ms.
TpTrace Verbose: 0 : 24848, 10, 2025/04/27, 23:36:44.253, 6275110961951, vstest.console.dll, TestRequestSender.OnExecutionMessageReceived: Received message: {"Version":7,"MessageType":"TestSession.Message","Payload":{"MessageLevel":0,"Message":"[xUnit.net 00:00:00.24]            at System.IO.File.WriteToFile(String path, FileMode mode, String contents, Encoding encoding)"}}
TpTrace Verbose: 0 : 24848, 10, 2025/04/27, 23:36:44.253, 6275110962782, vstest.console.dll, TestRunRequest:SendTestRunMessage: Starting.
TpTrace Verbose: 0 : 24848, 10, 2025/04/27, 23:36:44.253, 6275110963074, vstest.console.dll, MulticastDelegateUtilities.SafeInvoke: TestRun.LogMessages: Invoking callback 1/1 for Microsoft.VisualStudio.TestPlatform.CommandLine.TestRunResultAggregator., took 0 ms.
TpTrace Information: 0 : 24848, 10, 2025/04/27, 23:36:44.253, 6275110963265, vstest.console.dll, TestRunRequest:SendTestRunMessage: Completed.
TpTrace Verbose: 0 : 24848, 4, 2025/04/27, 23:36:44.253, 6275110963448, vstest.console.dll, MulticastDelegateUtilities.SafeInvoke: InternalTestLoggerEvents.SendTestRunMessage: Invoking callback 1/2 for Microsoft.VisualStudio.TestPlatform.Extensions.HtmlLogger.HtmlLogger., took 0 ms.
TpTrace Verbose: 0 : 24848, 10, 2025/04/27, 23:36:44.253, 6275110963854, vstest.console.dll, MulticastDelegateUtilities.SafeInvoke: LengthPrefixCommunicationChannel: MessageReceived: Invoking callback 1/1 for Microsoft.VisualStudio.TestPlatform.CommunicationUtilities.TestRequestSender+<>c__DisplayClass34_0., took 0 ms.
TpTrace Verbose: 0 : 24848, 10, 2025/04/27, 23:36:44.253, 6275110964313, vstest.console.dll, TcpClientExtensions.MessageLoopAsync: Polling on remoteEndPoint: 127.0.0.1:52988 localEndPoint: 127.0.0.1:52987 after 0 ms
TpTrace Verbose: 0 : 24848, 10, 2025/04/27, 23:36:44.253, 6275110964601, vstest.console.dll, TcpClientExtensions.MessageLoopAsync: NotifyDataAvailable remoteEndPoint: 127.0.0.1:52988 localEndPoint: 127.0.0.1:52987
TpTrace Verbose: 0 : 24848, 10, 2025/04/27, 23:36:44.253, 6275110965006, vstest.console.dll, TestRequestSender.OnExecutionMessageReceived: Received message: {"Version":7,"MessageType":"TestSession.Message","Payload":{"MessageLevel":0,"Message":"[xUnit.net 00:00:00.24]         C:\\Users\\meist\\Source\\Repos\\ems-back\\ems-back.Tests\\TestsResults\\TestReportGenerator.cs(92,0): at ems_back.Tests.Utilities.TestReportGenerator.Dispose()"}}
TpTrace Verbose: 0 : 24848, 4, 2025/04/27, 23:36:44.253, 6275110965093, vstest.console.dll, MulticastDelegateUtilities.SafeInvoke: InternalTestLoggerEvents.SendTestRunMessage: Invoking callback 2/2 for Microsoft.VisualStudio.TestPlatform.CommandLine.Internal.MSBuildLogger., took 0 ms.
TpTrace Verbose: 0 : 24848, 10, 2025/04/27, 23:36:44.253, 6275110966093, vstest.console.dll, TestRunRequest:SendTestRunMessage: Starting.
TpTrace Verbose: 0 : 24848, 10, 2025/04/27, 23:36:44.253, 6275110966456, vstest.console.dll, MulticastDelegateUtilities.SafeInvoke: TestRun.LogMessages: Invoking callback 1/1 for Microsoft.VisualStudio.TestPlatform.CommandLine.TestRunResultAggregator., took 0 ms.
TpTrace Verbose: 0 : 24848, 4, 2025/04/27, 23:36:44.253, 6275110966672, vstest.console.dll, MulticastDelegateUtilities.SafeInvoke: InternalTestLoggerEvents.SendTestRunMessage: Invoking callback 1/2 for Microsoft.VisualStudio.TestPlatform.Extensions.HtmlLogger.HtmlLogger., took 0 ms.
TpTrace Information: 0 : 24848, 10, 2025/04/27, 23:36:44.253, 6275110966765, vstest.console.dll, TestRunRequest:SendTestRunMessage: Completed.
TpTrace Verbose: 0 : 24848, 10, 2025/04/27, 23:36:44.253, 6275110967219, vstest.console.dll, MulticastDelegateUtilities.SafeInvoke: LengthPrefixCommunicationChannel: MessageReceived: Invoking callback 1/1 for Microsoft.VisualStudio.TestPlatform.CommunicationUtilities.TestRequestSender+<>c__DisplayClass34_0., took 0 ms.
TpTrace Verbose: 0 : 24848, 4, 2025/04/27, 23:36:44.253, 6275110967340, vstest.console.dll, MulticastDelegateUtilities.SafeInvoke: InternalTestLoggerEvents.SendTestRunMessage: Invoking callback 2/2 for Microsoft.VisualStudio.TestPlatform.CommandLine.Internal.MSBuildLogger., took 0 ms.
TpTrace Verbose: 0 : 24848, 10, 2025/04/27, 23:36:44.253, 6275110967382, vstest.console.dll, TcpClientExtensions.MessageLoopAsync: Polling on remoteEndPoint: 127.0.0.1:52988 localEndPoint: 127.0.0.1:52987 after 0 ms
TpTrace Verbose: 0 : 24848, 10, 2025/04/27, 23:36:44.253, 6275110967899, vstest.console.dll, TcpClientExtensions.MessageLoopAsync: NotifyDataAvailable remoteEndPoint: 127.0.0.1:52988 localEndPoint: 127.0.0.1:52987
TpTrace Verbose: 0 : 24848, 10, 2025/04/27, 23:36:44.253, 6275110968210, vstest.console.dll, TestRequestSender.OnExecutionMessageReceived: Received message: {"Version":7,"MessageType":"TestSession.Message","Payload":{"MessageLevel":0,"Message":"[xUnit.net 00:00:00.24]         C:\\Users\\meist\\Source\\Repos\\ems-back\\ems-back.Tests\\Services\\EventServiceTests.cs(170,0): at ems_back.Tests.Services.EventServiceTests.Dispose()"}}
TpTrace Verbose: 0 : 24848, 10, 2025/04/27, 23:36:44.253, 6275110968554, vstest.console.dll, TestRunRequest:SendTestRunMessage: Starting.
TpTrace Verbose: 0 : 24848, 10, 2025/04/27, 23:36:44.254, 6275110968849, vstest.console.dll, MulticastDelegateUtilities.SafeInvoke: TestRun.LogMessages: Invoking callback 1/1 for Microsoft.VisualStudio.TestPlatform.CommandLine.TestRunResultAggregator., took 0 ms.
TpTrace Verbose: 0 : 24848, 4, 2025/04/27, 23:36:44.254, 6275110968952, vstest.console.dll, MulticastDelegateUtilities.SafeInvoke: InternalTestLoggerEvents.SendTestRunMessage: Invoking callback 1/2 for Microsoft.VisualStudio.TestPlatform.Extensions.HtmlLogger.HtmlLogger., took 0 ms.
TpTrace Information: 0 : 24848, 10, 2025/04/27, 23:36:44.254, 6275110969027, vstest.console.dll, TestRunRequest:SendTestRunMessage: Completed.
TpTrace Verbose: 0 : 24848, 10, 2025/04/27, 23:36:44.254, 6275110969318, vstest.console.dll, MulticastDelegateUtilities.SafeInvoke: LengthPrefixCommunicationChannel: MessageReceived: Invoking callback 1/1 for Microsoft.VisualStudio.TestPlatform.CommunicationUtilities.TestRequestSender+<>c__DisplayClass34_0., took 0 ms.
TpTrace Verbose: 0 : 24848, 10, 2025/04/27, 23:36:44.254, 6275110969448, vstest.console.dll, TcpClientExtensions.MessageLoopAsync: Polling on remoteEndPoint: 127.0.0.1:52988 localEndPoint: 127.0.0.1:52987 after 0 ms
TpTrace Verbose: 0 : 24848, 4, 2025/04/27, 23:36:44.254, 6275110969457, vstest.console.dll, MulticastDelegateUtilities.SafeInvoke: InternalTestLoggerEvents.SendTestRunMessage: Invoking callback 2/2 for Microsoft.VisualStudio.TestPlatform.CommandLine.Internal.MSBuildLogger., took 0 ms.
TpTrace Verbose: 0 : 24848, 10, 2025/04/27, 23:36:44.254, 6275110969598, vstest.console.dll, TcpClientExtensions.MessageLoopAsync: NotifyDataAvailable remoteEndPoint: 127.0.0.1:52988 localEndPoint: 127.0.0.1:52987
TpTrace Verbose: 0 : 24848, 10, 2025/04/27, 23:36:44.254, 6275110970007, vstest.console.dll, TestRequestSender.OnExecutionMessageReceived: Received message: {"Version":7,"MessageType":"TestSession.Message","Payload":{"MessageLevel":0,"Message":"[xUnit.net 00:00:00.24]         /_/src/xunit.execution/Extensions/ReflectionAbstractionExtensions.cs(79,0): at ReflectionAbstractionExtensions.DisposeTestClass(ITest test, Object testClass, IMessageBus messageBus, ExecutionTimer timer, CancellationTokenSource cancellationTokenSource)"}}
TpTrace Verbose: 0 : 24848, 10, 2025/04/27, 23:36:44.254, 6275110970443, vstest.console.dll, TestRunRequest:SendTestRunMessage: Starting.
TpTrace Verbose: 0 : 24848, 10, 2025/04/27, 23:36:44.254, 6275110970684, vstest.console.dll, MulticastDelegateUtilities.SafeInvoke: TestRun.LogMessages: Invoking callback 1/1 for Microsoft.VisualStudio.TestPlatform.CommandLine.TestRunResultAggregator., took 0 ms.
TpTrace Information: 0 : 24848, 10, 2025/04/27, 23:36:44.254, 6275110970855, vstest.console.dll, TestRunRequest:SendTestRunMessage: Completed.
TpTrace Verbose: 0 : 24848, 4, 2025/04/27, 23:36:44.254, 6275110970933, vstest.console.dll, MulticastDelegateUtilities.SafeInvoke: InternalTestLoggerEvents.SendTestRunMessage: Invoking callback 1/2 for Microsoft.VisualStudio.TestPlatform.Extensions.HtmlLogger.HtmlLogger., took 0 ms.
TpTrace Verbose: 0 : 24848, 10, 2025/04/27, 23:36:44.254, 6275110970999, vstest.console.dll, MulticastDelegateUtilities.SafeInvoke: LengthPrefixCommunicationChannel: MessageReceived: Invoking callback 1/1 for Microsoft.VisualStudio.TestPlatform.CommunicationUtilities.TestRequestSender+<>c__DisplayClass34_0., took 0 ms.
TpTrace Verbose: 0 : 24848, 10, 2025/04/27, 23:36:44.254, 6275110971776, vstest.console.dll, TcpClientExtensions.MessageLoopAsync: Polling on remoteEndPoint: 127.0.0.1:52988 localEndPoint: 127.0.0.1:52987 after 0 ms
TpTrace Verbose: 0 : 24848, 4, 2025/04/27, 23:36:44.254, 6275110971847, vstest.console.dll, MulticastDelegateUtilities.SafeInvoke: InternalTestLoggerEvents.SendTestRunMessage: Invoking callback 2/2 for Microsoft.VisualStudio.TestPlatform.CommandLine.Internal.MSBuildLogger., took 0 ms.
TpTrace Verbose: 0 : 24848, 10, 2025/04/27, 23:36:44.282, 6275111256119, vstest.console.dll, TcpClientExtensions.MessageLoopAsync: NotifyDataAvailable remoteEndPoint: 127.0.0.1:52988 localEndPoint: 127.0.0.1:52987
TpTrace Verbose: 0 : 24848, 10, 2025/04/27, 23:36:44.282, 6275111258504, vstest.console.dll, TestRequestSender.OnExecutionMessageReceived: Received message: {"Version":7,"MessageType":"TestSession.Message","Payload":{"MessageLevel":2,"Message":"[xUnit.net 00:00:00.27]     ems_back.Tests.Services.AuthServiceTests.LoginAsync_InvalidEmail_ReturnsFailure [FAIL]"}}
TpTrace Verbose: 0 : 24848, 10, 2025/04/27, 23:36:44.283, 6275111259444, vstest.console.dll, TestRunRequest:SendTestRunMessage: Starting.
TpTrace Verbose: 0 : 24848, 10, 2025/04/27, 23:36:44.283, 6275111260657, vstest.console.dll, MulticastDelegateUtilities.SafeInvoke: TestRun.LogMessages: Invoking callback 1/1 for Microsoft.VisualStudio.TestPlatform.CommandLine.TestRunResultAggregator., took 0 ms.
TpTrace Verbose: 0 : 24848, 4, 2025/04/27, 23:36:44.283, 6275111260810, vstest.console.dll, MulticastDelegateUtilities.SafeInvoke: InternalTestLoggerEvents.SendTestRunMessage: Invoking callback 1/2 for Microsoft.VisualStudio.TestPlatform.Extensions.HtmlLogger.HtmlLogger., took 0 ms.
TpTrace Information: 0 : 24848, 10, 2025/04/27, 23:36:44.283, 6275111261275, vstest.console.dll, TestRunRequest:SendTestRunMessage: Completed.
TpTrace Verbose: 0 : 24848, 10, 2025/04/27, 23:36:44.283, 6275111261648, vstest.console.dll, MulticastDelegateUtilities.SafeInvoke: LengthPrefixCommunicationChannel: MessageReceived: Invoking callback 1/1 for Microsoft.VisualStudio.TestPlatform.CommunicationUtilities.TestRequestSender+<>c__DisplayClass34_0., took 0 ms.
TpTrace Verbose: 0 : 24848, 10, 2025/04/27, 23:36:44.283, 6275111262187, vstest.console.dll, TcpClientExtensions.MessageLoopAsync: Polling on remoteEndPoint: 127.0.0.1:52988 localEndPoint: 127.0.0.1:52987 after 28 ms
TpTrace Verbose: 0 : 24848, 4, 2025/04/27, 23:36:44.283, 6275111261850, vstest.console.dll, MulticastDelegateUtilities.SafeInvoke: InternalTestLoggerEvents.SendTestRunMessage: Invoking callback 2/2 for Microsoft.VisualStudio.TestPlatform.CommandLine.Internal.MSBuildLogger., took 0 ms.
TpTrace Verbose: 0 : 24848, 10, 2025/04/27, 23:36:44.283, 6275111262642, vstest.console.dll, TcpClientExtensions.MessageLoopAsync: NotifyDataAvailable remoteEndPoint: 127.0.0.1:52988 localEndPoint: 127.0.0.1:52987
TpTrace Verbose: 0 : 24848, 10, 2025/04/27, 23:36:44.283, 6275111263089, vstest.console.dll, TestRequestSender.OnExecutionMessageReceived: Received message: {"Version":7,"MessageType":"TestSession.Message","Payload":{"MessageLevel":0,"Message":"[xUnit.net 00:00:00.27]       System.IO.IOException : The process cannot access the file 'C:\\Users\\meist\\Source\\Repos\\ems-back\\ems-back.Tests\\bin\\Debug\\net8.0\\TestResults\\report.html' because it is being used by another process."}}
TpTrace Verbose: 0 : 24848, 10, 2025/04/27, 23:36:44.283, 6275111263930, vstest.console.dll, TestRunRequest:SendTestRunMessage: Starting.
TpTrace Verbose: 0 : 24848, 10, 2025/04/27, 23:36:44.283, 6275111264230, vstest.console.dll, MulticastDelegateUtilities.SafeInvoke: TestRun.LogMessages: Invoking callback 1/1 for Microsoft.VisualStudio.TestPlatform.CommandLine.TestRunResultAggregator., took 0 ms.
TpTrace Verbose: 0 : 24848, 4, 2025/04/27, 23:36:44.283, 6275111264359, vstest.console.dll, MulticastDelegateUtilities.SafeInvoke: InternalTestLoggerEvents.SendTestRunMessage: Invoking callback 1/2 for Microsoft.VisualStudio.TestPlatform.Extensions.HtmlLogger.HtmlLogger., took 0 ms.
TpTrace Information: 0 : 24848, 10, 2025/04/27, 23:36:44.283, 6275111264443, vstest.console.dll, TestRunRequest:SendTestRunMessage: Completed.
TpTrace Verbose: 0 : 24848, 10, 2025/04/27, 23:36:44.283, 6275111265018, vstest.console.dll, MulticastDelegateUtilities.SafeInvoke: LengthPrefixCommunicationChannel: MessageReceived: Invoking callback 1/1 for Microsoft.VisualStudio.TestPlatform.CommunicationUtilities.TestRequestSender+<>c__DisplayClass34_0., took 0 ms.
TpTrace Verbose: 0 : 24848, 10, 2025/04/27, 23:36:44.283, 6275111265184, vstest.console.dll, TcpClientExtensions.MessageLoopAsync: Polling on remoteEndPoint: 127.0.0.1:52988 localEndPoint: 127.0.0.1:52987 after 0 ms
TpTrace Verbose: 0 : 24848, 4, 2025/04/27, 23:36:44.283, 6275111265276, vstest.console.dll, MulticastDelegateUtilities.SafeInvoke: InternalTestLoggerEvents.SendTestRunMessage: Invoking callback 2/2 for Microsoft.VisualStudio.TestPlatform.CommandLine.Internal.MSBuildLogger., took 0 ms.
TpTrace Verbose: 0 : 24848, 10, 2025/04/27, 23:36:44.283, 6275111265370, vstest.console.dll, TcpClientExtensions.MessageLoopAsync: NotifyDataAvailable remoteEndPoint: 127.0.0.1:52988 localEndPoint: 127.0.0.1:52987
TpTrace Verbose: 0 : 24848, 10, 2025/04/27, 23:36:44.283, 6275111265760, vstest.console.dll, TestRequestSender.OnExecutionMessageReceived: Received message: {"Version":7,"MessageType":"TestSession.Message","Payload":{"MessageLevel":0,"Message":"[xUnit.net 00:00:00.27]       Stack Trace:"}}
TpTrace Verbose: 0 : 24848, 10, 2025/04/27, 23:36:44.283, 6275111266276, vstest.console.dll, TestRunRequest:SendTestRunMessage: Starting.
TpTrace Verbose: 0 : 24848, 10, 2025/04/27, 23:36:44.283, 6275111266535, vstest.console.dll, MulticastDelegateUtilities.SafeInvoke: TestRun.LogMessages: Invoking callback 1/1 for Microsoft.VisualStudio.TestPlatform.CommandLine.TestRunResultAggregator., took 0 ms.
TpTrace Verbose: 0 : 24848, 4, 2025/04/27, 23:36:44.283, 6275111266666, vstest.console.dll, MulticastDelegateUtilities.SafeInvoke: InternalTestLoggerEvents.SendTestRunMessage: Invoking callback 1/2 for Microsoft.VisualStudio.TestPlatform.Extensions.HtmlLogger.HtmlLogger., took 0 ms.
TpTrace Information: 0 : 24848, 10, 2025/04/27, 23:36:44.283, 6275111266705, vstest.console.dll, TestRunRequest:SendTestRunMessage: Completed.
TpTrace Verbose: 0 : 24848, 10, 2025/04/27, 23:36:44.283, 6275111267249, vstest.console.dll, MulticastDelegateUtilities.SafeInvoke: LengthPrefixCommunicationChannel: MessageReceived: Invoking callback 1/1 for Microsoft.VisualStudio.TestPlatform.CommunicationUtilities.TestRequestSender+<>c__DisplayClass34_0., took 0 ms.
TpTrace Verbose: 0 : 24848, 4, 2025/04/27, 23:36:44.283, 6275111267328, vstest.console.dll, MulticastDelegateUtilities.SafeInvoke: InternalTestLoggerEvents.SendTestRunMessage: Invoking callback 2/2 for Microsoft.VisualStudio.TestPlatform.CommandLine.Internal.MSBuildLogger., took 0 ms.
TpTrace Verbose: 0 : 24848, 10, 2025/04/27, 23:36:44.283, 6275111267409, vstest.console.dll, TcpClientExtensions.MessageLoopAsync: Polling on remoteEndPoint: 127.0.0.1:52988 localEndPoint: 127.0.0.1:52987 after 0 ms
TpTrace Verbose: 0 : 24848, 10, 2025/04/27, 23:36:44.283, 6275111267689, vstest.console.dll, TcpClientExtensions.MessageLoopAsync: NotifyDataAvailable remoteEndPoint: 127.0.0.1:52988 localEndPoint: 127.0.0.1:52987
TpTrace Verbose: 0 : 24848, 10, 2025/04/27, 23:36:44.283, 6275111267981, vstest.console.dll, TestRequestSender.OnExecutionMessageReceived: Received message: {"Version":7,"MessageType":"TestSession.Message","Payload":{"MessageLevel":0,"Message":"[xUnit.net 00:00:00.27]            at Microsoft.Win32.SafeHandles.SafeFileHandle.CreateFile(String fullPath, FileMode mode, FileAccess access, FileShare share, FileOptions options)"}}
TpTrace Verbose: 0 : 24848, 10, 2025/04/27, 23:36:44.283, 6275111268422, vstest.console.dll, TestRunRequest:SendTestRunMessage: Starting.
TpTrace Verbose: 0 : 24848, 10, 2025/04/27, 23:36:44.283, 6275111268688, vstest.console.dll, MulticastDelegateUtilities.SafeInvoke: TestRun.LogMessages: Invoking callback 1/1 for Microsoft.VisualStudio.TestPlatform.CommandLine.TestRunResultAggregator., took 0 ms.
TpTrace Information: 0 : 24848, 10, 2025/04/27, 23:36:44.284, 6275111268981, vstest.console.dll, TestRunRequest:SendTestRunMessage: Completed.
TpTrace Verbose: 0 : 24848, 10, 2025/04/27, 23:36:44.284, 6275111269121, vstest.console.dll, MulticastDelegateUtilities.SafeInvoke: LengthPrefixCommunicationChannel: MessageReceived: Invoking callback 1/1 for Microsoft.VisualStudio.TestPlatform.CommunicationUtilities.TestRequestSender+<>c__DisplayClass34_0., took 0 ms.
TpTrace Verbose: 0 : 24848, 10, 2025/04/27, 23:36:44.284, 6275111269259, vstest.console.dll, TcpClientExtensions.MessageLoopAsync: Polling on remoteEndPoint: 127.0.0.1:52988 localEndPoint: 127.0.0.1:52987 after 0 ms
TpTrace Verbose: 0 : 24848, 4, 2025/04/27, 23:36:44.284, 6275111269171, vstest.console.dll, MulticastDelegateUtilities.SafeInvoke: InternalTestLoggerEvents.SendTestRunMessage: Invoking callback 1/2 for Microsoft.VisualStudio.TestPlatform.Extensions.HtmlLogger.HtmlLogger., took 0 ms.
TpTrace Verbose: 0 : 24848, 10, 2025/04/27, 23:36:44.284, 6275111269482, vstest.console.dll, TcpClientExtensions.MessageLoopAsync: NotifyDataAvailable remoteEndPoint: 127.0.0.1:52988 localEndPoint: 127.0.0.1:52987
TpTrace Verbose: 0 : 24848, 10, 2025/04/27, 23:36:44.284, 6275111270769, vstest.console.dll, TestRequestSender.OnExecutionMessageReceived: Received message: {"Version":7,"MessageType":"TestSession.Message","Payload":{"MessageLevel":0,"Message":"[xUnit.net 00:00:00.27]            at Microsoft.Win32.SafeHandles.SafeFileHandle.Open(String fullPath, FileMode mode, FileAccess access, FileShare share, FileOptions options, Int64 preallocationSize, Nullable`1 unixCreateMode)"}}
TpTrace Verbose: 0 : 24848, 4, 2025/04/27, 23:36:44.284, 6275111270962, vstest.console.dll, MulticastDelegateUtilities.SafeInvoke: InternalTestLoggerEvents.SendTestRunMessage: Invoking callback 2/2 for Microsoft.VisualStudio.TestPlatform.CommandLine.Internal.MSBuildLogger., took 0 ms.
TpTrace Verbose: 0 : 24848, 10, 2025/04/27, 23:36:44.284, 6275111271349, vstest.console.dll, TestRunRequest:SendTestRunMessage: Starting.
TpTrace Verbose: 0 : 24848, 10, 2025/04/27, 23:36:44.284, 6275111271955, vstest.console.dll, MulticastDelegateUtilities.SafeInvoke: TestRun.LogMessages: Invoking callback 1/1 for Microsoft.VisualStudio.TestPlatform.CommandLine.TestRunResultAggregator., took 0 ms.
TpTrace Information: 0 : 24848, 10, 2025/04/27, 23:36:44.284, 6275111272172, vstest.console.dll, TestRunRequest:SendTestRunMessage: Completed.
TpTrace Verbose: 0 : 24848, 10, 2025/04/27, 23:36:44.284, 6275111272318, vstest.console.dll, MulticastDelegateUtilities.SafeInvoke: LengthPrefixCommunicationChannel: MessageReceived: Invoking callback 1/1 for Microsoft.VisualStudio.TestPlatform.CommunicationUtilities.TestRequestSender+<>c__DisplayClass34_0., took 0 ms.
TpTrace Verbose: 0 : 24848, 4, 2025/04/27, 23:36:44.284, 6275111272263, vstest.console.dll, MulticastDelegateUtilities.SafeInvoke: InternalTestLoggerEvents.SendTestRunMessage: Invoking callback 1/2 for Microsoft.VisualStudio.TestPlatform.Extensions.HtmlLogger.HtmlLogger., took 0 ms.
TpTrace Verbose: 0 : 24848, 10, 2025/04/27, 23:36:44.284, 6275111272531, vstest.console.dll, TcpClientExtensions.MessageLoopAsync: Polling on remoteEndPoint: 127.0.0.1:52988 localEndPoint: 127.0.0.1:52987 after 0 ms
TpTrace Verbose: 0 : 24848, 10, 2025/04/27, 23:36:44.284, 6275111273625, vstest.console.dll, TcpClientExtensions.MessageLoopAsync: NotifyDataAvailable remoteEndPoint: 127.0.0.1:52988 localEndPoint: 127.0.0.1:52987
TpTrace Verbose: 0 : 24848, 4, 2025/04/27, 23:36:44.284, 6275111274023, vstest.console.dll, MulticastDelegateUtilities.SafeInvoke: InternalTestLoggerEvents.SendTestRunMessage: Invoking callback 2/2 for Microsoft.VisualStudio.TestPlatform.CommandLine.Internal.MSBuildLogger., took 0 ms.
TpTrace Verbose: 0 : 24848, 10, 2025/04/27, 23:36:44.284, 6275111274125, vstest.console.dll, TestRequestSender.OnExecutionMessageReceived: Received message: {"Version":7,"MessageType":"TestSession.Message","Payload":{"MessageLevel":0,"Message":"[xUnit.net 00:00:00.27]            at System.IO.File.OpenHandle(String path, FileMode mode, FileAccess access, FileShare share, FileOptions options, Int64 preallocationSize)"}}
TpTrace Verbose: 0 : 24848, 10, 2025/04/27, 23:36:44.284, 6275111275197, vstest.console.dll, TestRunRequest:SendTestRunMessage: Starting.
TpTrace Verbose: 0 : 24848, 10, 2025/04/27, 23:36:44.284, 6275111275561, vstest.console.dll, MulticastDelegateUtilities.SafeInvoke: TestRun.LogMessages: Invoking callback 1/1 for Microsoft.VisualStudio.TestPlatform.CommandLine.TestRunResultAggregator., took 0 ms.
TpTrace Information: 0 : 24848, 10, 2025/04/27, 23:36:44.284, 6275111275746, vstest.console.dll, TestRunRequest:SendTestRunMessage: Completed.
TpTrace Verbose: 0 : 24848, 4, 2025/04/27, 23:36:44.284, 6275111275731, vstest.console.dll, MulticastDelegateUtilities.SafeInvoke: InternalTestLoggerEvents.SendTestRunMessage: Invoking callback 1/2 for Microsoft.VisualStudio.TestPlatform.Extensions.HtmlLogger.HtmlLogger., took 0 ms.
TpTrace Verbose: 0 : 24848, 10, 2025/04/27, 23:36:44.284, 6275111275897, vstest.console.dll, MulticastDelegateUtilities.SafeInvoke: LengthPrefixCommunicationChannel: MessageReceived: Invoking callback 1/1 for Microsoft.VisualStudio.TestPlatform.CommunicationUtilities.TestRequestSender+<>c__DisplayClass34_0., took 0 ms.
TpTrace Verbose: 0 : 24848, 10, 2025/04/27, 23:36:44.284, 6275111276896, vstest.console.dll, TcpClientExtensions.MessageLoopAsync: Polling on remoteEndPoint: 127.0.0.1:52988 localEndPoint: 127.0.0.1:52987 after 0 ms
TpTrace Verbose: 0 : 24848, 10, 2025/04/27, 23:36:44.284, 6275111277180, vstest.console.dll, TcpClientExtensions.MessageLoopAsync: NotifyDataAvailable remoteEndPoint: 127.0.0.1:52988 localEndPoint: 127.0.0.1:52987
TpTrace Verbose: 0 : 24848, 10, 2025/04/27, 23:36:44.284, 6275111277543, vstest.console.dll, TestRequestSender.OnExecutionMessageReceived: Received message: {"Version":7,"MessageType":"TestSession.Message","Payload":{"MessageLevel":0,"Message":"[xUnit.net 00:00:00.27]            at System.IO.File.WriteToFile(String path, FileMode mode, String contents, Encoding encoding)"}}
TpTrace Verbose: 0 : 24848, 4, 2025/04/27, 23:36:44.284, 6275111277507, vstest.console.dll, MulticastDelegateUtilities.SafeInvoke: InternalTestLoggerEvents.SendTestRunMessage: Invoking callback 2/2 for Microsoft.VisualStudio.TestPlatform.CommandLine.Internal.MSBuildLogger., took 0 ms.
TpTrace Verbose: 0 : 24848, 10, 2025/04/27, 23:36:44.284, 6275111278049, vstest.console.dll, TestRunRequest:SendTestRunMessage: Starting.
TpTrace Verbose: 0 : 24848, 4, 2025/04/27, 23:36:44.285, 6275111279575, vstest.console.dll, MulticastDelegateUtilities.SafeInvoke: InternalTestLoggerEvents.SendTestRunMessage: Invoking callback 1/2 for Microsoft.VisualStudio.TestPlatform.Extensions.HtmlLogger.HtmlLogger., took 0 ms.
TpTrace Verbose: 0 : 24848, 10, 2025/04/27, 23:36:44.285, 6275111279599, vstest.console.dll, MulticastDelegateUtilities.SafeInvoke: TestRun.LogMessages: Invoking callback 1/1 for Microsoft.VisualStudio.TestPlatform.CommandLine.TestRunResultAggregator., took 0 ms.
TpTrace Verbose: 0 : 24848, 4, 2025/04/27, 23:36:44.285, 6275111280234, vstest.console.dll, MulticastDelegateUtilities.SafeInvoke: InternalTestLoggerEvents.SendTestRunMessage: Invoking callback 2/2 for Microsoft.VisualStudio.TestPlatform.CommandLine.Internal.MSBuildLogger., took 0 ms.
TpTrace Information: 0 : 24848, 10, 2025/04/27, 23:36:44.285, 6275111280323, vstest.console.dll, TestRunRequest:SendTestRunMessage: Completed.
TpTrace Verbose: 0 : 24848, 10, 2025/04/27, 23:36:44.285, 6275111281146, vstest.console.dll, MulticastDelegateUtilities.SafeInvoke: LengthPrefixCommunicationChannel: MessageReceived: Invoking callback 1/1 for Microsoft.VisualStudio.TestPlatform.CommunicationUtilities.TestRequestSender+<>c__DisplayClass34_0., took 0 ms.
TpTrace Verbose: 0 : 24848, 10, 2025/04/27, 23:36:44.285, 6275111281396, vstest.console.dll, TcpClientExtensions.MessageLoopAsync: Polling on remoteEndPoint: 127.0.0.1:52988 localEndPoint: 127.0.0.1:52987 after 0 ms
TpTrace Verbose: 0 : 24848, 10, 2025/04/27, 23:36:44.285, 6275111281724, vstest.console.dll, TcpClientExtensions.MessageLoopAsync: NotifyDataAvailable remoteEndPoint: 127.0.0.1:52988 localEndPoint: 127.0.0.1:52987
TpTrace Verbose: 0 : 24848, 10, 2025/04/27, 23:36:44.285, 6275111282174, vstest.console.dll, TestRequestSender.OnExecutionMessageReceived: Received message: {"Version":7,"MessageType":"TestSession.Message","Payload":{"MessageLevel":0,"Message":"[xUnit.net 00:00:00.27]         C:\\Users\\meist\\Source\\Repos\\ems-back\\ems-back.Tests\\TestsResults\\TestReportGenerator.cs(92,0): at ems_back.Tests.Utilities.TestReportGenerator.Dispose()"}}
TpTrace Verbose: 0 : 24848, 10, 2025/04/27, 23:36:44.285, 6275111282694, vstest.console.dll, TestRunRequest:SendTestRunMessage: Starting.
TpTrace Verbose: 0 : 24848, 10, 2025/04/27, 23:36:44.285, 6275111283010, vstest.console.dll, MulticastDelegateUtilities.SafeInvoke: TestRun.LogMessages: Invoking callback 1/1 for Microsoft.VisualStudio.TestPlatform.CommandLine.TestRunResultAggregator., took 0 ms.
TpTrace Verbose: 0 : 24848, 4, 2025/04/27, 23:36:44.285, 6275111283190, vstest.console.dll, MulticastDelegateUtilities.SafeInvoke: InternalTestLoggerEvents.SendTestRunMessage: Invoking callback 1/2 for Microsoft.VisualStudio.TestPlatform.Extensions.HtmlLogger.HtmlLogger., took 0 ms.
TpTrace Information: 0 : 24848, 10, 2025/04/27, 23:36:44.285, 6275111283420, vstest.console.dll, TestRunRequest:SendTestRunMessage: Completed.
TpTrace Verbose: 0 : 24848, 10, 2025/04/27, 23:36:44.285, 6275111284106, vstest.console.dll, MulticastDelegateUtilities.SafeInvoke: LengthPrefixCommunicationChannel: MessageReceived: Invoking callback 1/1 for Microsoft.VisualStudio.TestPlatform.CommunicationUtilities.TestRequestSender+<>c__DisplayClass34_0., took 0 ms.
TpTrace Verbose: 0 : 24848, 10, 2025/04/27, 23:36:44.285, 6275111284340, vstest.console.dll, TcpClientExtensions.MessageLoopAsync: Polling on remoteEndPoint: 127.0.0.1:52988 localEndPoint: 127.0.0.1:52987 after 0 ms
TpTrace Verbose: 0 : 24848, 4, 2025/04/27, 23:36:44.285, 6275111284405, vstest.console.dll, MulticastDelegateUtilities.SafeInvoke: InternalTestLoggerEvents.SendTestRunMessage: Invoking callback 2/2 for Microsoft.VisualStudio.TestPlatform.CommandLine.Internal.MSBuildLogger., took 0 ms.
TpTrace Verbose: 0 : 24848, 10, 2025/04/27, 23:36:44.285, 6275111284776, vstest.console.dll, TcpClientExtensions.MessageLoopAsync: NotifyDataAvailable remoteEndPoint: 127.0.0.1:52988 localEndPoint: 127.0.0.1:52987
TpTrace Verbose: 0 : 24848, 10, 2025/04/27, 23:36:44.285, 6275111285254, vstest.console.dll, TestRequestSender.OnExecutionMessageReceived: Received message: {"Version":7,"MessageType":"TestSession.Message","Payload":{"MessageLevel":0,"Message":"[xUnit.net 00:00:00.27]         C:\\Users\\meist\\Source\\Repos\\ems-back\\ems-back.Tests\\Services\\AuthServiceTests.cs(101,0): at ems_back.Tests.Services.AuthServiceTests.Dispose()"}}
TpTrace Verbose: 0 : 24848, 10, 2025/04/27, 23:36:44.285, 6275111285710, vstest.console.dll, TestRunRequest:SendTestRunMessage: Starting.
TpTrace Verbose: 0 : 24848, 10, 2025/04/27, 23:36:44.285, 6275111285959, vstest.console.dll, MulticastDelegateUtilities.SafeInvoke: TestRun.LogMessages: Invoking callback 1/1 for Microsoft.VisualStudio.TestPlatform.CommandLine.TestRunResultAggregator., took 0 ms.
TpTrace Information: 0 : 24848, 10, 2025/04/27, 23:36:44.285, 6275111286138, vstest.console.dll, TestRunRequest:SendTestRunMessage: Completed.
TpTrace Verbose: 0 : 24848, 4, 2025/04/27, 23:36:44.285, 6275111286146, vstest.console.dll, MulticastDelegateUtilities.SafeInvoke: InternalTestLoggerEvents.SendTestRunMessage: Invoking callback 1/2 for Microsoft.VisualStudio.TestPlatform.Extensions.HtmlLogger.HtmlLogger., took 0 ms.
TpTrace Verbose: 0 : 24848, 4, 2025/04/27, 23:36:44.285, 6275111287068, vstest.console.dll, MulticastDelegateUtilities.SafeInvoke: InternalTestLoggerEvents.SendTestRunMessage: Invoking callback 2/2 for Microsoft.VisualStudio.TestPlatform.CommandLine.Internal.MSBuildLogger., took 0 ms.
TpTrace Verbose: 0 : 24848, 10, 2025/04/27, 23:36:44.285, 6275111286949, vstest.console.dll, MulticastDelegateUtilities.SafeInvoke: LengthPrefixCommunicationChannel: MessageReceived: Invoking callback 1/1 for Microsoft.VisualStudio.TestPlatform.CommunicationUtilities.TestRequestSender+<>c__DisplayClass34_0., took 0 ms.
TpTrace Verbose: 0 : 24848, 10, 2025/04/27, 23:36:44.285, 6275111287824, vstest.console.dll, TcpClientExtensions.MessageLoopAsync: Polling on remoteEndPoint: 127.0.0.1:52988 localEndPoint: 127.0.0.1:52987 after 0 ms
TpTrace Verbose: 0 : 24848, 10, 2025/04/27, 23:36:44.285, 6275111288251, vstest.console.dll, TcpClientExtensions.MessageLoopAsync: NotifyDataAvailable remoteEndPoint: 127.0.0.1:52988 localEndPoint: 127.0.0.1:52987
TpTrace Verbose: 0 : 24848, 10, 2025/04/27, 23:36:44.285, 6275111288624, vstest.console.dll, TestRequestSender.OnExecutionMessageReceived: Received message: {"Version":7,"MessageType":"TestSession.Message","Payload":{"MessageLevel":0,"Message":"[xUnit.net 00:00:00.27]         /_/src/xunit.execution/Extensions/ReflectionAbstractionExtensions.cs(79,0): at ReflectionAbstractionExtensions.DisposeTestClass(ITest test, Object testClass, IMessageBus messageBus, ExecutionTimer timer, CancellationTokenSource cancellationTokenSource)"}}
TpTrace Verbose: 0 : 24848, 10, 2025/04/27, 23:36:44.286, 6275111289138, vstest.console.dll, TestRunRequest:SendTestRunMessage: Starting.
TpTrace Verbose: 0 : 24848, 10, 2025/04/27, 23:36:44.286, 6275111289413, vstest.console.dll, MulticastDelegateUtilities.SafeInvoke: TestRun.LogMessages: Invoking callback 1/1 for Microsoft.VisualStudio.TestPlatform.CommandLine.TestRunResultAggregator., took 0 ms.
TpTrace Information: 0 : 24848, 10, 2025/04/27, 23:36:44.286, 6275111289680, vstest.console.dll, TestRunRequest:SendTestRunMessage: Completed.
TpTrace Verbose: 0 : 24848, 10, 2025/04/27, 23:36:44.286, 6275111289826, vstest.console.dll, MulticastDelegateUtilities.SafeInvoke: LengthPrefixCommunicationChannel: MessageReceived: Invoking callback 1/1 for Microsoft.VisualStudio.TestPlatform.CommunicationUtilities.TestRequestSender+<>c__DisplayClass34_0., took 0 ms.
TpTrace Verbose: 0 : 24848, 10, 2025/04/27, 23:36:44.286, 6275111289992, vstest.console.dll, TcpClientExtensions.MessageLoopAsync: Polling on remoteEndPoint: 127.0.0.1:52988 localEndPoint: 127.0.0.1:52987 after 0 ms
TpTrace Verbose: 0 : 24848, 4, 2025/04/27, 23:36:44.286, 6275111289950, vstest.console.dll, MulticastDelegateUtilities.SafeInvoke: InternalTestLoggerEvents.SendTestRunMessage: Invoking callback 1/2 for Microsoft.VisualStudio.TestPlatform.Extensions.HtmlLogger.HtmlLogger., took 0 ms.
TpTrace Verbose: 0 : 24848, 4, 2025/04/27, 23:36:44.286, 6275111291000, vstest.console.dll, MulticastDelegateUtilities.SafeInvoke: InternalTestLoggerEvents.SendTestRunMessage: Invoking callback 2/2 for Microsoft.VisualStudio.TestPlatform.CommandLine.Internal.MSBuildLogger., took 0 ms.
TpTrace Verbose: 0 : 24848, 10, 2025/04/27, 23:36:44.358, 6275112011925, vstest.console.dll, TcpClientExtensions.MessageLoopAsync: NotifyDataAvailable remoteEndPoint: 127.0.0.1:52988 localEndPoint: 127.0.0.1:52987
TpTrace Verbose: 0 : 24848, 10, 2025/04/27, 23:36:44.358, 6275112016591, vstest.console.dll, TestRequestSender.OnExecutionMessageReceived: Received message: {"Version":7,"MessageType":"TestExecution.StatsChange","Payload":{"NewTestResults":[{"TestCase":{"Id":"c83c71a8-fd7e-d5f9-791e-7737c6e24b76","FullyQualifiedName":"ems_back.Tests.UnitTest1.Test1","DisplayName":"ems_back.Tests.UnitTest1.Test1","ExecutorUri":"executor://xunit/VsTestRunner3/netcore/","Source":"C:\\Users\\meist\\Source\\Repos\\ems-back\\ems-back.Tests\\bin\\Debug\\net8.0\\ems-back.Tests.dll","CodeFilePath":null,"LineNumber":0,"Properties":[{"Key":{"Id":"TestCase.ManagedType","Label":"ManagedType","Category":"","Description":"","Attributes":1,"ValueType":"System.String"},"Value":"ems_back.Tests.UnitTest1"},{"Key":{"Id":"XunitTestCaseExplicit","Label":"xUnit.net Test Case Explicit Flag","Category":"","Description":"","Attributes":0,"ValueType":"System.Boolean"},"Value":false},{"Key":{"Id":"TestCase.ManagedMethod","Label":"ManagedMethod","Category":"","Description":"","Attributes":1,"ValueType":"System.String"},"Value":"Test1"},{"Key":{"Id":"XunitTestCaseUniqueID","Label":"xUnit.net Test Case Unique ID","Category":"","Description":"","Attributes":0,"ValueType":"System.String"},"Value":"d0a9b2c201dd1becddba075d431659f52365bfdd"}]},"Attachments":[],"Outcome":1,"ErrorMessage":null,"ErrorStackTrace":null,"DisplayName":"ems_back.Tests.UnitTest1.Test1","Messages":[],"ComputerName":"MEISTERPC","Duration":"00:00:00.0018994","StartTime":"2025-04-27T21:36:44.1179812+00:00","EndTime":"2025-04-27T21:36:44.1263205+00:00","Properties":[]},{"TestCase":{"Id":"ae34194a-2d6c-ba9f-efa4-8542e9e20c9f","FullyQualifiedName":"ems_back.Tests.Services.EventServiceTests.CreateEventAsync_ValidData_ReturnsEvent","DisplayName":"ems_back.Tests.Services.EventServiceTests.CreateEventAsync_ValidData_ReturnsEvent","ExecutorUri":"executor://xunit/VsTestRunner3/netcore/","Source":"C:\\Users\\meist\\Source\\Repos\\ems-back\\ems-back.Tests\\bin\\Debug\\net8.0\\ems-back.Tests.dll","CodeFilePath":null,"LineNumber":0,"Properties":[{"Key":{"Id":"TestCase.ManagedType","Label":"ManagedType","Category":"","Description":"","Attributes":1,"ValueType":"System.String"},"Value":"ems_back.Tests.Services.EventServiceTests"},{"Key":{"Id":"XunitTestCaseExplicit","Label":"xUnit.net Test Case Explicit Flag","Category":"","Description":"","Attributes":0,"ValueType":"System.Boolean"},"Value":false},{"Key":{"Id":"TestCase.ManagedMethod","Label":"ManagedMethod","Category":"","Description":"","Attributes":1,"ValueType":"System.String"},"Value":"CreateEventAsync_ValidData_ReturnsEvent"},{"Key":{"Id":"XunitTestCaseUniqueID","Label":"xUnit.net Test Case Unique ID","Category":"","Description":"","Attributes":0,"ValueType":"System.String"},"Value":"0701d81a306466009caad26fede156ca2ea27a4d"}]},"Attachments":[],"Outcome":1,"ErrorMessage":null,"ErrorStackTrace":null,"DisplayName":"ems_back.Tests.Services.EventServiceTests.CreateEventAsync_ValidData_ReturnsEvent","Messages":[{"Category":"StdOutMsgs","Text":"Report generated at: C:\\Users\\meist\\Source\\Repos\\ems-back\\ems-back.Tests\\bin\\Debug\\net8.0\\TestResults\\report.html\r\n"}],"ComputerName":"MEISTERPC","Duration":"00:00:00.0668280","StartTime":"2025-04-27T21:36:44.1190523+00:00","EndTime":"2025-04-27T21:36:44.1887052+00:00","Properties":[]},{"TestCase":{"Id":"ed8ee41f-4937-1919-0b86-39c91d51f517","FullyQualifiedName":"ems_back.Tests.Services.UserServiceTests.CreateUserAsync_ValidData_ReturnsUser","DisplayName":"ems_back.Tests.Services.UserServiceTests.CreateUserAsync_ValidData_ReturnsUser","ExecutorUri":"executor://xunit/VsTestRunner3/netcore/","Source":"C:\\Users\\meist\\Source\\Repos\\ems-back\\ems-back.Tests\\bin\\Debug\\net8.0\\ems-back.Tests.dll","CodeFilePath":null,"LineNumber":0,"Properties":[{"Key":{"Id":"TestCase.ManagedType","Label":"ManagedType","Category":"","Description":"","Attributes":1,"ValueType":"System.String"},"Value":"ems_back.Tests.Services.UserServiceTests"},{"Key":{"Id":"XunitTestCaseExplicit","Label":"xUnit.net Test Case Explicit Flag","Category":"","Description":"","Attributes":0,"ValueType":"System.Boolean"},"Value":false},{"Key":{"Id":"TestCase.ManagedMethod","Label":"ManagedMethod","Category":"","Description":"","Attributes":1,"ValueType":"System.String"},"Value":"CreateUserAsync_ValidData_ReturnsUser"},{"Key":{"Id":"XunitTestCaseUniqueID","Label":"xUnit.net Test Case Unique ID","Category":"","Description":"","Attributes":0,"ValueType":"System.String"},"Value":"f53ceee53cad2ae1f0c9b36d5f10dcfc1e391b4b"}]},"Attachments":[],"Outcome":2,"ErrorMessage":"System.ArgumentException : Can not instantiate proxy of class: Microsoft.AspNetCore.Identity.SignInManager`1[[ems_back.Repo.Models.User, ems_back.Repo, Version=1.0.0.0, Culture=neutral, PublicKeyToken=null]].\r\nCould not find a parameterless constructor. (Parameter 'constructorArguments')\r\n---- System.MissingMethodException : Constructor on type 'Castle.Proxies.SignInManager`1Proxy' not found.","ErrorStackTrace":"   at Castle.DynamicProxy.ProxyGenerator.CreateClassProxyInstance(Type proxyType, List`1 proxyArguments, Type classToProxy, Object[] constructorArguments)\r\n   at Castle.DynamicProxy.ProxyGenerator.CreateClassProxy(Type classToProxy, Type[] additionalInterfacesToProxy, ProxyGenerationOptions options, Object[] constructorArguments, IInterceptor[] interceptors)\r\n   at Moq.CastleProxyFactory.CreateProxy(Type mockType, IInterceptor interceptor, Type[] interfaces, Object[] arguments) in /_/src/Moq/Interception/CastleProxyFactory.cs:line 62\r\n   at Moq.Mock`1.InitializeInstance() in /_/src/Moq/Mock`1.cs:line 309\r\n   at Moq.Mock`1.OnGetObject() in /_/src/Moq/Mock`1.cs:line 323\r\n   at Moq.Mock.get_Object() in /_/src/Moq/Mock.cs:line 181\r\n   at Moq.Mock`1.get_Object() in /_/src/Moq/Mock`1.cs:line 281\r\n   at Moq.Mock.Of[T](MockBehavior behavior) in /_/src/Moq/Linq/Mock.cs:line 41\r\n   at Moq.Mock.Of[T]() in /_/src/Moq/Linq/Mock.cs:line 19\r\n   at ems_back.Tests.Services.UserServiceTests..ctor(ITestOutputHelper output) in C:\\Users\\meist\\Source\\Repos\\ems-back\\ems-back.Tests\\Services\\UserServiceTests.cs:line 31\r\n   at System.RuntimeMethodHandle.InvokeMethod(Object target, Void** arguments, Signature sig, Boolean isConstructor)\r\n   at System.Reflection.MethodBaseInvoker.InvokeDirectByRefWithFewArgs(Object obj, Span`1 copyOfArgs, BindingFlags invokeAttr)\r\n----- Inner Stack Trace -----\r\n   at System.RuntimeType.CreateInstanceImpl(BindingFlags bindingAttr, Binder binder, Object[] args, CultureInfo culture)\r\n   at Castle.DynamicProxy.ProxyGenerator.CreateClassProxyInstance(Type proxyType, List`1 proxyArguments, Type classToProxy, Object[] constructorArguments)","DisplayName":"ems_back.Tests.Services.UserServiceTests.CreateUserAsync_ValidData_ReturnsUser","Messages":[],"ComputerName":"MEISTERPC","Duration":"00:00:00.0010000","StartTime":"2025-04-27T21:36:44.1190737+00:00","EndTime":"2025-04-27T21:36:44.221914+00:00","Properties":[]},{"TestCase":{"Id":"7c8e493c-9b7f-343b-9448-66c9ec046fb8","FullyQualifiedName":"ems_back.Tests.Services.AuthServiceTests.LoginAsync_WrongPassword_ReturnsFailure","DisplayName":"ems_back.Tests.Services.AuthServiceTests.LoginAsync_WrongPassword_ReturnsFailure","ExecutorUri":"executor://xunit/VsTestRunner3/netcore/","Source":"C:\\Users\\meist\\Source\\Repos\\ems-back\\ems-back.Tests\\bin\\Debug\\net8.0\\ems-back.Tests.dll","CodeFilePath":null,"LineNumber":0,"Properties":[{"Key":{"Id":"TestCase.ManagedType","Label":"ManagedType","Category":"","Description":"","Attributes":1,"ValueType":"System.String"},"Value":"ems_back.Tests.Services.AuthServiceTests"},{"Key":{"Id":"XunitTestCaseExplicit","Label":"xUnit.net Test Case Explicit Flag","Category":"","Description":"","Attributes":0,"ValueType":"System.Boolean"},"Value":false},{"Key":{"Id":"TestCase.ManagedMethod","Label":"ManagedMethod","Category":"","Description":"","Attributes":1,"ValueType":"System.String"},"Value":"LoginAsync_WrongPassword_ReturnsFailure"},{"Key":{"Id":"XunitTestCaseUniqueID","Label":"xUnit.net Test Case Unique ID","Category":"","Description":"","Attributes":0,"ValueType":"System.String"},"Value":"65de8fba9926f7fd28d1780eadbea8941c67c874"}]},"Attachments":[],"Outcome":1,"ErrorMessage":null,"ErrorStackTrace":null,"DisplayName":"ems_back.Tests.Services.AuthServiceTests.LoginAsync_WrongPassword_ReturnsFailure","Messages":[{"Category":"StdOutMsgs","Text":"Report generated at: C:\\Users\\meist\\Source\\Repos\\ems-back\\ems-back.Tests\\bin\\Debug\\net8.0\\TestResults\\report.html\r\n"}],"ComputerName":"MEISTERPC","Duration":"00:00:00.1281357","StartTime":"2025-04-27T21:36:44.1190014+00:00","EndTime":"2025-04-27T21:36:44.2494734+00:00","Properties":[]},{"TestCase":{"Id":"ec590c83-fe79-1ce1-6ded-f315335202e5","FullyQualifiedName":"ems_back.Tests.Services.EventServiceTests.GetByIdAsync_ExistingEvent_ReturnsEvent","DisplayName":"ems_back.Tests.Services.EventServiceTests.GetByIdAsync_ExistingEvent_ReturnsEvent","ExecutorUri":"executor://xunit/VsTestRunner3/netcore/","Source":"C:\\Users\\meist\\Source\\Repos\\ems-back\\ems-back.Tests\\bin\\Debug\\net8.0\\ems-back.Tests.dll","CodeFilePath":null,"LineNumber":0,"Properties":[{"Key":{"Id":"TestCase.ManagedType","Label":"ManagedType","Category":"","Description":"","Attributes":1,"ValueType":"System.String"},"Value":"ems_back.Tests.Services.EventServiceTests"},{"Key":{"Id":"XunitTestCaseExplicit","Label":"xUnit.net Test Case Explicit Flag","Category":"","Description":"","Attributes":0,"ValueType":"System.Boolean"},"Value":false},{"Key":{"Id":"TestCase.ManagedMethod","Label":"ManagedMethod","Category":"","Description":"","Attributes":1,"ValueType":"System.String"},"Value":"GetByIdAsync_ExistingEvent_ReturnsEvent"},{"Key":{"Id":"XunitTestCaseUniqueID","Label":"xUnit.net Test Case Unique ID","Category":"","Description":"","Attributes":0,"ValueType":"System.String"},"Value":"187510d7651ffbc54abb6e81bff830237d7d6c52"}]},"Attachments":[],"Outcome":2,"ErrorMessage":"System.IO.IOException : The process cannot access the file 'C:\\Users\\meist\\Source\\Repos\\ems-back\\ems-back.Tests\\bin\\Debug\\net8.0\\TestResults\\report.html' because it is being used by another process.","ErrorStackTrace":"   at Microsoft.Win32.SafeHandles.SafeFileHandle.CreateFile(String fullPath, FileMode mode, FileAccess access, FileShare share, FileOptions options)\r\n   at Microsoft.Win32.SafeHandles.SafeFileHandle.Open(String fullPath, FileMode mode, FileAccess access, FileShare share, FileOptions options, Int64 preallocationSize, Nullable`1 unixCreateMode)\r\n   at System.IO.File.OpenHandle(String path, FileMode mode, FileAccess access, FileShare share, FileOptions options, Int64 preallocationSize)\r\n   at System.IO.File.WriteToFile(String path, FileMode mode, String contents, Encoding encoding)\r\n   at ems_back.Tests.Utilities.TestReportGenerator.Dispose() in C:\\Users\\meist\\Source\\Repos\\ems-back\\ems-back.Tests\\TestsResults\\TestReportGenerator.cs:line 92\r\n   at ems_back.Tests.Services.EventServiceTests.Dispose() in C:\\Users\\meist\\Source\\Repos\\ems-back\\ems-back.Tests\\Services\\EventServiceTests.cs:line 170\r\n   at ReflectionAbstractionExtensions.DisposeTestClass(ITest test, Object testClass, IMessageBus messageBus, ExecutionTimer timer, CancellationTokenSource cancellationTokenSource) in /_/src/xunit.execution/Extensions/ReflectionAbstractionExtensions.cs:line 79","DisplayName":"ems_back.Tests.Services.EventServiceTests.GetByIdAsync_ExistingEvent_ReturnsEvent","Messages":[],"ComputerName":"MEISTERPC","Duration":"00:00:00.0610728","StartTime":"2025-04-27T21:36:44.1895364+00:00","EndTime":"2025-04-27T21:36:44.250585+00:00","Properties":[]},{"TestCase":{"Id":"f2b5dbb2-e6ca-b9be-17db-d46e92c9bc85","FullyQualifiedName":"ems_back.Tests.Services.EventServiceTests.UpdateEventStatusAsync_ValidData_UpdatesStatus","DisplayName":"ems_back.Tests.Services.EventServiceTests.UpdateEventStatusAsync_ValidData_UpdatesStatus","ExecutorUri":"executor://xunit/VsTestRunner3/netcore/","Source":"C:\\Users\\meist\\Source\\Repos\\ems-back\\ems-back.Tests\\bin\\Debug\\net8.0\\ems-back.Tests.dll","CodeFilePath":null,"LineNumber":0,"Properties":[{"Key":{"Id":"TestCase.ManagedType","Label":"ManagedType","Category":"","Description":"","Attributes":1,"ValueType":"System.String"},"Value":"ems_back.Tests.Services.EventServiceTests"},{"Key":{"Id":"XunitTestCaseExplicit","Label":"xUnit.net Test Case Explicit Flag","Category":"","Description":"","Attributes":0,"ValueType":"System.Boolean"},"Value":false},{"Key":{"Id":"TestCase.ManagedMethod","Label":"ManagedMethod","Category":"","Description":"","Attributes":1,"ValueType":"System.String"},"Value":"UpdateEventStatusAsync_ValidData_UpdatesStatus"},{"Key":{"Id":"XunitTestCaseUniqueID","Label":"xUnit.net Test Case Unique ID","Category":"","Description":"","Attributes":0,"ValueType":"System.String"},"Value":"e893be2641ab9a4f380c98c14d871be90542eaa5"}]},"Attachments":[],"Outcome":1,"ErrorMessage":null,"ErrorStackTrace":null,"DisplayName":"ems_back.Tests.Services.EventServiceTests.UpdateEventStatusAsync_ValidData_UpdatesStatus","Messages":[{"Category":"StdOutMsgs","Text":"Report generated at: C:\\Users\\meist\\Source\\Repos\\ems-back\\ems-back.Tests\\bin\\Debug\\net8.0\\TestResults\\report.html\r\n"}],"ComputerName":"MEISTERPC","Duration":"00:00:00.0310011","StartTime":"2025-04-27T21:36:44.2529196+00:00","EndTime":"2025-04-27T21:36:44.2819108+00:00","Properties":[]},{"TestCase":{"Id":"467abf57-4455-efaf-4efb-c4a3f2e5759f","FullyQualifiedName":"ems_back.Tests.Services.AuthServiceTests.LoginAsync_InvalidEmail_ReturnsFailure","DisplayName":"ems_back.Tests.Services.AuthServiceTests.LoginAsync_InvalidEmail_ReturnsFailure","ExecutorUri":"executor://xunit/VsTestRunner3/netcore/","Source":"C:\\Users\\meist\\Source\\Repos\\ems-back\\ems-back.Tests\\bin\\Debug\\net8.0\\ems-back.Tests.dll","CodeFilePath":null,"LineNumber":0,"Properties":[{"Key":{"Id":"TestCase.ManagedType","Label":"ManagedType","Category":"","Description":"","Attributes":1,"ValueType":"System.String"},"Value":"ems_back.Tests.Services.AuthServiceTests"},{"Key":{"Id":"XunitTestCaseExplicit","Label":"xUnit.net Test Case Explicit Flag","Category":"","Description":"","Attributes":0,"ValueType":"System.Boolean"},"Value":false},{"Key":{"Id":"TestCase.ManagedMethod","Label":"ManagedMethod","Category":"","Description":"","Attributes":1,"ValueType":"System.String"},"Value":"LoginAsync_InvalidEmail_ReturnsFailure"},{"Key":{"Id":"XunitTestCaseUniqueID","Label":"xUnit.net Test Case Unique ID","Category":"","Description":"","Attributes":0,"ValueType":"System.String"},"Value":"94b6a3a2ff4f70fcd8cc718b306a6b62b3122e74"}]},"Attachments":[],"Outcome":2,"ErrorMessage":"System.IO.IOException : The process cannot access the file 'C:\\Users\\meist\\Source\\Repos\\ems-back\\ems-back.Tests\\bin\\Debug\\net8.0\\TestResults\\report.html' because it is being used by another process.","ErrorStackTrace":"   at Microsoft.Win32.SafeHandles.SafeFileHandle.CreateFile(String fullPath, FileMode mode, FileAccess access, FileShare share, FileOptions options)\r\n   at Microsoft.Win32.SafeHandles.SafeFileHandle.Open(String fullPath, FileMode mode, FileAccess access, FileShare share, FileOptions options, Int64 preallocationSize, Nullable`1 unixCreateMode)\r\n   at System.IO.File.OpenHandle(String path, FileMode mode, FileAccess access, FileShare share, FileOptions options, Int64 preallocationSize)\r\n   at System.IO.File.WriteToFile(String path, FileMode mode, String contents, Encoding encoding)\r\n   at ems_back.Tests.Utilities.TestReportGenerator.Dispose() in C:\\Users\\meist\\Source\\Repos\\ems-back\\ems-back.Tests\\TestsResults\\TestReportGenerator.cs:line 92\r\n   at ems_back.Tests.Services.AuthServiceTests.Dispose() in C:\\Users\\meist\\Source\\Repos\\ems-back\\ems-back.Tests\\Services\\AuthServiceTests.cs:line 101\r\n   at ReflectionAbstractionExtensions.DisposeTestClass(ITest test, Object testClass, IMessageBus messageBus, ExecutionTimer timer, CancellationTokenSource cancellationTokenSource) in /_/src/xunit.execution/Extensions/ReflectionAbstractionExtensions.cs:line 79","DisplayName":"ems_back.Tests.Services.AuthServiceTests.LoginAsync_InvalidEmail_ReturnsFailure","Messages":[],"ComputerName":"MEISTERPC","Duration":"00:00:00.0323194","StartTime":"2025-04-27T21:36:44.2499387+00:00","EndTime":"2025-04-27T21:36:44.2822794+00:00","Properties":[]},{"TestCase":{"Id":"f58fa702-59fe-ca33-1493-e8f12bc279b4","FullyQualifiedName":"ems_back.Tests.Services.AuthServiceTests.LoginAsync_ValidCredentials_ReturnsSuccess","DisplayName":"ems_back.Tests.Services.AuthServiceTests.LoginAsync_ValidCredentials_ReturnsSuccess","ExecutorUri":"executor://xunit/VsTestRunner3/netcore/","Source":"C:\\Users\\meist\\Source\\Repos\\ems-back\\ems-back.Tests\\bin\\Debug\\net8.0\\ems-back.Tests.dll","CodeFilePath":null,"LineNumber":0,"Properties":[{"Key":{"Id":"TestCase.ManagedType","Label":"ManagedType","Category":"","Description":"","Attributes":1,"ValueType":"System.String"},"Value":"ems_back.Tests.Services.AuthServiceTests"},{"Key":{"Id":"XunitTestCaseExplicit","Label":"xUnit.net Test Case Explicit Flag","Category":"","Description":"","Attributes":0,"ValueType":"System.Boolean"},"Value":false},{"Key":{"Id":"TestCase.ManagedMethod","Label":"ManagedMethod","Category":"","Description":"","Attributes":1,"ValueType":"System.String"},"Value":"LoginAsync_ValidCredentials_ReturnsSuccess"},{"Key":{"Id":"XunitTestCaseUniqueID","Label":"xUnit.net Test Case Unique ID","Category":"","Description":"","Attributes":0,"ValueType":"System.String"},"Value":"cb01b1addf35bc2a3bfc57faee5559151b87968c"}]},"Attachments":[],"Outcome":1,"ErrorMessage":null,"ErrorStackTrace":null,"DisplayName":"ems_back.Tests.Services.AuthServiceTests.LoginAsync_ValidCredentials_ReturnsSuccess","Messages":[{"Category":"StdOutMsgs","Text":"Report generated at: C:\\Users\\meist\\Source\\Repos\\ems-back\\ems-back.Tests\\bin\\Debug\\net8.0\\TestResults\\report.html\r\n"}],"ComputerName":"MEISTERPC","Duration":"00:00:00.0277042","StartTime":"2025-04-27T21:36:44.2841183+00:00","EndTime":"2025-04-27T21:36:44.3099694+00:00","Properties":[]},{"TestCase":{"Id":"1e41d0f6-fbf5-e615-05b1-305d69621d93","FullyQualifiedName":"ems_back.Tests.Services.AuthServiceTests.RegisterAsync_DuplicateEmail_ReturnsError","DisplayName":"ems_back.Tests.Services.AuthServiceTests.RegisterAsync_DuplicateEmail_ReturnsError","ExecutorUri":"executor://xunit/VsTestRunner3/netcore/","Source":"C:\\Users\\meist\\Source\\Repos\\ems-back\\ems-back.Tests\\bin\\Debug\\net8.0\\ems-back.Tests.dll","CodeFilePath":null,"LineNumber":0,"Properties":[{"Key":{"Id":"TestCase.ManagedType","Label":"ManagedType","Category":"","Description":"","Attributes":1,"ValueType":"System.String"},"Value":"ems_back.Tests.Services.AuthServiceTests"},{"Key":{"Id":"XunitTestCaseExplicit","Label":"xUnit.net Test Case Explicit Flag","Category":"","Description":"","Attributes":0,"ValueType":"System.Boolean"},"Value":false},{"Key":{"Id":"TestCase.ManagedMethod","Label":"ManagedMethod","Category":"","Description":"","Attributes":1,"ValueType":"System.String"},"Value":"RegisterAsync_DuplicateEmail_ReturnsError"},{"Key":{"Id":"XunitTestCaseUniqueID","Label":"xUnit.net Test Case Unique ID","Category":"","Description":"","Attributes":0,"ValueType":"System.String"},"Value":"e2268fed3b425c66c11720840a9b9c191f204837"}]},"Attachments":[],"Outcome":1,"ErrorMessage":null,"ErrorStackTrace":null,"DisplayName":"ems_back.Tests.Services.AuthServiceTests.RegisterAsync_DuplicateEmail_ReturnsError","Messages":[{"Category":"StdOutMsgs","Text":"Report generated at: C:\\Users\\meist\\Source\\Repos\\ems-back\\ems-back.Tests\\bin\\Debug\\net8.0\\TestResults\\report.html\r\n"}],"ComputerName":"MEISTERPC","Duration":"00:00:00.0182018","StartTime":"2025-04-27T21:36:44.3102774+00:00","EndTime":"2025-04-27T21:36:44.3282267+00:00","Properties":[]}],"TestRunStatistics":{"ExecutedTests":9,"Stats":{"Passed":6,"Failed":3}},"ActiveTests":[{"Id":"ebfb79d7-f4c8-8c85-ce42-772673793ff6","FullyQualifiedName":"ems_back.Tests.Services.AuthServiceTests.RegisterAsync_ValidData_CreatesUser","DisplayName":"ems_back.Tests.Services.AuthServiceTests.RegisterAsync_ValidData_CreatesUser","ExecutorUri":"executor://xunit/VsTestRunner3/netcore/","Source":"C:\\Users\\meist\\Source\\Repos\\ems-back\\ems-back.Tests\\bin\\Debug\\net8.0\\ems-back.Tests.dll","CodeFilePath":null,"LineNumber":0,"Properties":[{"Key":{"Id":"TestCase.ManagedType","Label":"ManagedType","Category":"","Description":"","Attributes":1,"ValueType":"System.String"},"Value":"ems_back.Tests.Services.AuthServiceTests"},{"Key":{"Id":"XunitTestCaseExplicit","Label":"xUnit.net Test Case Explicit Flag","Category":"","Description":"","Attributes":0,"ValueType":"System.Boolean"},"Value":false},{"Key":{"Id":"TestCase.ManagedMethod","Label":"ManagedMethod","Category":"","Description":"","Attributes":1,"ValueType":"System.String"},"Value":"RegisterAsync_ValidData_CreatesUser"},{"Key":{"Id":"XunitTestCaseUniqueID","Label":"xUnit.net Test Case Unique ID","Category":"","Description":"","Attributes":0,"ValueType":"System.String"},"Value":"f04bb94e6c4d97e8a98317afd445245c429b3301"}]}]}}
TpTrace Verbose: 0 : 24848, 10, 2025/04/27, 23:36:44.379, 6275112219787, vstest.console.dll, TestRunRequest:SendTestRunStatsChange: Starting.
TpTrace Verbose: 0 : 24848, 10, 2025/04/27, 23:36:44.379, 6275112221707, vstest.console.dll, InProgress is ems_back.Tests.Services.AuthServiceTests.RegisterAsync_ValidData_CreatesUser
TpTrace Verbose: 0 : 24848, 10, 2025/04/27, 23:36:44.379, 6275112223877, vstest.console.dll, MulticastDelegateUtilities.SafeInvoke: TestRun.RunStatsChanged: Invoking callbacks was skipped because there are no subscribers.
TpTrace Information: 0 : 24848, 10, 2025/04/27, 23:36:44.379, 6275112224257, vstest.console.dll, TestRunRequest:SendTestRunStatsChange: Completed.
TpTrace Verbose: 0 : 24848, 10, 2025/04/27, 23:36:44.379, 6275112224592, vstest.console.dll, MulticastDelegateUtilities.SafeInvoke: LengthPrefixCommunicationChannel: MessageReceived: Invoking callback 1/1 for Microsoft.VisualStudio.TestPlatform.CommunicationUtilities.TestRequestSender+<>c__DisplayClass34_0., took 20 ms.
TpTrace Verbose: 0 : 24848, 10, 2025/04/27, 23:36:44.379, 6275112224816, vstest.console.dll, TcpClientExtensions.MessageLoopAsync: Polling on remoteEndPoint: 127.0.0.1:52988 localEndPoint: 127.0.0.1:52987 after 93 ms
TpTrace Verbose: 0 : 24848, 10, 2025/04/27, 23:36:44.379, 6275112225297, vstest.console.dll, TcpClientExtensions.MessageLoopAsync: NotifyDataAvailable remoteEndPoint: 127.0.0.1:52988 localEndPoint: 127.0.0.1:52987
TpTrace Verbose: 0 : 24848, 10, 2025/04/27, 23:36:44.379, 6275112225671, vstest.console.dll, TestRequestSender.OnExecutionMessageReceived: Received message: {"Version":7,"MessageType":"TestSession.Message","Payload":{"MessageLevel":0,"Message":"[xUnit.net 00:00:00.35]   Finished:    ems-back.Tests"}}
TpTrace Verbose: 0 : 24848, 10, 2025/04/27, 23:36:44.379, 6275112226165, vstest.console.dll, TestRunRequest:SendTestRunMessage: Starting.
TpTrace Verbose: 0 : 24848, 10, 2025/04/27, 23:36:44.379, 6275112226360, vstest.console.dll, MulticastDelegateUtilities.SafeInvoke: TestRun.LogMessages: Invoking callback 1/1 for Microsoft.VisualStudio.TestPlatform.CommandLine.TestRunResultAggregator., took 0 ms.
TpTrace Information: 0 : 24848, 10, 2025/04/27, 23:36:44.379, 6275112226561, vstest.console.dll, TestRunRequest:SendTestRunMessage: Completed.
TpTrace Verbose: 0 : 24848, 10, 2025/04/27, 23:36:44.379, 6275112226839, vstest.console.dll, MulticastDelegateUtilities.SafeInvoke: LengthPrefixCommunicationChannel: MessageReceived: Invoking callback 1/1 for Microsoft.VisualStudio.TestPlatform.CommunicationUtilities.TestRequestSender+<>c__DisplayClass34_0., took 0 ms.
TpTrace Verbose: 0 : 24848, 10, 2025/04/27, 23:36:44.379, 6275112227130, vstest.console.dll, TcpClientExtensions.MessageLoopAsync: Polling on remoteEndPoint: 127.0.0.1:52988 localEndPoint: 127.0.0.1:52987 after 0 ms
TpTrace Verbose: 0 : 24848, 10, 2025/04/27, 23:36:44.379, 6275112227476, vstest.console.dll, TcpClientExtensions.MessageLoopAsync: NotifyDataAvailable remoteEndPoint: 127.0.0.1:52988 localEndPoint: 127.0.0.1:52987
TpTrace Verbose: 0 : 24848, 10, 2025/04/27, 23:36:44.379, 6275112228082, vstest.console.dll, TestRequestSender.OnExecutionMessageReceived: Received message: {"Version":7,"MessageType":"TestExecution.Completed","Payload":{"TestRunCompleteArgs":{"TestRunStatistics":{"ExecutedTests":10,"Stats":{"Passed":7,"Failed":3}},"IsCanceled":false,"IsAborted":false,"Error":null,"AttachmentSets":[],"InvokedDataCollectors":[],"ElapsedTimeInRunningTests":"00:00:00.3666457","Metrics":{},"DiscoveredExtensions":{"TestDiscoverers":["Xunit.Runner.VisualStudio.VsTestRunner, xunit.runner.visualstudio.testadapter, Version=3.0.2.0, Culture=neutral, PublicKeyToken=null"],"TestExecutors":["executor://xunit/VsTestRunner3/netcore/"],"TestExecutors2":[],"TestSettingsProviders":[]}},"LastRunTests":{"NewTestResults":[{"TestCase":{"Id":"ebfb79d7-f4c8-8c85-ce42-772673793ff6","FullyQualifiedName":"ems_back.Tests.Services.AuthServiceTests.RegisterAsync_ValidData_CreatesUser","DisplayName":"ems_back.Tests.Services.AuthServiceTests.RegisterAsync_ValidData_CreatesUser","ExecutorUri":"executor://xunit/VsTestRunner3/netcore/","Source":"C:\\Users\\meist\\Source\\Repos\\ems-back\\ems-back.Tests\\bin\\Debug\\net8.0\\ems-back.Tests.dll","CodeFilePath":null,"LineNumber":0,"Properties":[{"Key":{"Id":"TestCase.ManagedType","Label":"ManagedType","Category":"","Description":"","Attributes":1,"ValueType":"System.String"},"Value":"ems_back.Tests.Services.AuthServiceTests"},{"Key":{"Id":"XunitTestCaseExplicit","Label":"xUnit.net Test Case Explicit Flag","Category":"","Description":"","Attributes":0,"ValueType":"System.Boolean"},"Value":false},{"Key":{"Id":"TestCase.ManagedMethod","Label":"ManagedMethod","Category":"","Description":"","Attributes":1,"ValueType":"System.String"},"Value":"RegisterAsync_ValidData_CreatesUser"},{"Key":{"Id":"XunitTestCaseUniqueID","Label":"xUnit.net Test Case Unique ID","Category":"","Description":"","Attributes":0,"ValueType":"System.String"},"Value":"f04bb94e6c4d97e8a98317afd445245c429b3301"}]},"Attachments":[],"Outcome":1,"ErrorMessage":null,"ErrorStackTrace":null,"DisplayName":"ems_back.Tests.Services.AuthServiceTests.RegisterAsync_ValidData_CreatesUser","Messages":[{"Category":"StdOutMsgs","Text":"Report generated at: C:\\Users\\meist\\Source\\Repos\\ems-back\\ems-back.Tests\\bin\\Debug\\net8.0\\TestResults\\report.html\r\n"}],"ComputerName":"MEISTERPC","Duration":"00:00:00.0328469","StartTime":"2025-04-27T21:36:44.3585427+00:00","EndTime":"2025-04-27T21:36:44.3612564+00:00","Properties":[]}],"TestRunStatistics":{"ExecutedTests":10,"Stats":{"Passed":7,"Failed":3}},"ActiveTests":[]},"RunAttachments":[],"ExecutorUris":["executor://xunit/VsTestRunner3/netcore/"]}}
TpTrace Verbose: 0 : 24848, 10, 2025/04/27, 23:36:44.379, 6275112228673, vstest.console.dll, TestRequestSender.EndSession: Sending end session.
TpTrace Verbose: 0 : 24848, 10, 2025/04/27, 23:36:44.380, 6275112230675, vstest.console.dll, ProxyOperationManager.Close: waiting for test host to exit for 100 ms
TpTrace Verbose: 0 : 24848, 4, 2025/04/27, 23:36:44.381, 6275112242131, vstest.console.dll, MulticastDelegateUtilities.SafeInvoke: InternalTestLoggerEvents.SendTestResult: Invoking callback 1/2 for Microsoft.VisualStudio.TestPlatform.Extensions.HtmlLogger.HtmlLogger., took 1 ms.
TpTrace Verbose: 0 : 24848, 4, 2025/04/27, 23:36:44.381, 6275112246765, vstest.console.dll, MulticastDelegateUtilities.SafeInvoke: InternalTestLoggerEvents.SendTestResult: Invoking callback 2/2 for Microsoft.VisualStudio.TestPlatform.CommandLine.Internal.MSBuildLogger., took 0 ms.
TpTrace Verbose: 0 : 24848, 4, 2025/04/27, 23:36:44.382, 6275112248833, vstest.console.dll, MulticastDelegateUtilities.SafeInvoke: InternalTestLoggerEvents.SendTestResult: Invoking callback 1/2 for Microsoft.VisualStudio.TestPlatform.Extensions.HtmlLogger.HtmlLogger., took 0 ms.
TpTrace Verbose: 0 : 24848, 4, 2025/04/27, 23:36:44.382, 6275112249335, vstest.console.dll, MulticastDelegateUtilities.SafeInvoke: InternalTestLoggerEvents.SendTestResult: Invoking callback 2/2 for Microsoft.VisualStudio.TestPlatform.CommandLine.Internal.MSBuildLogger., took 0 ms.
TpTrace Verbose: 0 : 24848, 4, 2025/04/27, 23:36:44.382, 6275112249746, vstest.console.dll, MulticastDelegateUtilities.SafeInvoke: InternalTestLoggerEvents.SendTestResult: Invoking callback 1/2 for Microsoft.VisualStudio.TestPlatform.Extensions.HtmlLogger.HtmlLogger., took 0 ms.
TpTrace Verbose: 0 : 24848, 4, 2025/04/27, 23:36:44.392, 6275112350705, vstest.console.dll, MulticastDelegateUtilities.SafeInvoke: InternalTestLoggerEvents.SendTestResult: Invoking callback 2/2 for Microsoft.VisualStudio.TestPlatform.CommandLine.Internal.MSBuildLogger., took 10 ms.
TpTrace Verbose: 0 : 24848, 4, 2025/04/27, 23:36:44.392, 6275112352149, vstest.console.dll, MulticastDelegateUtilities.SafeInvoke: InternalTestLoggerEvents.SendTestResult: Invoking callback 1/2 for Microsoft.VisualStudio.TestPlatform.Extensions.HtmlLogger.HtmlLogger., took 0 ms.
TpTrace Verbose: 0 : 24848, 4, 2025/04/27, 23:36:44.392, 6275112352387, vstest.console.dll, MulticastDelegateUtilities.SafeInvoke: InternalTestLoggerEvents.SendTestResult: Invoking callback 2/2 for Microsoft.VisualStudio.TestPlatform.CommandLine.Internal.MSBuildLogger., took 0 ms.
TpTrace Verbose: 0 : 24848, 4, 2025/04/27, 23:36:44.392, 6275112352564, vstest.console.dll, MulticastDelegateUtilities.SafeInvoke: InternalTestLoggerEvents.SendTestResult: Invoking callback 1/2 for Microsoft.VisualStudio.TestPlatform.Extensions.HtmlLogger.HtmlLogger., took 0 ms.
TpTrace Verbose: 0 : 24848, 4, 2025/04/27, 23:36:44.392, 6275112353577, vstest.console.dll, MulticastDelegateUtilities.SafeInvoke: InternalTestLoggerEvents.SendTestResult: Invoking callback 2/2 for Microsoft.VisualStudio.TestPlatform.CommandLine.Internal.MSBuildLogger., took 0 ms.
TpTrace Verbose: 0 : 24848, 4, 2025/04/27, 23:36:44.392, 6275112353917, vstest.console.dll, MulticastDelegateUtilities.SafeInvoke: InternalTestLoggerEvents.SendTestResult: Invoking callback 1/2 for Microsoft.VisualStudio.TestPlatform.Extensions.HtmlLogger.HtmlLogger., took 0 ms.
TpTrace Verbose: 0 : 24848, 4, 2025/04/27, 23:36:44.392, 6275112354061, vstest.console.dll, MulticastDelegateUtilities.SafeInvoke: InternalTestLoggerEvents.SendTestResult: Invoking callback 2/2 for Microsoft.VisualStudio.TestPlatform.CommandLine.Internal.MSBuildLogger., took 0 ms.
TpTrace Verbose: 0 : 24848, 4, 2025/04/27, 23:36:44.392, 6275112354254, vstest.console.dll, MulticastDelegateUtilities.SafeInvoke: InternalTestLoggerEvents.SendTestResult: Invoking callback 1/2 for Microsoft.VisualStudio.TestPlatform.Extensions.HtmlLogger.HtmlLogger., took 0 ms.
TpTrace Verbose: 0 : 24848, 4, 2025/04/27, 23:36:44.392, 6275112355093, vstest.console.dll, MulticastDelegateUtilities.SafeInvoke: InternalTestLoggerEvents.SendTestResult: Invoking callback 2/2 for Microsoft.VisualStudio.TestPlatform.CommandLine.Internal.MSBuildLogger., took 0 ms.
TpTrace Verbose: 0 : 24848, 4, 2025/04/27, 23:36:44.392, 6275112355522, vstest.console.dll, MulticastDelegateUtilities.SafeInvoke: InternalTestLoggerEvents.SendTestResult: Invoking callback 1/2 for Microsoft.VisualStudio.TestPlatform.Extensions.HtmlLogger.HtmlLogger., took 0 ms.
TpTrace Verbose: 0 : 24848, 4, 2025/04/27, 23:36:44.392, 6275112355670, vstest.console.dll, MulticastDelegateUtilities.SafeInvoke: InternalTestLoggerEvents.SendTestResult: Invoking callback 2/2 for Microsoft.VisualStudio.TestPlatform.CommandLine.Internal.MSBuildLogger., took 0 ms.
TpTrace Verbose: 0 : 24848, 4, 2025/04/27, 23:36:44.392, 6275112356002, vstest.console.dll, MulticastDelegateUtilities.SafeInvoke: InternalTestLoggerEvents.SendTestResult: Invoking callback 1/2 for Microsoft.VisualStudio.TestPlatform.Extensions.HtmlLogger.HtmlLogger., took 0 ms.
TpTrace Verbose: 0 : 24848, 4, 2025/04/27, 23:36:44.392, 6275112356196, vstest.console.dll, MulticastDelegateUtilities.SafeInvoke: InternalTestLoggerEvents.SendTestResult: Invoking callback 2/2 for Microsoft.VisualStudio.TestPlatform.CommandLine.Internal.MSBuildLogger., took 0 ms.
TpTrace Verbose: 0 : 24848, 4, 2025/04/27, 23:36:44.392, 6275112356387, vstest.console.dll, MulticastDelegateUtilities.SafeInvoke: InternalTestLoggerEvents.SendTestRunMessage: Invoking callback 1/2 for Microsoft.VisualStudio.TestPlatform.Extensions.HtmlLogger.HtmlLogger., took 0 ms.
TpTrace Verbose: 0 : 24848, 4, 2025/04/27, 23:36:44.392, 6275112356729, vstest.console.dll, MulticastDelegateUtilities.SafeInvoke: InternalTestLoggerEvents.SendTestRunMessage: Invoking callback 2/2 for Microsoft.VisualStudio.TestPlatform.CommandLine.Internal.MSBuildLogger., took 0 ms.
TpTrace Verbose: 0 : 24848, 13, 2025/04/27, 23:36:44.415, 6275112580872, vstest.console.dll, TestHostManagerCallbacks.StandardOutputReceivedCallback Test host standard output line: 
TpTrace Warning: 0 : 24848, 12, 2025/04/27, 23:36:44.415, 6275112580943, vstest.console.dll, TestHostManagerCallbacks.ErrorReceivedCallback Test host standard error line: 
TpTrace Verbose: 0 : 24848, 13, 2025/04/27, 23:36:44.425, 6275112680694, vstest.console.dll, TestHostProvider.ExitCallBack: Host exited starting callback.
TpTrace Information: 0 : 24848, 13, 2025/04/27, 23:36:44.425, 6275112681723, vstest.console.dll, TestHostManagerCallbacks.ExitCallBack: Testhost processId: 29036 exited with exitcode: 0 error: ''
TpTrace Verbose: 0 : 24848, 13, 2025/04/27, 23:36:44.425, 6275112681927, vstest.console.dll, DotnetTestHostManager.OnHostExited: invoking OnHostExited callback
TpTrace Verbose: 0 : 24848, 13, 2025/04/27, 23:36:44.425, 6275112683580, vstest.console.dll, CrossPlatEngine.TestHostManagerHostExited: calling on client process exit callback.
TpTrace Information: 0 : 24848, 13, 2025/04/27, 23:36:44.425, 6275112684084, vstest.console.dll, TestRequestSender.OnClientProcessExit: Test host process exited. Standard error: 
TpTrace Information: 0 : 24848, 13, 2025/04/27, 23:36:44.425, 6275112684423, vstest.console.dll, SocketServer.Stop: Stop server endPoint: 127.0.0.1:52987
TpTrace Information: 0 : 24848, 13, 2025/04/27, 23:36:44.425, 6275112684550, vstest.console.dll, SocketServer.Stop: Cancellation requested. Stopping message loop.
TpTrace Information: 0 : 24848, 10, 2025/04/27, 23:36:44.425, 6275112684695, vstest.console.dll, SocketServer.Stop: Stop server endPoint: 127.0.0.1:52987
TpTrace Information: 0 : 24848, 10, 2025/04/27, 23:36:44.425, 6275112685185, vstest.console.dll, SocketServer.Stop: Cancellation requested. Stopping message loop.
TpTrace Verbose: 0 : 24848, 13, 2025/04/27, 23:36:44.425, 6275112685335, vstest.console.dll, MulticastDelegateUtilities.SafeInvoke: HostProviderEvents.OnHostExited: Invoking callback 1/1 for Microsoft.VisualStudio.TestPlatform.CrossPlatEngine.Client.ProxyOperationManager., took 0 ms.
TpTrace Information: 0 : 24848, 10, 2025/04/27, 23:36:44.425, 6275112685413, vstest.console.dll, Closing the connection
TpTrace Verbose: 0 : 24848, 10, 2025/04/27, 23:36:44.433, 6275112761903, vstest.console.dll, ParallelRunEventsHandler.HandleTestRunComplete: Handling a run completion, this can be either one part of parallel run completing, or the whole parallel run completing.
TpTrace Verbose: 0 : 24848, 10, 2025/04/27, 23:36:44.440, 6275112836089, vstest.console.dll, TestRunRequest:SendTestRunStatsChange: Starting.
TpTrace Verbose: 0 : 24848, 10, 2025/04/27, 23:36:44.440, 6275112837010, vstest.console.dll, MulticastDelegateUtilities.SafeInvoke: TestRun.RunStatsChanged: Invoking callbacks was skipped because there are no subscribers.
TpTrace Information: 0 : 24848, 10, 2025/04/27, 23:36:44.440, 6275112837298, vstest.console.dll, TestRunRequest:SendTestRunStatsChange: Completed.
TpTrace Verbose: 0 : 24848, 4, 2025/04/27, 23:36:44.440, 6275112837756, vstest.console.dll, MulticastDelegateUtilities.SafeInvoke: InternalTestLoggerEvents.SendTestResult: Invoking callback 1/2 for Microsoft.VisualStudio.TestPlatform.Extensions.HtmlLogger.HtmlLogger., took 0 ms.
TpTrace Verbose: 0 : 24848, 4, 2025/04/27, 23:36:44.440, 6275112838336, vstest.console.dll, MulticastDelegateUtilities.SafeInvoke: InternalTestLoggerEvents.SendTestResult: Invoking callback 2/2 for Microsoft.VisualStudio.TestPlatform.CommandLine.Internal.MSBuildLogger., took 0 ms.
TpTrace Verbose: 0 : 24848, 10, 2025/04/27, 23:36:44.441, 6275112840658, vstest.console.dll, ParallelProxyExecutionManager: HandlePartialRunComplete: Total workloads = 1, Total started clients = 1 Total completed clients = 1, Run complete = True, Run canceled: False.
TpTrace Verbose: 0 : 24848, 10, 2025/04/27, 23:36:44.441, 6275112840949, vstest.console.dll, ParallelProxyExecutionManager: HandlePartialRunComplete: All runs completed stopping all managers.
TpTrace Verbose: 0 : 24848, 10, 2025/04/27, 23:36:44.441, 6275112841132, vstest.console.dll, ParallelOperationManager.StopAllManagers: Stopping all managers.
TpTrace Verbose: 0 : 24848, 10, 2025/04/27, 23:36:44.441, 6275112841265, vstest.console.dll, ParallelOperationManager.ClearSlots: Clearing all slots. Slots should accept more work: False
TpTrace Verbose: 0 : 24848, 10, 2025/04/27, 23:36:44.441, 6275112841448, vstest.console.dll, ParallelOperationManager.SetOccupiedSlotCount: Setting slot counts AvailableSlotCount = 1, OccupiedSlotCount = 0.
TpTrace Verbose: 0 : 24848, 10, 2025/04/27, 23:36:44.441, 6275112841600, vstest.console.dll, Occupied slots:

TpTrace Verbose: 0 : 24848, 10, 2025/04/27, 23:36:44.441, 6275112841779, vstest.console.dll, ParallelRunEventsHandler.HandleTestRunComplete: Whole parallel run completed.
TpTrace Information: 0 : 24848, 4, 2025/04/27, 23:36:44.526, 6275113698065, vstest.console.dll, Html test results file : C:\Users\meist\Source\Repos\ems-back\ems-back.Tests\TestResults\report.html
TpTrace Verbose: 0 : 24848, 4, 2025/04/27, 23:36:44.527, 6275113699707, vstest.console.dll, MulticastDelegateUtilities.SafeInvoke: InternalTestLoggerEvents.SendTestRunComplete: Invoking callback 1/2 for Microsoft.VisualStudio.TestPlatform.Extensions.HtmlLogger.HtmlLogger., took 83 ms.
TpTrace Verbose: 0 : 24848, 4, 2025/04/27, 23:36:44.531, 6275113740290, vstest.console.dll, MulticastDelegateUtilities.SafeInvoke: InternalTestLoggerEvents.SendTestRunComplete: Invoking callback 2/2 for Microsoft.VisualStudio.TestPlatform.CommandLine.Internal.MSBuildLogger., took 4 ms.
TpTrace Verbose: 0 : 24848, 10, 2025/04/27, 23:36:44.531, 6275113743406, vstest.console.dll, TestRunRequest:TestRunComplete: Starting. IsAborted:False IsCanceled:False.
TpTrace Verbose: 0 : 24848, 10, 2025/04/27, 23:36:44.531, 6275113744594, vstest.console.dll, ParallelOperationManager.DoActionOnAllManagers: Calling an action on all managers.
TpTrace Verbose: 0 : 24848, 10, 2025/04/27, 23:36:44.532, 6275113754148, vstest.console.dll, TestLoggerManager.HandleTestRunComplete: Ignoring as the object is disposed.
TpTrace Verbose: 0 : 24848, 10, 2025/04/27, 23:36:44.532, 6275113754861, vstest.console.dll, MulticastDelegateUtilities.SafeInvoke: TestRun.TestRunComplete: Invoking callback 1/2 for Microsoft.VisualStudio.TestPlatform.CommandLine.TestRunResultAggregator., took 0 ms.
TpTrace Verbose: 0 : 24848, 10, 2025/04/27, 23:36:44.532, 6275113755536, vstest.console.dll, MulticastDelegateUtilities.SafeInvoke: TestRun.TestRunComplete: Invoking callback 2/2 for Microsoft.VisualStudio.TestPlatform.CommandLine.Processors.RunTestsArgumentExecutor+TestRunRequestEventsRegistrar., took 0 ms.
TpTrace Information: 0 : 24848, 10, 2025/04/27, 23:36:44.532, 6275113756118, vstest.console.dll, TestRunRequest:TestRunComplete: Completed.
TpTrace Verbose: 0 : 24848, 10, 2025/04/27, 23:36:44.532, 6275113756393, vstest.console.dll, TestRequestSender.SetOperationComplete: Setting operation complete.
TpTrace Information: 0 : 24848, 10, 2025/04/27, 23:36:44.532, 6275113756604, vstest.console.dll, SocketServer.Stop: Stop server endPoint: 127.0.0.1:52987
TpTrace Verbose: 0 : 24848, 1, 2025/04/27, 23:36:44.532, 6275113756583, vstest.console.dll, TestRunRequest.Dispose: Starting.
TpTrace Information: 0 : 24848, 10, 2025/04/27, 23:36:44.532, 6275113756717, vstest.console.dll, SocketServer.Stop: Cancellation requested. Stopping message loop.
TpTrace Information: 0 : 24848, 1, 2025/04/27, 23:36:44.532, 6275113757242, vstest.console.dll, TestRunRequest.Dispose: Completed.
TpTrace Verbose: 0 : 24848, 10, 2025/04/27, 23:36:44.532, 6275113757873, vstest.console.dll, MulticastDelegateUtilities.SafeInvoke: LengthPrefixCommunicationChannel: MessageReceived: Invoking callback 1/1 for Microsoft.VisualStudio.TestPlatform.CommunicationUtilities.TestRequestSender+<>c__DisplayClass34_0., took 152 ms.
TpTrace Information: 0 : 24848, 1, 2025/04/27, 23:36:44.532, 6275113758114, vstest.console.dll, TestRequestManager.RunTests: run tests completed.
TpTrace Information: 0 : 24848, 10, 2025/04/27, 23:36:44.532, 6275113758267, vstest.console.dll, SocketServer.PrivateStop: Stopping server endPoint: 127.0.0.1:52987 error: 
TpTrace Information: 0 : 24848, 1, 2025/04/27, 23:36:44.532, 6275113758612, vstest.console.dll, RunTestsArgumentProcessor:Execute: Test run is completed.
TpTrace Verbose: 0 : 24848, 1, 2025/04/27, 23:36:44.533, 6275113759832, vstest.console.dll, Executor.Execute: Exiting with exit code of 1
TpTrace Verbose: 0 : 24848, 10, 2025/04/27, 23:36:44.533, 6275113761292, vstest.console.dll, LengthPrefixCommunicationChannel.Dispose: Dispose reader and writer.
TpTrace Information: 0 : 24848, 10, 2025/04/27, 23:36:44.533, 6275113761841, vstest.console.dll, SocketServer.Stop: Raise disconnected event endPoint: 127.0.0.1:52987 error: 
TpTrace Verbose: 0 : 24848, 10, 2025/04/27, 23:36:44.533, 6275113762557, vstest.console.dll, TestRequestSender: OnTestRunAbort: Operation is already complete. Skip error message.
TpTrace Verbose: 0 : 24848, 10, 2025/04/27, 23:36:44.533, 6275113762720, vstest.console.dll, MulticastDelegateUtilities.SafeInvoke: SocketServer: ClientDisconnected: Invoking callback 1/1 for Microsoft.VisualStudio.TestPlatform.CommunicationUtilities.TestRequestSender., took 0 ms.
TpTrace Verbose: 0 : 24848, 10, 2025/04/27, 23:36:44.533, 6275113762859, vstest.console.dll, TcpClientExtensions.MessageLoopAsync: exiting MessageLoopAsync remoteEndPoint: 127.0.0.1:52988 localEndPoint: 127.0.0.1:52987
